2021-03-25 19:42:50,392 INFO org.springframework.boot.StartupInfoLogger [restartedMain] Starting DoeMaisApplication on Jarvis with PID 13540 (C:\Users\leoka\Desktop\Doe+\Git Novo\ifsp-projeto-integrado-backend\target\classes started by leoka in C:\Users\leoka\Desktop\Doe+\Git Novo\ifsp-projeto-integrado-backend)
2021-03-25 19:42:50,394 DEBUG org.springframework.boot.StartupInfoLogger [restartedMain] Running with Spring Boot v2.3.1.RELEASE, Spring v5.2.7.RELEASE
2021-03-25 19:42:50,394 INFO org.springframework.boot.SpringApplication [restartedMain] No active profile set, falling back to default profiles: default
2021-03-25 19:42:55,799 INFO org.springframework.boot.StartupInfoLogger [restartedMain] Started DoeMaisApplication in 5.68 seconds (JVM running for 7.635)
2021-03-25 19:43:28,061 INFO org.springframework.boot.StartupInfoLogger [restartedMain] Starting DoeMaisApplication on Jarvis with PID 13540 (C:\Users\leoka\Desktop\Doe+\Git Novo\ifsp-projeto-integrado-backend\target\classes started by leoka in C:\Users\leoka\Desktop\Doe+\Git Novo\ifsp-projeto-integrado-backend)
2021-03-25 19:43:28,062 DEBUG org.springframework.boot.StartupInfoLogger [restartedMain] Running with Spring Boot v2.3.1.RELEASE, Spring v5.2.7.RELEASE
2021-03-25 19:43:28,062 INFO org.springframework.boot.SpringApplication [restartedMain] No active profile set, falling back to default profiles: default
2021-03-25 19:43:29,308 INFO org.springframework.boot.StartupInfoLogger [restartedMain] Started DoeMaisApplication in 1.275 seconds (JVM running for 41.144)
2021-03-25 19:43:36,877 INFO org.springframework.boot.StartupInfoLogger [restartedMain] Starting DoeMaisApplication on Jarvis with PID 13540 (C:\Users\leoka\Desktop\Doe+\Git Novo\ifsp-projeto-integrado-backend\target\classes started by leoka in C:\Users\leoka\Desktop\Doe+\Git Novo\ifsp-projeto-integrado-backend)
2021-03-25 19:43:36,877 DEBUG org.springframework.boot.StartupInfoLogger [restartedMain] Running with Spring Boot v2.3.1.RELEASE, Spring v5.2.7.RELEASE
2021-03-25 19:43:36,877 INFO org.springframework.boot.SpringApplication [restartedMain] No active profile set, falling back to default profiles: default
2021-03-25 19:43:37,966 INFO org.springframework.boot.StartupInfoLogger [restartedMain] Started DoeMaisApplication in 1.118 seconds (JVM running for 49.802)
2021-03-25 19:43:47,566 INFO org.springframework.boot.StartupInfoLogger [restartedMain] Starting DoeMaisApplication on Jarvis with PID 13540 (C:\Users\leoka\Desktop\Doe+\Git Novo\ifsp-projeto-integrado-backend\target\classes started by leoka in C:\Users\leoka\Desktop\Doe+\Git Novo\ifsp-projeto-integrado-backend)
2021-03-25 19:43:47,566 DEBUG org.springframework.boot.StartupInfoLogger [restartedMain] Running with Spring Boot v2.3.1.RELEASE, Spring v5.2.7.RELEASE
2021-03-25 19:43:47,566 INFO org.springframework.boot.SpringApplication [restartedMain] No active profile set, falling back to default profiles: default
2021-03-25 19:43:48,685 INFO org.springframework.boot.StartupInfoLogger [restartedMain] Started DoeMaisApplication in 1.144 seconds (JVM running for 60.52)
2021-03-25 19:51:03,967 INFO org.springframework.boot.StartupInfoLogger [restartedMain] Starting DoeMaisApplication on Jarvis with PID 13540 (C:\Users\leoka\Desktop\Doe+\Git Novo\ifsp-projeto-integrado-backend\target\classes started by leoka in C:\Users\leoka\Desktop\Doe+\Git Novo\ifsp-projeto-integrado-backend)
2021-03-25 19:51:03,967 DEBUG org.springframework.boot.StartupInfoLogger [restartedMain] Running with Spring Boot v2.3.1.RELEASE, Spring v5.2.7.RELEASE
2021-03-25 19:51:03,967 INFO org.springframework.boot.SpringApplication [restartedMain] No active profile set, falling back to default profiles: default
2021-03-25 19:51:04,938 INFO org.springframework.boot.StartupInfoLogger [restartedMain] Started DoeMaisApplication in 0.994 seconds (JVM running for 496.773)
2021-03-25 19:52:21,270 INFO org.springframework.boot.StartupInfoLogger [restartedMain] Starting DoeMaisApplication on Jarvis with PID 13540 (C:\Users\leoka\Desktop\Doe+\Git Novo\ifsp-projeto-integrado-backend\target\classes started by leoka in C:\Users\leoka\Desktop\Doe+\Git Novo\ifsp-projeto-integrado-backend)
2021-03-25 19:52:21,270 DEBUG org.springframework.boot.StartupInfoLogger [restartedMain] Running with Spring Boot v2.3.1.RELEASE, Spring v5.2.7.RELEASE
2021-03-25 19:52:21,270 INFO org.springframework.boot.SpringApplication [restartedMain] No active profile set, falling back to default profiles: default
2021-03-25 19:54:51,241 INFO org.springframework.boot.StartupInfoLogger [restartedMain] Starting DoeMaisApplication on Jarvis with PID 13540 (C:\Users\leoka\Desktop\Doe+\Git Novo\ifsp-projeto-integrado-backend\target\classes started by leoka in C:\Users\leoka\Desktop\Doe+\Git Novo\ifsp-projeto-integrado-backend)
2021-03-25 19:54:51,241 DEBUG org.springframework.boot.StartupInfoLogger [restartedMain] Running with Spring Boot v2.3.1.RELEASE, Spring v5.2.7.RELEASE
2021-03-25 19:54:51,241 INFO org.springframework.boot.SpringApplication [restartedMain] No active profile set, falling back to default profiles: default
2021-03-25 19:54:52,601 INFO org.springframework.boot.StartupInfoLogger [restartedMain] Started DoeMaisApplication in 1.38 seconds (JVM running for 724.437)
2021-03-25 20:09:09,079 INFO org.springframework.boot.StartupInfoLogger [restartedMain] Starting DoeMaisApplication on Jarvis with PID 11244 (C:\Users\leoka\Desktop\Doe+\Git Novo\ifsp-projeto-integrado-backend\target\classes started by leoka in C:\Users\leoka\Desktop\Doe+\Git Novo\ifsp-projeto-integrado-backend)
2021-03-25 20:09:09,081 DEBUG org.springframework.boot.StartupInfoLogger [restartedMain] Running with Spring Boot v2.3.1.RELEASE, Spring v5.2.7.RELEASE
2021-03-25 20:09:09,081 INFO org.springframework.boot.SpringApplication [restartedMain] No active profile set, falling back to default profiles: default
2021-03-25 20:09:15,026 INFO org.springframework.boot.StartupInfoLogger [restartedMain] Started DoeMaisApplication in 6.18 seconds (JVM running for 6.626)
2021-03-25 20:11:08,145 INFO org.springframework.boot.StartupInfoLogger [restartedMain] Starting DoeMaisApplication on Jarvis with PID 11244 (C:\Users\leoka\Desktop\Doe+\Git Novo\ifsp-projeto-integrado-backend\target\classes started by leoka in C:\Users\leoka\Desktop\Doe+\Git Novo\ifsp-projeto-integrado-backend)
2021-03-25 20:11:08,146 DEBUG org.springframework.boot.StartupInfoLogger [restartedMain] Running with Spring Boot v2.3.1.RELEASE, Spring v5.2.7.RELEASE
2021-03-25 20:11:08,146 INFO org.springframework.boot.SpringApplication [restartedMain] No active profile set, falling back to default profiles: default
2021-03-25 20:11:09,627 INFO org.springframework.boot.StartupInfoLogger [restartedMain] Started DoeMaisApplication in 1.512 seconds (JVM running for 121.227)
2021-03-25 20:11:18,094 INFO org.springframework.boot.StartupInfoLogger [restartedMain] Starting DoeMaisApplication on Jarvis with PID 11244 (C:\Users\leoka\Desktop\Doe+\Git Novo\ifsp-projeto-integrado-backend\target\classes started by leoka in C:\Users\leoka\Desktop\Doe+\Git Novo\ifsp-projeto-integrado-backend)
2021-03-25 20:11:18,095 DEBUG org.springframework.boot.StartupInfoLogger [restartedMain] Running with Spring Boot v2.3.1.RELEASE, Spring v5.2.7.RELEASE
2021-03-25 20:11:18,095 INFO org.springframework.boot.SpringApplication [restartedMain] No active profile set, falling back to default profiles: default
2021-03-25 20:11:19,289 INFO org.springframework.boot.StartupInfoLogger [restartedMain] Started DoeMaisApplication in 1.218 seconds (JVM running for 130.888)
2021-03-25 20:12:34,642 INFO org.springframework.boot.StartupInfoLogger [restartedMain] Starting DoeMaisApplication on Jarvis with PID 11244 (C:\Users\leoka\Desktop\Doe+\Git Novo\ifsp-projeto-integrado-backend\target\classes started by leoka in C:\Users\leoka\Desktop\Doe+\Git Novo\ifsp-projeto-integrado-backend)
2021-03-25 20:12:34,642 DEBUG org.springframework.boot.StartupInfoLogger [restartedMain] Running with Spring Boot v2.3.1.RELEASE, Spring v5.2.7.RELEASE
2021-03-25 20:12:34,642 INFO org.springframework.boot.SpringApplication [restartedMain] No active profile set, falling back to default profiles: default
2021-03-25 20:12:39,142 INFO org.springframework.boot.StartupInfoLogger [restartedMain] Starting DoeMaisApplication on Jarvis with PID 11244 (C:\Users\leoka\Desktop\Doe+\Git Novo\ifsp-projeto-integrado-backend\target\classes started by leoka in C:\Users\leoka\Desktop\Doe+\Git Novo\ifsp-projeto-integrado-backend)
2021-03-25 20:12:39,142 DEBUG org.springframework.boot.StartupInfoLogger [restartedMain] Running with Spring Boot v2.3.1.RELEASE, Spring v5.2.7.RELEASE
2021-03-25 20:12:39,142 INFO org.springframework.boot.SpringApplication [restartedMain] No active profile set, falling back to default profiles: default
2021-03-25 20:13:21,537 INFO org.springframework.boot.StartupInfoLogger [restartedMain] Starting DoeMaisApplication on Jarvis with PID 11244 (C:\Users\leoka\Desktop\Doe+\Git Novo\ifsp-projeto-integrado-backend\target\classes started by leoka in C:\Users\leoka\Desktop\Doe+\Git Novo\ifsp-projeto-integrado-backend)
2021-03-25 20:13:21,538 DEBUG org.springframework.boot.StartupInfoLogger [restartedMain] Running with Spring Boot v2.3.1.RELEASE, Spring v5.2.7.RELEASE
2021-03-25 20:13:21,538 INFO org.springframework.boot.SpringApplication [restartedMain] No active profile set, falling back to default profiles: default
2021-03-25 20:15:38,472 INFO org.springframework.boot.StartupInfoLogger [restartedMain] Starting DoeMaisApplication on Jarvis with PID 11244 (C:\Users\leoka\Desktop\Doe+\Git Novo\ifsp-projeto-integrado-backend\target\classes started by leoka in C:\Users\leoka\Desktop\Doe+\Git Novo\ifsp-projeto-integrado-backend)
2021-03-25 20:15:38,472 DEBUG org.springframework.boot.StartupInfoLogger [restartedMain] Running with Spring Boot v2.3.1.RELEASE, Spring v5.2.7.RELEASE
2021-03-25 20:15:38,472 INFO org.springframework.boot.SpringApplication [restartedMain] No active profile set, falling back to default profiles: default
2021-03-25 20:15:39,474 INFO org.springframework.boot.StartupInfoLogger [restartedMain] Started DoeMaisApplication in 1.024 seconds (JVM running for 391.074)
2021-03-25 20:17:15,279 INFO org.springframework.boot.StartupInfoLogger [restartedMain] Starting DoeMaisApplication on Jarvis with PID 16556 (C:\Users\leoka\Desktop\Doe+\Git Novo\ifsp-projeto-integrado-backend\target\classes started by leoka in C:\Users\leoka\Desktop\Doe+\Git Novo\ifsp-projeto-integrado-backend)
2021-03-25 20:17:15,281 DEBUG org.springframework.boot.StartupInfoLogger [restartedMain] Running with Spring Boot v2.3.1.RELEASE, Spring v5.2.7.RELEASE
2021-03-25 20:17:15,281 INFO org.springframework.boot.SpringApplication [restartedMain] No active profile set, falling back to default profiles: default
2021-03-25 20:17:20,333 INFO org.springframework.boot.StartupInfoLogger [restartedMain] Started DoeMaisApplication in 5.289 seconds (JVM running for 5.731)
2021-03-25 20:18:15,981 INFO org.springframework.boot.StartupInfoLogger [restartedMain] Starting DoeMaisApplication on Jarvis with PID 17304 (C:\Users\leoka\Desktop\Doe+\Git Novo\ifsp-projeto-integrado-backend\target\classes started by leoka in C:\Users\leoka\Desktop\Doe+\Git Novo\ifsp-projeto-integrado-backend)
2021-03-25 20:18:15,983 DEBUG org.springframework.boot.StartupInfoLogger [restartedMain] Running with Spring Boot v2.3.1.RELEASE, Spring v5.2.7.RELEASE
2021-03-25 20:18:15,983 INFO org.springframework.boot.SpringApplication [restartedMain] No active profile set, falling back to default profiles: default
2021-03-25 20:18:20,761 INFO org.springframework.boot.StartupInfoLogger [restartedMain] Started DoeMaisApplication in 5.008 seconds (JVM running for 5.447)
2021-03-25 20:20:25,076 INFO org.springframework.boot.StartupInfoLogger [restartedMain] Starting DoeMaisApplication on Jarvis with PID 17304 (C:\Users\leoka\Desktop\Doe+\Git Novo\ifsp-projeto-integrado-backend\target\classes started by leoka in C:\Users\leoka\Desktop\Doe+\Git Novo\ifsp-projeto-integrado-backend)
2021-03-25 20:20:25,076 DEBUG org.springframework.boot.StartupInfoLogger [restartedMain] Running with Spring Boot v2.3.1.RELEASE, Spring v5.2.7.RELEASE
2021-03-25 20:20:25,077 INFO org.springframework.boot.SpringApplication [restartedMain] No active profile set, falling back to default profiles: default
2021-03-25 20:20:26,397 INFO org.springframework.boot.StartupInfoLogger [restartedMain] Started DoeMaisApplication in 1.345 seconds (JVM running for 131.082)
2021-03-25 20:20:30,885 INFO org.springframework.boot.StartupInfoLogger [restartedMain] Starting DoeMaisApplication on Jarvis with PID 17304 (C:\Users\leoka\Desktop\Doe+\Git Novo\ifsp-projeto-integrado-backend\target\classes started by leoka in C:\Users\leoka\Desktop\Doe+\Git Novo\ifsp-projeto-integrado-backend)
2021-03-25 20:20:30,886 DEBUG org.springframework.boot.StartupInfoLogger [restartedMain] Running with Spring Boot v2.3.1.RELEASE, Spring v5.2.7.RELEASE
2021-03-25 20:20:30,886 INFO org.springframework.boot.SpringApplication [restartedMain] No active profile set, falling back to default profiles: default
2021-03-25 20:20:32,033 INFO org.springframework.boot.StartupInfoLogger [restartedMain] Started DoeMaisApplication in 1.173 seconds (JVM running for 136.719)
2021-03-25 20:23:52,815 INFO org.springframework.boot.StartupInfoLogger [restartedMain] Starting DoeMaisApplication on Jarvis with PID 17304 (C:\Users\leoka\Desktop\Doe+\Git Novo\ifsp-projeto-integrado-backend\target\classes started by leoka in C:\Users\leoka\Desktop\Doe+\Git Novo\ifsp-projeto-integrado-backend)
2021-03-25 20:23:52,816 DEBUG org.springframework.boot.StartupInfoLogger [restartedMain] Running with Spring Boot v2.3.1.RELEASE, Spring v5.2.7.RELEASE
2021-03-25 20:23:52,816 INFO org.springframework.boot.SpringApplication [restartedMain] No active profile set, falling back to default profiles: default
2021-03-25 20:23:53,879 INFO org.springframework.boot.StartupInfoLogger [restartedMain] Started DoeMaisApplication in 1.087 seconds (JVM running for 338.566)
2021-03-25 20:24:12,560 INFO org.springframework.boot.StartupInfoLogger [restartedMain] Starting DoeMaisApplication on Jarvis with PID 17304 (C:\Users\leoka\Desktop\Doe+\Git Novo\ifsp-projeto-integrado-backend\target\classes started by leoka in C:\Users\leoka\Desktop\Doe+\Git Novo\ifsp-projeto-integrado-backend)
2021-03-25 20:24:12,560 DEBUG org.springframework.boot.StartupInfoLogger [restartedMain] Running with Spring Boot v2.3.1.RELEASE, Spring v5.2.7.RELEASE
2021-03-25 20:24:12,560 INFO org.springframework.boot.SpringApplication [restartedMain] No active profile set, falling back to default profiles: default
2021-03-25 20:24:13,562 INFO org.springframework.boot.StartupInfoLogger [restartedMain] Started DoeMaisApplication in 1.026 seconds (JVM running for 358.248)
2021-03-25 20:24:37,270 INFO org.springframework.boot.StartupInfoLogger [restartedMain] Starting DoeMaisApplication on Jarvis with PID 17304 (C:\Users\leoka\Desktop\Doe+\Git Novo\ifsp-projeto-integrado-backend\target\classes started by leoka in C:\Users\leoka\Desktop\Doe+\Git Novo\ifsp-projeto-integrado-backend)
2021-03-25 20:24:37,270 DEBUG org.springframework.boot.StartupInfoLogger [restartedMain] Running with Spring Boot v2.3.1.RELEASE, Spring v5.2.7.RELEASE
2021-03-25 20:24:37,271 INFO org.springframework.boot.SpringApplication [restartedMain] No active profile set, falling back to default profiles: default
2021-03-25 20:24:38,253 INFO org.springframework.boot.StartupInfoLogger [restartedMain] Started DoeMaisApplication in 1.003 seconds (JVM running for 382.94)
2021-03-25 20:28:51,194 INFO org.springframework.boot.StartupInfoLogger [restartedMain] Starting DoeMaisApplication on Jarvis with PID 17304 (C:\Users\leoka\Desktop\Doe+\Git Novo\ifsp-projeto-integrado-backend\target\classes started by leoka in C:\Users\leoka\Desktop\Doe+\Git Novo\ifsp-projeto-integrado-backend)
2021-03-25 20:28:51,194 DEBUG org.springframework.boot.StartupInfoLogger [restartedMain] Running with Spring Boot v2.3.1.RELEASE, Spring v5.2.7.RELEASE
2021-03-25 20:28:51,195 INFO org.springframework.boot.SpringApplication [restartedMain] No active profile set, falling back to default profiles: default
2021-03-25 20:28:52,153 INFO org.springframework.boot.StartupInfoLogger [restartedMain] Started DoeMaisApplication in 0.981 seconds (JVM running for 636.84)
2021-03-25 20:30:20,720 INFO org.springframework.boot.StartupInfoLogger [restartedMain] Starting DoeMaisApplication on Jarvis with PID 17304 (C:\Users\leoka\Desktop\Doe+\Git Novo\ifsp-projeto-integrado-backend\target\classes started by leoka in C:\Users\leoka\Desktop\Doe+\Git Novo\ifsp-projeto-integrado-backend)
2021-03-25 20:30:20,720 DEBUG org.springframework.boot.StartupInfoLogger [restartedMain] Running with Spring Boot v2.3.1.RELEASE, Spring v5.2.7.RELEASE
2021-03-25 20:30:20,720 INFO org.springframework.boot.SpringApplication [restartedMain] No active profile set, falling back to default profiles: default
2021-03-25 20:30:21,750 INFO org.springframework.boot.StartupInfoLogger [restartedMain] Started DoeMaisApplication in 1.049 seconds (JVM running for 726.436)
2021-03-25 20:32:08,610 INFO org.springframework.boot.StartupInfoLogger [restartedMain] Starting DoeMaisApplication on Jarvis with PID 17304 (C:\Users\leoka\Desktop\Doe+\Git Novo\ifsp-projeto-integrado-backend\target\classes started by leoka in C:\Users\leoka\Desktop\Doe+\Git Novo\ifsp-projeto-integrado-backend)
2021-03-25 20:32:08,610 DEBUG org.springframework.boot.StartupInfoLogger [restartedMain] Running with Spring Boot v2.3.1.RELEASE, Spring v5.2.7.RELEASE
2021-03-25 20:32:08,610 INFO org.springframework.boot.SpringApplication [restartedMain] No active profile set, falling back to default profiles: default
2021-03-25 20:32:09,555 INFO org.springframework.boot.StartupInfoLogger [restartedMain] Started DoeMaisApplication in 0.965 seconds (JVM running for 834.241)
2021-03-25 20:32:58,707 INFO org.springframework.boot.StartupInfoLogger [restartedMain] Starting DoeMaisApplication on Jarvis with PID 17304 (C:\Users\leoka\Desktop\Doe+\Git Novo\ifsp-projeto-integrado-backend\target\classes started by leoka in C:\Users\leoka\Desktop\Doe+\Git Novo\ifsp-projeto-integrado-backend)
2021-03-25 20:32:58,707 DEBUG org.springframework.boot.StartupInfoLogger [restartedMain] Running with Spring Boot v2.3.1.RELEASE, Spring v5.2.7.RELEASE
2021-03-25 20:32:58,708 INFO org.springframework.boot.SpringApplication [restartedMain] No active profile set, falling back to default profiles: default
2021-03-25 20:32:59,634 INFO org.springframework.boot.StartupInfoLogger [restartedMain] Started DoeMaisApplication in 0.946 seconds (JVM running for 884.32)
2021-03-25 20:33:27,558 INFO org.springframework.boot.StartupInfoLogger [restartedMain] Starting DoeMaisApplication on Jarvis with PID 17304 (C:\Users\leoka\Desktop\Doe+\Git Novo\ifsp-projeto-integrado-backend\target\classes started by leoka in C:\Users\leoka\Desktop\Doe+\Git Novo\ifsp-projeto-integrado-backend)
2021-03-25 20:33:27,559 DEBUG org.springframework.boot.StartupInfoLogger [restartedMain] Running with Spring Boot v2.3.1.RELEASE, Spring v5.2.7.RELEASE
2021-03-25 20:33:27,559 INFO org.springframework.boot.SpringApplication [restartedMain] No active profile set, falling back to default profiles: default
2021-03-25 20:33:28,452 INFO org.springframework.boot.StartupInfoLogger [restartedMain] Started DoeMaisApplication in 0.913 seconds (JVM running for 913.139)
2021-03-25 20:34:36,832 INFO org.springframework.boot.StartupInfoLogger [restartedMain] Starting DoeMaisApplication on Jarvis with PID 17304 (C:\Users\leoka\Desktop\Doe+\Git Novo\ifsp-projeto-integrado-backend\target\classes started by leoka in C:\Users\leoka\Desktop\Doe+\Git Novo\ifsp-projeto-integrado-backend)
2021-03-25 20:34:36,832 DEBUG org.springframework.boot.StartupInfoLogger [restartedMain] Running with Spring Boot v2.3.1.RELEASE, Spring v5.2.7.RELEASE
2021-03-25 20:34:36,832 INFO org.springframework.boot.SpringApplication [restartedMain] No active profile set, falling back to default profiles: default
2021-03-25 20:34:37,722 INFO org.springframework.boot.StartupInfoLogger [restartedMain] Started DoeMaisApplication in 0.908 seconds (JVM running for 982.407)
2021-03-25 20:37:21,221 INFO org.springframework.boot.StartupInfoLogger [restartedMain] Starting DoeMaisApplication on Jarvis with PID 17304 (C:\Users\leoka\Desktop\Doe+\Git Novo\ifsp-projeto-integrado-backend\target\classes started by leoka in C:\Users\leoka\Desktop\Doe+\Git Novo\ifsp-projeto-integrado-backend)
2021-03-25 20:37:21,221 DEBUG org.springframework.boot.StartupInfoLogger [restartedMain] Running with Spring Boot v2.3.1.RELEASE, Spring v5.2.7.RELEASE
2021-03-25 20:37:21,221 INFO org.springframework.boot.SpringApplication [restartedMain] No active profile set, falling back to default profiles: default
2021-03-25 20:37:22,172 INFO org.springframework.boot.StartupInfoLogger [restartedMain] Started DoeMaisApplication in 0.97 seconds (JVM running for 1146.859)
2021-03-25 20:37:24,773 INFO org.springframework.boot.StartupInfoLogger [restartedMain] Starting DoeMaisApplication on Jarvis with PID 17304 (C:\Users\leoka\Desktop\Doe+\Git Novo\ifsp-projeto-integrado-backend\target\classes started by leoka in C:\Users\leoka\Desktop\Doe+\Git Novo\ifsp-projeto-integrado-backend)
2021-03-25 20:37:24,773 DEBUG org.springframework.boot.StartupInfoLogger [restartedMain] Running with Spring Boot v2.3.1.RELEASE, Spring v5.2.7.RELEASE
2021-03-25 20:37:24,773 INFO org.springframework.boot.SpringApplication [restartedMain] No active profile set, falling back to default profiles: default
2021-03-25 20:37:25,649 INFO org.springframework.boot.StartupInfoLogger [restartedMain] Started DoeMaisApplication in 0.894 seconds (JVM running for 1150.336)
2021-03-25 20:37:39,431 INFO org.springframework.boot.StartupInfoLogger [restartedMain] Starting DoeMaisApplication on Jarvis with PID 17304 (C:\Users\leoka\Desktop\Doe+\Git Novo\ifsp-projeto-integrado-backend\target\classes started by leoka in C:\Users\leoka\Desktop\Doe+\Git Novo\ifsp-projeto-integrado-backend)
2021-03-25 20:37:39,431 DEBUG org.springframework.boot.StartupInfoLogger [restartedMain] Running with Spring Boot v2.3.1.RELEASE, Spring v5.2.7.RELEASE
2021-03-25 20:37:39,432 INFO org.springframework.boot.SpringApplication [restartedMain] No active profile set, falling back to default profiles: default
2021-03-25 20:37:40,312 INFO org.springframework.boot.StartupInfoLogger [restartedMain] Started DoeMaisApplication in 0.901 seconds (JVM running for 1164.999)
2021-03-25 20:37:57,190 INFO org.springframework.boot.StartupInfoLogger [restartedMain] Starting DoeMaisApplication on Jarvis with PID 17304 (C:\Users\leoka\Desktop\Doe+\Git Novo\ifsp-projeto-integrado-backend\target\classes started by leoka in C:\Users\leoka\Desktop\Doe+\Git Novo\ifsp-projeto-integrado-backend)
2021-03-25 20:37:57,190 DEBUG org.springframework.boot.StartupInfoLogger [restartedMain] Running with Spring Boot v2.3.1.RELEASE, Spring v5.2.7.RELEASE
2021-03-25 20:37:57,191 INFO org.springframework.boot.SpringApplication [restartedMain] No active profile set, falling back to default profiles: default
2021-03-25 20:37:58,080 INFO org.springframework.boot.StartupInfoLogger [restartedMain] Started DoeMaisApplication in 0.91 seconds (JVM running for 1182.766)
2021-03-25 20:38:57,587 INFO org.springframework.boot.StartupInfoLogger [restartedMain] Starting DoeMaisApplication on Jarvis with PID 17304 (C:\Users\leoka\Desktop\Doe+\Git Novo\ifsp-projeto-integrado-backend\target\classes started by leoka in C:\Users\leoka\Desktop\Doe+\Git Novo\ifsp-projeto-integrado-backend)
2021-03-25 20:38:57,587 DEBUG org.springframework.boot.StartupInfoLogger [restartedMain] Running with Spring Boot v2.3.1.RELEASE, Spring v5.2.7.RELEASE
2021-03-25 20:38:57,588 INFO org.springframework.boot.SpringApplication [restartedMain] No active profile set, falling back to default profiles: default
2021-03-25 20:38:58,469 INFO org.springframework.boot.StartupInfoLogger [restartedMain] Started DoeMaisApplication in 0.9 seconds (JVM running for 1243.155)
2021-03-25 20:39:26,376 INFO org.springframework.boot.StartupInfoLogger [restartedMain] Starting DoeMaisApplication on Jarvis with PID 17304 (C:\Users\leoka\Desktop\Doe+\Git Novo\ifsp-projeto-integrado-backend\target\classes started by leoka in C:\Users\leoka\Desktop\Doe+\Git Novo\ifsp-projeto-integrado-backend)
2021-03-25 20:39:26,376 DEBUG org.springframework.boot.StartupInfoLogger [restartedMain] Running with Spring Boot v2.3.1.RELEASE, Spring v5.2.7.RELEASE
2021-03-25 20:39:26,376 INFO org.springframework.boot.SpringApplication [restartedMain] No active profile set, falling back to default profiles: default
2021-03-25 20:39:27,241 INFO org.springframework.boot.StartupInfoLogger [restartedMain] Started DoeMaisApplication in 0.882 seconds (JVM running for 1271.927)
2021-03-25 20:40:05,318 INFO org.springframework.boot.StartupInfoLogger [restartedMain] Starting DoeMaisApplication on Jarvis with PID 17304 (C:\Users\leoka\Desktop\Doe+\Git Novo\ifsp-projeto-integrado-backend\target\classes started by leoka in C:\Users\leoka\Desktop\Doe+\Git Novo\ifsp-projeto-integrado-backend)
2021-03-25 20:40:05,319 DEBUG org.springframework.boot.StartupInfoLogger [restartedMain] Running with Spring Boot v2.3.1.RELEASE, Spring v5.2.7.RELEASE
2021-03-25 20:40:05,319 INFO org.springframework.boot.SpringApplication [restartedMain] No active profile set, falling back to default profiles: default
2021-03-25 20:40:06,204 INFO org.springframework.boot.StartupInfoLogger [restartedMain] Started DoeMaisApplication in 0.903 seconds (JVM running for 1310.89)
2021-03-25 20:41:37,987 INFO org.springframework.boot.StartupInfoLogger [restartedMain] Starting DoeMaisApplication on Jarvis with PID 17304 (C:\Users\leoka\Desktop\Doe+\Git Novo\ifsp-projeto-integrado-backend\target\classes started by leoka in C:\Users\leoka\Desktop\Doe+\Git Novo\ifsp-projeto-integrado-backend)
2021-03-25 20:41:37,987 DEBUG org.springframework.boot.StartupInfoLogger [restartedMain] Running with Spring Boot v2.3.1.RELEASE, Spring v5.2.7.RELEASE
2021-03-25 20:41:37,988 INFO org.springframework.boot.SpringApplication [restartedMain] No active profile set, falling back to default profiles: default
2021-03-25 20:41:38,838 INFO org.springframework.boot.StartupInfoLogger [restartedMain] Started DoeMaisApplication in 0.868 seconds (JVM running for 1403.524)
2021-03-25 20:42:21,974 INFO org.springframework.boot.StartupInfoLogger [restartedMain] Starting DoeMaisApplication on Jarvis with PID 17304 (C:\Users\leoka\Desktop\Doe+\Git Novo\ifsp-projeto-integrado-backend\target\classes started by leoka in C:\Users\leoka\Desktop\Doe+\Git Novo\ifsp-projeto-integrado-backend)
2021-03-25 20:42:21,975 DEBUG org.springframework.boot.StartupInfoLogger [restartedMain] Running with Spring Boot v2.3.1.RELEASE, Spring v5.2.7.RELEASE
2021-03-25 20:42:21,975 INFO org.springframework.boot.SpringApplication [restartedMain] No active profile set, falling back to default profiles: default
2021-03-25 20:42:22,795 INFO org.springframework.boot.StartupInfoLogger [restartedMain] Started DoeMaisApplication in 0.836 seconds (JVM running for 1447.481)
2021-03-25 20:43:11,127 INFO org.springframework.boot.StartupInfoLogger [restartedMain] Starting DoeMaisApplication on Jarvis with PID 17304 (C:\Users\leoka\Desktop\Doe+\Git Novo\ifsp-projeto-integrado-backend\target\classes started by leoka in C:\Users\leoka\Desktop\Doe+\Git Novo\ifsp-projeto-integrado-backend)
2021-03-25 20:43:11,127 DEBUG org.springframework.boot.StartupInfoLogger [restartedMain] Running with Spring Boot v2.3.1.RELEASE, Spring v5.2.7.RELEASE
2021-03-25 20:43:11,128 INFO org.springframework.boot.SpringApplication [restartedMain] No active profile set, falling back to default profiles: default
2021-03-25 20:43:12,018 INFO org.springframework.boot.StartupInfoLogger [restartedMain] Started DoeMaisApplication in 0.908 seconds (JVM running for 1496.705)
2021-03-25 20:45:24,612 INFO org.springframework.boot.StartupInfoLogger [restartedMain] Starting DoeMaisApplication on Jarvis with PID 17304 (C:\Users\leoka\Desktop\Doe+\Git Novo\ifsp-projeto-integrado-backend\target\classes started by leoka in C:\Users\leoka\Desktop\Doe+\Git Novo\ifsp-projeto-integrado-backend)
2021-03-25 20:45:24,613 DEBUG org.springframework.boot.StartupInfoLogger [restartedMain] Running with Spring Boot v2.3.1.RELEASE, Spring v5.2.7.RELEASE
2021-03-25 20:45:24,613 INFO org.springframework.boot.SpringApplication [restartedMain] No active profile set, falling back to default profiles: default
2021-03-25 20:45:25,441 INFO org.springframework.boot.StartupInfoLogger [restartedMain] Started DoeMaisApplication in 0.845 seconds (JVM running for 1630.127)
2021-03-25 20:45:40,330 INFO org.springframework.boot.StartupInfoLogger [restartedMain] Starting DoeMaisApplication on Jarvis with PID 17304 (C:\Users\leoka\Desktop\Doe+\Git Novo\ifsp-projeto-integrado-backend\target\classes started by leoka in C:\Users\leoka\Desktop\Doe+\Git Novo\ifsp-projeto-integrado-backend)
2021-03-25 20:45:40,330 DEBUG org.springframework.boot.StartupInfoLogger [restartedMain] Running with Spring Boot v2.3.1.RELEASE, Spring v5.2.7.RELEASE
2021-03-25 20:45:40,330 INFO org.springframework.boot.SpringApplication [restartedMain] No active profile set, falling back to default profiles: default
2021-03-25 20:45:41,165 INFO org.springframework.boot.StartupInfoLogger [restartedMain] Started DoeMaisApplication in 0.852 seconds (JVM running for 1645.851)
2021-03-25 20:45:54,006 INFO org.springframework.boot.StartupInfoLogger [restartedMain] Starting DoeMaisApplication on Jarvis with PID 17304 (C:\Users\leoka\Desktop\Doe+\Git Novo\ifsp-projeto-integrado-backend\target\classes started by leoka in C:\Users\leoka\Desktop\Doe+\Git Novo\ifsp-projeto-integrado-backend)
2021-03-25 20:45:54,007 DEBUG org.springframework.boot.StartupInfoLogger [restartedMain] Running with Spring Boot v2.3.1.RELEASE, Spring v5.2.7.RELEASE
2021-03-25 20:45:54,007 INFO org.springframework.boot.SpringApplication [restartedMain] No active profile set, falling back to default profiles: default
2021-03-25 20:46:18,576 INFO org.springframework.boot.StartupInfoLogger [restartedMain] Starting DoeMaisApplication on Jarvis with PID 17304 (C:\Users\leoka\Desktop\Doe+\Git Novo\ifsp-projeto-integrado-backend\target\classes started by leoka in C:\Users\leoka\Desktop\Doe+\Git Novo\ifsp-projeto-integrado-backend)
2021-03-25 20:46:18,577 DEBUG org.springframework.boot.StartupInfoLogger [restartedMain] Running with Spring Boot v2.3.1.RELEASE, Spring v5.2.7.RELEASE
2021-03-25 20:46:18,577 INFO org.springframework.boot.SpringApplication [restartedMain] No active profile set, falling back to default profiles: default
2021-03-25 20:46:19,617 INFO org.springframework.boot.StartupInfoLogger [restartedMain] Started DoeMaisApplication in 1.056 seconds (JVM running for 1684.303)
2021-03-25 20:48:24,866 INFO org.springframework.boot.StartupInfoLogger [restartedMain] Starting DoeMaisApplication on Jarvis with PID 17304 (C:\Users\leoka\Desktop\Doe+\Git Novo\ifsp-projeto-integrado-backend\target\classes started by leoka in C:\Users\leoka\Desktop\Doe+\Git Novo\ifsp-projeto-integrado-backend)
2021-03-25 20:48:24,867 DEBUG org.springframework.boot.StartupInfoLogger [restartedMain] Running with Spring Boot v2.3.1.RELEASE, Spring v5.2.7.RELEASE
2021-03-25 20:48:24,867 INFO org.springframework.boot.SpringApplication [restartedMain] No active profile set, falling back to default profiles: default
2021-03-25 20:48:25,781 INFO org.springframework.boot.StartupInfoLogger [restartedMain] Started DoeMaisApplication in 0.933 seconds (JVM running for 1810.468)
2021-03-25 20:55:55,028 INFO org.springframework.boot.StartupInfoLogger [restartedMain] Starting DoeMaisApplication on Jarvis with PID 17304 (C:\Users\leoka\Desktop\Doe+\Git Novo\ifsp-projeto-integrado-backend\target\classes started by leoka in C:\Users\leoka\Desktop\Doe+\Git Novo\ifsp-projeto-integrado-backend)
2021-03-25 20:55:55,029 DEBUG org.springframework.boot.StartupInfoLogger [restartedMain] Running with Spring Boot v2.3.1.RELEASE, Spring v5.2.7.RELEASE
2021-03-25 20:55:55,029 INFO org.springframework.boot.SpringApplication [restartedMain] No active profile set, falling back to default profiles: default
2021-03-25 20:55:55,931 INFO org.springframework.boot.StartupInfoLogger [restartedMain] Started DoeMaisApplication in 0.921 seconds (JVM running for 2260.617)
2021-03-25 22:17:48,053 INFO org.springframework.boot.StartupInfoLogger [restartedMain] Starting DoeMaisApplication on Jarvis with PID 17304 (C:\Users\leoka\Desktop\Doe+\Git Novo\ifsp-projeto-integrado-backend\target\classes started by leoka in C:\Users\leoka\Desktop\Doe+\Git Novo\ifsp-projeto-integrado-backend)
2021-03-25 22:17:48,053 DEBUG org.springframework.boot.StartupInfoLogger [restartedMain] Running with Spring Boot v2.3.1.RELEASE, Spring v5.2.7.RELEASE
2021-03-25 22:17:48,054 INFO org.springframework.boot.SpringApplication [restartedMain] No active profile set, falling back to default profiles: default
2021-03-25 22:17:49,126 INFO org.springframework.boot.StartupInfoLogger [restartedMain] Started DoeMaisApplication in 1.096 seconds (JVM running for 7173.812)
2021-03-25 22:17:50,718 INFO org.springframework.boot.StartupInfoLogger [restartedMain] Starting DoeMaisApplication on Jarvis with PID 17304 (C:\Users\leoka\Desktop\Doe+\Git Novo\ifsp-projeto-integrado-backend\target\classes started by leoka in C:\Users\leoka\Desktop\Doe+\Git Novo\ifsp-projeto-integrado-backend)
2021-03-25 22:17:50,718 DEBUG org.springframework.boot.StartupInfoLogger [restartedMain] Running with Spring Boot v2.3.1.RELEASE, Spring v5.2.7.RELEASE
2021-03-25 22:17:50,719 INFO org.springframework.boot.SpringApplication [restartedMain] No active profile set, falling back to default profiles: default
2021-03-25 22:18:22,195 INFO org.springframework.boot.StartupInfoLogger [restartedMain] Starting DoeMaisApplication on Jarvis with PID 17304 (C:\Users\leoka\Desktop\Doe+\Git Novo\ifsp-projeto-integrado-backend\target\classes started by leoka in C:\Users\leoka\Desktop\Doe+\Git Novo\ifsp-projeto-integrado-backend)
2021-03-25 22:18:22,195 DEBUG org.springframework.boot.StartupInfoLogger [restartedMain] Running with Spring Boot v2.3.1.RELEASE, Spring v5.2.7.RELEASE
2021-03-25 22:18:22,195 INFO org.springframework.boot.SpringApplication [restartedMain] No active profile set, falling back to default profiles: default
2021-03-25 22:18:38,578 INFO org.springframework.boot.StartupInfoLogger [restartedMain] Starting DoeMaisApplication on Jarvis with PID 17304 (C:\Users\leoka\Desktop\Doe+\Git Novo\ifsp-projeto-integrado-backend\target\classes started by leoka in C:\Users\leoka\Desktop\Doe+\Git Novo\ifsp-projeto-integrado-backend)
2021-03-25 22:18:38,579 DEBUG org.springframework.boot.StartupInfoLogger [restartedMain] Running with Spring Boot v2.3.1.RELEASE, Spring v5.2.7.RELEASE
2021-03-25 22:18:38,579 INFO org.springframework.boot.SpringApplication [restartedMain] No active profile set, falling back to default profiles: default
2021-03-25 22:18:39,603 INFO org.springframework.boot.StartupInfoLogger [restartedMain] Started DoeMaisApplication in 1.04 seconds (JVM running for 7224.289)
2021-03-25 22:18:54,281 INFO org.springframework.boot.StartupInfoLogger [restartedMain] Starting DoeMaisApplication on Jarvis with PID 17304 (C:\Users\leoka\Desktop\Doe+\Git Novo\ifsp-projeto-integrado-backend\target\classes started by leoka in C:\Users\leoka\Desktop\Doe+\Git Novo\ifsp-projeto-integrado-backend)
2021-03-25 22:18:54,282 DEBUG org.springframework.boot.StartupInfoLogger [restartedMain] Running with Spring Boot v2.3.1.RELEASE, Spring v5.2.7.RELEASE
2021-03-25 22:18:54,282 INFO org.springframework.boot.SpringApplication [restartedMain] No active profile set, falling back to default profiles: default
2021-03-25 22:18:55,275 INFO org.springframework.boot.StartupInfoLogger [restartedMain] Started DoeMaisApplication in 1.012 seconds (JVM running for 7239.961)
2021-03-25 22:19:36,238 INFO org.springframework.boot.StartupInfoLogger [restartedMain] Starting DoeMaisApplication on Jarvis with PID 17304 (C:\Users\leoka\Desktop\Doe+\Git Novo\ifsp-projeto-integrado-backend\target\classes started by leoka in C:\Users\leoka\Desktop\Doe+\Git Novo\ifsp-projeto-integrado-backend)
2021-03-25 22:19:36,239 DEBUG org.springframework.boot.StartupInfoLogger [restartedMain] Running with Spring Boot v2.3.1.RELEASE, Spring v5.2.7.RELEASE
2021-03-25 22:19:36,239 INFO org.springframework.boot.SpringApplication [restartedMain] No active profile set, falling back to default profiles: default
2021-03-25 22:19:37,183 INFO org.springframework.boot.StartupInfoLogger [restartedMain] Started DoeMaisApplication in 0.961 seconds (JVM running for 7281.869)
2021-03-25 22:21:50,322 INFO org.springframework.boot.StartupInfoLogger [restartedMain] Starting DoeMaisApplication on Jarvis with PID 17304 (C:\Users\leoka\Desktop\Doe+\Git Novo\ifsp-projeto-integrado-backend\target\classes started by leoka in C:\Users\leoka\Desktop\Doe+\Git Novo\ifsp-projeto-integrado-backend)
2021-03-25 22:21:50,323 DEBUG org.springframework.boot.StartupInfoLogger [restartedMain] Running with Spring Boot v2.3.1.RELEASE, Spring v5.2.7.RELEASE
2021-03-25 22:21:50,323 INFO org.springframework.boot.SpringApplication [restartedMain] No active profile set, falling back to default profiles: default
2021-03-25 22:21:51,248 INFO org.springframework.boot.StartupInfoLogger [restartedMain] Started DoeMaisApplication in 0.943 seconds (JVM running for 7415.934)
2021-03-25 22:24:42,804 INFO org.springframework.boot.StartupInfoLogger [restartedMain] Starting DoeMaisApplication on Jarvis with PID 17304 (C:\Users\leoka\Desktop\Doe+\Git Novo\ifsp-projeto-integrado-backend\target\classes started by leoka in C:\Users\leoka\Desktop\Doe+\Git Novo\ifsp-projeto-integrado-backend)
2021-03-25 22:24:42,805 DEBUG org.springframework.boot.StartupInfoLogger [restartedMain] Running with Spring Boot v2.3.1.RELEASE, Spring v5.2.7.RELEASE
2021-03-25 22:24:42,805 INFO org.springframework.boot.SpringApplication [restartedMain] No active profile set, falling back to default profiles: default
2021-03-25 22:24:43,719 INFO org.springframework.boot.StartupInfoLogger [restartedMain] Started DoeMaisApplication in 0.934 seconds (JVM running for 7588.405)
2021-03-25 22:26:41,719 INFO org.springframework.boot.StartupInfoLogger [restartedMain] Starting DoeMaisApplication on Jarvis with PID 4880 (C:\Users\leoka\Desktop\Doe+\Git Novo\ifsp-projeto-integrado-backend\target\classes started by leoka in C:\Users\leoka\Desktop\Doe+\Git Novo\ifsp-projeto-integrado-backend)
2021-03-25 22:26:41,721 DEBUG org.springframework.boot.StartupInfoLogger [restartedMain] Running with Spring Boot v2.3.1.RELEASE, Spring v5.2.7.RELEASE
2021-03-25 22:26:41,721 INFO org.springframework.boot.SpringApplication [restartedMain] No active profile set, falling back to default profiles: default
2021-03-25 22:26:46,490 INFO org.springframework.boot.StartupInfoLogger [restartedMain] Started DoeMaisApplication in 4.997 seconds (JVM running for 5.428)
2021-03-25 22:27:55,131 INFO org.springframework.boot.StartupInfoLogger [restartedMain] Starting DoeMaisApplication on Jarvis with PID 4880 (C:\Users\leoka\Desktop\Doe+\Git Novo\ifsp-projeto-integrado-backend\target\classes started by leoka in C:\Users\leoka\Desktop\Doe+\Git Novo\ifsp-projeto-integrado-backend)
2021-03-25 22:27:55,131 DEBUG org.springframework.boot.StartupInfoLogger [restartedMain] Running with Spring Boot v2.3.1.RELEASE, Spring v5.2.7.RELEASE
2021-03-25 22:27:55,131 INFO org.springframework.boot.SpringApplication [restartedMain] No active profile set, falling back to default profiles: default
2021-03-25 22:27:56,440 INFO org.springframework.boot.StartupInfoLogger [restartedMain] Started DoeMaisApplication in 1.337 seconds (JVM running for 75.377)
2021-03-25 22:28:03,960 INFO org.springframework.boot.StartupInfoLogger [restartedMain] Starting DoeMaisApplication on Jarvis with PID 4880 (C:\Users\leoka\Desktop\Doe+\Git Novo\ifsp-projeto-integrado-backend\target\classes started by leoka in C:\Users\leoka\Desktop\Doe+\Git Novo\ifsp-projeto-integrado-backend)
2021-03-25 22:28:03,960 DEBUG org.springframework.boot.StartupInfoLogger [restartedMain] Running with Spring Boot v2.3.1.RELEASE, Spring v5.2.7.RELEASE
2021-03-25 22:28:03,960 INFO org.springframework.boot.SpringApplication [restartedMain] No active profile set, falling back to default profiles: default
2021-03-25 22:28:05,101 INFO org.springframework.boot.StartupInfoLogger [restartedMain] Started DoeMaisApplication in 1.163 seconds (JVM running for 84.038)
2021-03-25 22:28:15,693 INFO org.springframework.boot.StartupInfoLogger [restartedMain] Starting DoeMaisApplication on Jarvis with PID 4880 (C:\Users\leoka\Desktop\Doe+\Git Novo\ifsp-projeto-integrado-backend\target\classes started by leoka in C:\Users\leoka\Desktop\Doe+\Git Novo\ifsp-projeto-integrado-backend)
2021-03-25 22:28:15,693 DEBUG org.springframework.boot.StartupInfoLogger [restartedMain] Running with Spring Boot v2.3.1.RELEASE, Spring v5.2.7.RELEASE
2021-03-25 22:28:15,693 INFO org.springframework.boot.SpringApplication [restartedMain] No active profile set, falling back to default profiles: default
2021-03-25 22:28:16,769 INFO org.springframework.boot.StartupInfoLogger [restartedMain] Started DoeMaisApplication in 1.099 seconds (JVM running for 95.707)
2021-03-25 22:29:33,188 INFO org.springframework.boot.StartupInfoLogger [restartedMain] Starting DoeMaisApplication on Jarvis with PID 4880 (C:\Users\leoka\Desktop\Doe+\Git Novo\ifsp-projeto-integrado-backend\target\classes started by leoka in C:\Users\leoka\Desktop\Doe+\Git Novo\ifsp-projeto-integrado-backend)
2021-03-25 22:29:33,188 DEBUG org.springframework.boot.StartupInfoLogger [restartedMain] Running with Spring Boot v2.3.1.RELEASE, Spring v5.2.7.RELEASE
2021-03-25 22:29:33,188 INFO org.springframework.boot.SpringApplication [restartedMain] No active profile set, falling back to default profiles: default
2021-03-25 22:29:34,254 INFO org.springframework.boot.StartupInfoLogger [restartedMain] Started DoeMaisApplication in 1.089 seconds (JVM running for 173.191)
2021-03-25 22:30:17,195 INFO org.springframework.boot.StartupInfoLogger [restartedMain] Starting DoeMaisApplication on Jarvis with PID 4880 (C:\Users\leoka\Desktop\Doe+\Git Novo\ifsp-projeto-integrado-backend\target\classes started by leoka in C:\Users\leoka\Desktop\Doe+\Git Novo\ifsp-projeto-integrado-backend)
2021-03-25 22:30:17,195 DEBUG org.springframework.boot.StartupInfoLogger [restartedMain] Running with Spring Boot v2.3.1.RELEASE, Spring v5.2.7.RELEASE
2021-03-25 22:30:17,195 INFO org.springframework.boot.SpringApplication [restartedMain] No active profile set, falling back to default profiles: default
2021-03-25 22:30:18,234 INFO org.springframework.boot.StartupInfoLogger [restartedMain] Started DoeMaisApplication in 1.059 seconds (JVM running for 217.171)
2021-03-25 22:31:38,705 INFO org.springframework.boot.StartupInfoLogger [restartedMain] Starting DoeMaisApplication on Jarvis with PID 4880 (C:\Users\leoka\Desktop\Doe+\Git Novo\ifsp-projeto-integrado-backend\target\classes started by leoka in C:\Users\leoka\Desktop\Doe+\Git Novo\ifsp-projeto-integrado-backend)
2021-03-25 22:31:38,705 DEBUG org.springframework.boot.StartupInfoLogger [restartedMain] Running with Spring Boot v2.3.1.RELEASE, Spring v5.2.7.RELEASE
2021-03-25 22:31:38,705 INFO org.springframework.boot.SpringApplication [restartedMain] No active profile set, falling back to default profiles: default
2021-03-25 22:31:39,660 INFO org.springframework.boot.StartupInfoLogger [restartedMain] Started DoeMaisApplication in 0.977 seconds (JVM running for 298.597)
2021-03-25 22:32:38,903 INFO org.springframework.boot.StartupInfoLogger [restartedMain] Starting DoeMaisApplication on Jarvis with PID 4880 (C:\Users\leoka\Desktop\Doe+\Git Novo\ifsp-projeto-integrado-backend\target\classes started by leoka in C:\Users\leoka\Desktop\Doe+\Git Novo\ifsp-projeto-integrado-backend)
2021-03-25 22:32:38,903 DEBUG org.springframework.boot.StartupInfoLogger [restartedMain] Running with Spring Boot v2.3.1.RELEASE, Spring v5.2.7.RELEASE
2021-03-25 22:32:38,903 INFO org.springframework.boot.SpringApplication [restartedMain] No active profile set, falling back to default profiles: default
2021-03-25 22:33:03,472 INFO org.springframework.boot.StartupInfoLogger [restartedMain] Starting DoeMaisApplication on Jarvis with PID 4880 (C:\Users\leoka\Desktop\Doe+\Git Novo\ifsp-projeto-integrado-backend\target\classes started by leoka in C:\Users\leoka\Desktop\Doe+\Git Novo\ifsp-projeto-integrado-backend)
2021-03-25 22:33:03,472 DEBUG org.springframework.boot.StartupInfoLogger [restartedMain] Running with Spring Boot v2.3.1.RELEASE, Spring v5.2.7.RELEASE
2021-03-25 22:33:03,472 INFO org.springframework.boot.SpringApplication [restartedMain] No active profile set, falling back to default profiles: default
2021-03-25 22:33:04,498 INFO org.springframework.boot.StartupInfoLogger [restartedMain] Started DoeMaisApplication in 1.042 seconds (JVM running for 383.435)
2021-03-25 22:34:12,889 INFO org.springframework.boot.StartupInfoLogger [restartedMain] Starting DoeMaisApplication on Jarvis with PID 4880 (C:\Users\leoka\Desktop\Doe+\Git Novo\ifsp-projeto-integrado-backend\target\classes started by leoka in C:\Users\leoka\Desktop\Doe+\Git Novo\ifsp-projeto-integrado-backend)
2021-03-25 22:34:12,890 DEBUG org.springframework.boot.StartupInfoLogger [restartedMain] Running with Spring Boot v2.3.1.RELEASE, Spring v5.2.7.RELEASE
2021-03-25 22:34:12,890 INFO org.springframework.boot.SpringApplication [restartedMain] No active profile set, falling back to default profiles: default
2021-03-25 22:34:13,809 INFO org.springframework.boot.StartupInfoLogger [restartedMain] Started DoeMaisApplication in 0.939 seconds (JVM running for 452.746)
2021-03-25 22:34:24,482 INFO org.springframework.boot.StartupInfoLogger [restartedMain] Starting DoeMaisApplication on Jarvis with PID 4880 (C:\Users\leoka\Desktop\Doe+\Git Novo\ifsp-projeto-integrado-backend\target\classes started by leoka in C:\Users\leoka\Desktop\Doe+\Git Novo\ifsp-projeto-integrado-backend)
2021-03-25 22:34:24,483 DEBUG org.springframework.boot.StartupInfoLogger [restartedMain] Running with Spring Boot v2.3.1.RELEASE, Spring v5.2.7.RELEASE
2021-03-25 22:34:24,483 INFO org.springframework.boot.SpringApplication [restartedMain] No active profile set, falling back to default profiles: default
2021-03-25 22:34:25,382 INFO org.springframework.boot.StartupInfoLogger [restartedMain] Started DoeMaisApplication in 0.918 seconds (JVM running for 464.319)
2021-03-25 22:34:37,096 INFO org.springframework.boot.StartupInfoLogger [restartedMain] Starting DoeMaisApplication on Jarvis with PID 4880 (C:\Users\leoka\Desktop\Doe+\Git Novo\ifsp-projeto-integrado-backend\target\classes started by leoka in C:\Users\leoka\Desktop\Doe+\Git Novo\ifsp-projeto-integrado-backend)
2021-03-25 22:34:37,097 DEBUG org.springframework.boot.StartupInfoLogger [restartedMain] Running with Spring Boot v2.3.1.RELEASE, Spring v5.2.7.RELEASE
2021-03-25 22:34:37,097 INFO org.springframework.boot.SpringApplication [restartedMain] No active profile set, falling back to default profiles: default
2021-03-25 22:34:37,982 INFO org.springframework.boot.StartupInfoLogger [restartedMain] Started DoeMaisApplication in 0.903 seconds (JVM running for 476.919)
2021-03-25 22:34:57,793 INFO org.springframework.boot.StartupInfoLogger [restartedMain] Starting DoeMaisApplication on Jarvis with PID 4880 (C:\Users\leoka\Desktop\Doe+\Git Novo\ifsp-projeto-integrado-backend\target\classes started by leoka in C:\Users\leoka\Desktop\Doe+\Git Novo\ifsp-projeto-integrado-backend)
2021-03-25 22:34:57,793 DEBUG org.springframework.boot.StartupInfoLogger [restartedMain] Running with Spring Boot v2.3.1.RELEASE, Spring v5.2.7.RELEASE
2021-03-25 22:34:57,793 INFO org.springframework.boot.SpringApplication [restartedMain] No active profile set, falling back to default profiles: default
2021-03-25 22:34:58,664 INFO org.springframework.boot.StartupInfoLogger [restartedMain] Started DoeMaisApplication in 0.887 seconds (JVM running for 497.601)
2021-03-25 22:35:15,460 INFO org.springframework.boot.StartupInfoLogger [restartedMain] Starting DoeMaisApplication on Jarvis with PID 4880 (C:\Users\leoka\Desktop\Doe+\Git Novo\ifsp-projeto-integrado-backend\target\classes started by leoka in C:\Users\leoka\Desktop\Doe+\Git Novo\ifsp-projeto-integrado-backend)
2021-03-25 22:35:15,461 DEBUG org.springframework.boot.StartupInfoLogger [restartedMain] Running with Spring Boot v2.3.1.RELEASE, Spring v5.2.7.RELEASE
2021-03-25 22:35:15,461 INFO org.springframework.boot.SpringApplication [restartedMain] No active profile set, falling back to default profiles: default
2021-03-25 22:35:16,312 INFO org.springframework.boot.StartupInfoLogger [restartedMain] Started DoeMaisApplication in 0.869 seconds (JVM running for 515.249)
2021-03-25 22:35:22,967 INFO org.springframework.boot.StartupInfoLogger [restartedMain] Starting DoeMaisApplication on Jarvis with PID 4880 (C:\Users\leoka\Desktop\Doe+\Git Novo\ifsp-projeto-integrado-backend\target\classes started by leoka in C:\Users\leoka\Desktop\Doe+\Git Novo\ifsp-projeto-integrado-backend)
2021-03-25 22:35:22,967 DEBUG org.springframework.boot.StartupInfoLogger [restartedMain] Running with Spring Boot v2.3.1.RELEASE, Spring v5.2.7.RELEASE
2021-03-25 22:35:22,967 INFO org.springframework.boot.SpringApplication [restartedMain] No active profile set, falling back to default profiles: default
2021-03-25 22:35:23,836 INFO org.springframework.boot.StartupInfoLogger [restartedMain] Started DoeMaisApplication in 0.887 seconds (JVM running for 522.773)
2021-03-25 22:36:27,234 INFO org.springframework.boot.StartupInfoLogger [restartedMain] Starting DoeMaisApplication on Jarvis with PID 4880 (C:\Users\leoka\Desktop\Doe+\Git Novo\ifsp-projeto-integrado-backend\target\classes started by leoka in C:\Users\leoka\Desktop\Doe+\Git Novo\ifsp-projeto-integrado-backend)
2021-03-25 22:36:27,234 DEBUG org.springframework.boot.StartupInfoLogger [restartedMain] Running with Spring Boot v2.3.1.RELEASE, Spring v5.2.7.RELEASE
2021-03-25 22:36:27,234 INFO org.springframework.boot.SpringApplication [restartedMain] No active profile set, falling back to default profiles: default
2021-03-25 22:36:28,135 INFO org.springframework.boot.StartupInfoLogger [restartedMain] Started DoeMaisApplication in 0.921 seconds (JVM running for 587.072)
2021-03-25 23:08:40,229 INFO org.springframework.boot.StartupInfoLogger [restartedMain] Starting DoeMaisApplication on Jarvis with PID 4880 (C:\Users\leoka\Desktop\Doe+\Git Novo\ifsp-projeto-integrado-backend\target\classes started by leoka in C:\Users\leoka\Desktop\Doe+\Git Novo\ifsp-projeto-integrado-backend)
2021-03-25 23:08:40,229 DEBUG org.springframework.boot.StartupInfoLogger [restartedMain] Running with Spring Boot v2.3.1.RELEASE, Spring v5.2.7.RELEASE
2021-03-25 23:08:40,229 INFO org.springframework.boot.SpringApplication [restartedMain] No active profile set, falling back to default profiles: default
2021-03-25 23:08:41,204 INFO org.springframework.boot.StartupInfoLogger [restartedMain] Started DoeMaisApplication in 0.994 seconds (JVM running for 2520.142)
2021-03-25 23:08:58,047 INFO org.springframework.boot.StartupInfoLogger [restartedMain] Starting DoeMaisApplication on Jarvis with PID 4880 (C:\Users\leoka\Desktop\Doe+\Git Novo\ifsp-projeto-integrado-backend\target\classes started by leoka in C:\Users\leoka\Desktop\Doe+\Git Novo\ifsp-projeto-integrado-backend)
2021-03-25 23:08:58,047 DEBUG org.springframework.boot.StartupInfoLogger [restartedMain] Running with Spring Boot v2.3.1.RELEASE, Spring v5.2.7.RELEASE
2021-03-25 23:08:58,047 INFO org.springframework.boot.SpringApplication [restartedMain] No active profile set, falling back to default profiles: default
2021-03-25 23:08:58,938 INFO org.springframework.boot.StartupInfoLogger [restartedMain] Started DoeMaisApplication in 0.91 seconds (JVM running for 2537.876)
2021-03-25 23:09:47,252 INFO org.springframework.boot.StartupInfoLogger [restartedMain] Starting DoeMaisApplication on Jarvis with PID 4880 (C:\Users\leoka\Desktop\Doe+\Git Novo\ifsp-projeto-integrado-backend\target\classes started by leoka in C:\Users\leoka\Desktop\Doe+\Git Novo\ifsp-projeto-integrado-backend)
2021-03-25 23:09:47,252 DEBUG org.springframework.boot.StartupInfoLogger [restartedMain] Running with Spring Boot v2.3.1.RELEASE, Spring v5.2.7.RELEASE
2021-03-25 23:09:47,252 INFO org.springframework.boot.SpringApplication [restartedMain] No active profile set, falling back to default profiles: default
2021-03-25 23:09:48,145 INFO org.springframework.boot.StartupInfoLogger [restartedMain] Started DoeMaisApplication in 0.912 seconds (JVM running for 2587.081)
2021-03-25 23:10:52,023 INFO org.springframework.boot.StartupInfoLogger [restartedMain] Starting DoeMaisApplication on Jarvis with PID 4880 (C:\Users\leoka\Desktop\Doe+\Git Novo\ifsp-projeto-integrado-backend\target\classes started by leoka in C:\Users\leoka\Desktop\Doe+\Git Novo\ifsp-projeto-integrado-backend)
2021-03-25 23:10:52,023 DEBUG org.springframework.boot.StartupInfoLogger [restartedMain] Running with Spring Boot v2.3.1.RELEASE, Spring v5.2.7.RELEASE
2021-03-25 23:10:52,023 INFO org.springframework.boot.SpringApplication [restartedMain] No active profile set, falling back to default profiles: default
2021-03-25 23:10:52,913 INFO org.springframework.boot.StartupInfoLogger [restartedMain] Started DoeMaisApplication in 0.908 seconds (JVM running for 2651.85)
2021-03-25 23:12:47,957 INFO org.springframework.boot.StartupInfoLogger [restartedMain] Starting DoeMaisApplication on Jarvis with PID 4880 (C:\Users\leoka\Desktop\Doe+\Git Novo\ifsp-projeto-integrado-backend\target\classes started by leoka in C:\Users\leoka\Desktop\Doe+\Git Novo\ifsp-projeto-integrado-backend)
2021-03-25 23:12:47,957 DEBUG org.springframework.boot.StartupInfoLogger [restartedMain] Running with Spring Boot v2.3.1.RELEASE, Spring v5.2.7.RELEASE
2021-03-25 23:12:47,957 INFO org.springframework.boot.SpringApplication [restartedMain] No active profile set, falling back to default profiles: default
2021-03-25 23:12:48,856 INFO org.springframework.boot.StartupInfoLogger [restartedMain] Started DoeMaisApplication in 0.92 seconds (JVM running for 2767.793)
2021-03-25 23:12:53,551 INFO org.springframework.boot.StartupInfoLogger [restartedMain] Starting DoeMaisApplication on Jarvis with PID 4880 (C:\Users\leoka\Desktop\Doe+\Git Novo\ifsp-projeto-integrado-backend\target\classes started by leoka in C:\Users\leoka\Desktop\Doe+\Git Novo\ifsp-projeto-integrado-backend)
2021-03-25 23:12:53,552 DEBUG org.springframework.boot.StartupInfoLogger [restartedMain] Running with Spring Boot v2.3.1.RELEASE, Spring v5.2.7.RELEASE
2021-03-25 23:12:53,552 INFO org.springframework.boot.SpringApplication [restartedMain] No active profile set, falling back to default profiles: default
2021-03-25 23:12:54,439 INFO org.springframework.boot.StartupInfoLogger [restartedMain] Started DoeMaisApplication in 0.908 seconds (JVM running for 2773.376)
2021-03-25 23:15:55,283 INFO org.springframework.boot.StartupInfoLogger [restartedMain] Starting DoeMaisApplication on Jarvis with PID 4880 (C:\Users\leoka\Desktop\Doe+\Git Novo\ifsp-projeto-integrado-backend\target\classes started by leoka in C:\Users\leoka\Desktop\Doe+\Git Novo\ifsp-projeto-integrado-backend)
2021-03-25 23:15:55,283 DEBUG org.springframework.boot.StartupInfoLogger [restartedMain] Running with Spring Boot v2.3.1.RELEASE, Spring v5.2.7.RELEASE
2021-03-25 23:15:55,283 INFO org.springframework.boot.SpringApplication [restartedMain] No active profile set, falling back to default profiles: default
2021-03-25 23:15:56,158 INFO org.springframework.boot.StartupInfoLogger [restartedMain] Started DoeMaisApplication in 0.894 seconds (JVM running for 2955.095)
2021-03-25 23:17:31,948 INFO org.springframework.boot.StartupInfoLogger [restartedMain] Starting DoeMaisApplication on Jarvis with PID 4880 (C:\Users\leoka\Desktop\Doe+\Git Novo\ifsp-projeto-integrado-backend\target\classes started by leoka in C:\Users\leoka\Desktop\Doe+\Git Novo\ifsp-projeto-integrado-backend)
2021-03-25 23:17:31,949 DEBUG org.springframework.boot.StartupInfoLogger [restartedMain] Running with Spring Boot v2.3.1.RELEASE, Spring v5.2.7.RELEASE
2021-03-25 23:17:31,949 INFO org.springframework.boot.SpringApplication [restartedMain] No active profile set, falling back to default profiles: default
2021-03-25 23:17:32,840 INFO org.springframework.boot.StartupInfoLogger [restartedMain] Started DoeMaisApplication in 0.911 seconds (JVM running for 3051.777)
2021-03-25 23:18:22,117 INFO org.springframework.boot.StartupInfoLogger [restartedMain] Starting DoeMaisApplication on Jarvis with PID 4880 (C:\Users\leoka\Desktop\Doe+\Git Novo\ifsp-projeto-integrado-backend\target\classes started by leoka in C:\Users\leoka\Desktop\Doe+\Git Novo\ifsp-projeto-integrado-backend)
2021-03-25 23:18:22,117 DEBUG org.springframework.boot.StartupInfoLogger [restartedMain] Running with Spring Boot v2.3.1.RELEASE, Spring v5.2.7.RELEASE
2021-03-25 23:18:22,117 INFO org.springframework.boot.SpringApplication [restartedMain] No active profile set, falling back to default profiles: default
2021-03-25 23:18:22,979 INFO org.springframework.boot.StartupInfoLogger [restartedMain] Started DoeMaisApplication in 0.88 seconds (JVM running for 3101.917)
2021-03-25 23:24:42,448 INFO org.springframework.boot.StartupInfoLogger [restartedMain] Starting DoeMaisApplication on Jarvis with PID 4880 (C:\Users\leoka\Desktop\Doe+\Git Novo\ifsp-projeto-integrado-backend\target\classes started by leoka in C:\Users\leoka\Desktop\Doe+\Git Novo\ifsp-projeto-integrado-backend)
2021-03-25 23:24:42,448 DEBUG org.springframework.boot.StartupInfoLogger [restartedMain] Running with Spring Boot v2.3.1.RELEASE, Spring v5.2.7.RELEASE
2021-03-25 23:24:42,449 INFO org.springframework.boot.SpringApplication [restartedMain] No active profile set, falling back to default profiles: default
2021-03-25 23:24:43,332 INFO org.springframework.boot.StartupInfoLogger [restartedMain] Started DoeMaisApplication in 0.904 seconds (JVM running for 3482.269)
2021-03-25 23:25:25,680 INFO org.springframework.boot.StartupInfoLogger [restartedMain] Starting DoeMaisApplication on Jarvis with PID 4880 (C:\Users\leoka\Desktop\Doe+\Git Novo\ifsp-projeto-integrado-backend\target\classes started by leoka in C:\Users\leoka\Desktop\Doe+\Git Novo\ifsp-projeto-integrado-backend)
2021-03-25 23:25:25,681 DEBUG org.springframework.boot.StartupInfoLogger [restartedMain] Running with Spring Boot v2.3.1.RELEASE, Spring v5.2.7.RELEASE
2021-03-25 23:25:25,681 INFO org.springframework.boot.SpringApplication [restartedMain] No active profile set, falling back to default profiles: default
2021-03-25 23:25:26,565 INFO org.springframework.boot.StartupInfoLogger [restartedMain] Started DoeMaisApplication in 0.902 seconds (JVM running for 3525.502)
2021-03-25 23:29:26,982 INFO org.springframework.boot.StartupInfoLogger [restartedMain] Starting DoeMaisApplication on Jarvis with PID 4880 (C:\Users\leoka\Desktop\Doe+\Git Novo\ifsp-projeto-integrado-backend\target\classes started by leoka in C:\Users\leoka\Desktop\Doe+\Git Novo\ifsp-projeto-integrado-backend)
2021-03-25 23:29:26,983 DEBUG org.springframework.boot.StartupInfoLogger [restartedMain] Running with Spring Boot v2.3.1.RELEASE, Spring v5.2.7.RELEASE
2021-03-25 23:29:26,983 INFO org.springframework.boot.SpringApplication [restartedMain] No active profile set, falling back to default profiles: default
2021-03-25 23:29:27,803 INFO org.springframework.boot.StartupInfoLogger [restartedMain] Started DoeMaisApplication in 0.839 seconds (JVM running for 3766.74)
2021-03-25 23:30:19,091 INFO org.springframework.boot.StartupInfoLogger [restartedMain] Starting DoeMaisApplication on Jarvis with PID 4880 (C:\Users\leoka\Desktop\Doe+\Git Novo\ifsp-projeto-integrado-backend\target\classes started by leoka in C:\Users\leoka\Desktop\Doe+\Git Novo\ifsp-projeto-integrado-backend)
2021-03-25 23:30:19,091 DEBUG org.springframework.boot.StartupInfoLogger [restartedMain] Running with Spring Boot v2.3.1.RELEASE, Spring v5.2.7.RELEASE
2021-03-25 23:30:19,091 INFO org.springframework.boot.SpringApplication [restartedMain] No active profile set, falling back to default profiles: default
2021-03-25 23:30:19,924 INFO org.springframework.boot.StartupInfoLogger [restartedMain] Started DoeMaisApplication in 0.849 seconds (JVM running for 3818.86)
2021-03-25 23:30:46,099 INFO org.springframework.boot.StartupInfoLogger [restartedMain] Starting DoeMaisApplication on Jarvis with PID 4880 (C:\Users\leoka\Desktop\Doe+\Git Novo\ifsp-projeto-integrado-backend\target\classes started by leoka in C:\Users\leoka\Desktop\Doe+\Git Novo\ifsp-projeto-integrado-backend)
2021-03-25 23:30:46,100 DEBUG org.springframework.boot.StartupInfoLogger [restartedMain] Running with Spring Boot v2.3.1.RELEASE, Spring v5.2.7.RELEASE
2021-03-25 23:30:46,100 INFO org.springframework.boot.SpringApplication [restartedMain] No active profile set, falling back to default profiles: default
2021-03-25 23:30:46,911 INFO org.springframework.boot.StartupInfoLogger [restartedMain] Started DoeMaisApplication in 0.83 seconds (JVM running for 3845.848)
2021-03-25 23:36:37,833 INFO org.springframework.boot.StartupInfoLogger [restartedMain] Starting DoeMaisApplication on Jarvis with PID 4880 (C:\Users\leoka\Desktop\Doe+\Git Novo\ifsp-projeto-integrado-backend\target\classes started by leoka in C:\Users\leoka\Desktop\Doe+\Git Novo\ifsp-projeto-integrado-backend)
2021-03-25 23:36:37,833 DEBUG org.springframework.boot.StartupInfoLogger [restartedMain] Running with Spring Boot v2.3.1.RELEASE, Spring v5.2.7.RELEASE
2021-03-25 23:36:37,833 INFO org.springframework.boot.SpringApplication [restartedMain] No active profile set, falling back to default profiles: default
2021-03-25 23:36:38,693 INFO org.springframework.boot.StartupInfoLogger [restartedMain] Started DoeMaisApplication in 0.878 seconds (JVM running for 4197.631)
2021-03-25 23:39:08,157 INFO org.springframework.boot.StartupInfoLogger [restartedMain] Starting DoeMaisApplication on Jarvis with PID 4880 (C:\Users\leoka\Desktop\Doe+\Git Novo\ifsp-projeto-integrado-backend\target\classes started by leoka in C:\Users\leoka\Desktop\Doe+\Git Novo\ifsp-projeto-integrado-backend)
2021-03-25 23:39:08,157 DEBUG org.springframework.boot.StartupInfoLogger [restartedMain] Running with Spring Boot v2.3.1.RELEASE, Spring v5.2.7.RELEASE
2021-03-25 23:39:08,157 INFO org.springframework.boot.SpringApplication [restartedMain] No active profile set, falling back to default profiles: default
2021-03-25 23:39:08,999 INFO org.springframework.boot.StartupInfoLogger [restartedMain] Started DoeMaisApplication in 0.86 seconds (JVM running for 4347.936)
2021-03-25 23:40:11,363 INFO org.springframework.boot.StartupInfoLogger [restartedMain] Starting DoeMaisApplication on Jarvis with PID 4880 (C:\Users\leoka\Desktop\Doe+\Git Novo\ifsp-projeto-integrado-backend\target\classes started by leoka in C:\Users\leoka\Desktop\Doe+\Git Novo\ifsp-projeto-integrado-backend)
2021-03-25 23:40:11,364 DEBUG org.springframework.boot.StartupInfoLogger [restartedMain] Running with Spring Boot v2.3.1.RELEASE, Spring v5.2.7.RELEASE
2021-03-25 23:40:11,364 INFO org.springframework.boot.SpringApplication [restartedMain] No active profile set, falling back to default profiles: default
2021-03-25 23:40:12,219 INFO org.springframework.boot.StartupInfoLogger [restartedMain] Started DoeMaisApplication in 0.872 seconds (JVM running for 4411.157)
2021-03-25 23:40:15,318 INFO org.springframework.boot.StartupInfoLogger [restartedMain] Starting DoeMaisApplication on Jarvis with PID 4880 (C:\Users\leoka\Desktop\Doe+\Git Novo\ifsp-projeto-integrado-backend\target\classes started by leoka in C:\Users\leoka\Desktop\Doe+\Git Novo\ifsp-projeto-integrado-backend)
2021-03-25 23:40:15,319 DEBUG org.springframework.boot.StartupInfoLogger [restartedMain] Running with Spring Boot v2.3.1.RELEASE, Spring v5.2.7.RELEASE
2021-03-25 23:40:15,319 INFO org.springframework.boot.SpringApplication [restartedMain] No active profile set, falling back to default profiles: default
2021-03-25 23:40:16,149 INFO org.springframework.boot.StartupInfoLogger [restartedMain] Started DoeMaisApplication in 0.849 seconds (JVM running for 4415.086)
2021-03-25 23:40:26,845 INFO org.springframework.boot.StartupInfoLogger [restartedMain] Starting DoeMaisApplication on Jarvis with PID 4880 (C:\Users\leoka\Desktop\Doe+\Git Novo\ifsp-projeto-integrado-backend\target\classes started by leoka in C:\Users\leoka\Desktop\Doe+\Git Novo\ifsp-projeto-integrado-backend)
2021-03-25 23:40:26,845 DEBUG org.springframework.boot.StartupInfoLogger [restartedMain] Running with Spring Boot v2.3.1.RELEASE, Spring v5.2.7.RELEASE
2021-03-25 23:40:26,845 INFO org.springframework.boot.SpringApplication [restartedMain] No active profile set, falling back to default profiles: default
2021-03-25 23:40:27,664 INFO org.springframework.boot.StartupInfoLogger [restartedMain] Started DoeMaisApplication in 0.836 seconds (JVM running for 4426.601)
2021-03-25 23:41:06,090 INFO org.springframework.boot.StartupInfoLogger [restartedMain] Starting DoeMaisApplication on Jarvis with PID 4880 (C:\Users\leoka\Desktop\Doe+\Git Novo\ifsp-projeto-integrado-backend\target\classes started by leoka in C:\Users\leoka\Desktop\Doe+\Git Novo\ifsp-projeto-integrado-backend)
2021-03-25 23:41:06,090 DEBUG org.springframework.boot.StartupInfoLogger [restartedMain] Running with Spring Boot v2.3.1.RELEASE, Spring v5.2.7.RELEASE
2021-03-25 23:41:06,090 INFO org.springframework.boot.SpringApplication [restartedMain] No active profile set, falling back to default profiles: default
2021-03-25 23:41:06,922 INFO org.springframework.boot.StartupInfoLogger [restartedMain] Started DoeMaisApplication in 0.849 seconds (JVM running for 4465.859)
