2021-03-26 19:53:31,342 INFO org.springframework.boot.StartupInfoLogger [restartedMain] Starting DoeMaisApplication on Jarvis with PID 7148 (C:\Users\leoka\Desktop\Doe+\Git Novo\ifsp-projeto-integrado-backend\target\classes started by leoka in C:\Users\leoka\Desktop\Doe+\Git Novo\ifsp-projeto-integrado-backend)
2021-03-26 19:53:31,345 DEBUG org.springframework.boot.StartupInfoLogger [restartedMain] Running with Spring Boot v2.3.1.RELEASE, Spring v5.2.7.RELEASE
2021-03-26 19:53:31,346 INFO org.springframework.boot.SpringApplication [restartedMain] No active profile set, falling back to default profiles: default
2021-03-26 19:53:36,273 INFO org.springframework.boot.StartupInfoLogger [restartedMain] Started DoeMaisApplication in 5.186 seconds (JVM running for 5.702)
2021-03-26 19:54:46,973 INFO org.springframework.boot.StartupInfoLogger [restartedMain] Starting DoeMaisApplication on Jarvis with PID 7148 (C:\Users\leoka\Desktop\Doe+\Git Novo\ifsp-projeto-integrado-backend\target\classes started by leoka in C:\Users\leoka\Desktop\Doe+\Git Novo\ifsp-projeto-integrado-backend)
2021-03-26 19:54:46,973 DEBUG org.springframework.boot.StartupInfoLogger [restartedMain] Running with Spring Boot v2.3.1.RELEASE, Spring v5.2.7.RELEASE
2021-03-26 19:54:46,973 INFO org.springframework.boot.SpringApplication [restartedMain] No active profile set, falling back to default profiles: default
2021-03-26 19:54:48,266 INFO org.springframework.boot.StartupInfoLogger [restartedMain] Started DoeMaisApplication in 1.32 seconds (JVM running for 77.696)
2021-03-26 19:55:03,898 INFO org.springframework.boot.StartupInfoLogger [restartedMain] Starting DoeMaisApplication on Jarvis with PID 7148 (C:\Users\leoka\Desktop\Doe+\Git Novo\ifsp-projeto-integrado-backend\target\classes started by leoka in C:\Users\leoka\Desktop\Doe+\Git Novo\ifsp-projeto-integrado-backend)
2021-03-26 19:55:03,898 DEBUG org.springframework.boot.StartupInfoLogger [restartedMain] Running with Spring Boot v2.3.1.RELEASE, Spring v5.2.7.RELEASE
2021-03-26 19:55:03,898 INFO org.springframework.boot.SpringApplication [restartedMain] No active profile set, falling back to default profiles: default
2021-03-26 19:55:05,035 INFO org.springframework.boot.StartupInfoLogger [restartedMain] Started DoeMaisApplication in 1.162 seconds (JVM running for 94.465)
2021-03-26 19:55:47,988 INFO org.springframework.boot.StartupInfoLogger [restartedMain] Starting DoeMaisApplication on Jarvis with PID 7148 (C:\Users\leoka\Desktop\Doe+\Git Novo\ifsp-projeto-integrado-backend\target\classes started by leoka in C:\Users\leoka\Desktop\Doe+\Git Novo\ifsp-projeto-integrado-backend)
2021-03-26 19:55:47,988 DEBUG org.springframework.boot.StartupInfoLogger [restartedMain] Running with Spring Boot v2.3.1.RELEASE, Spring v5.2.7.RELEASE
2021-03-26 19:55:47,988 INFO org.springframework.boot.SpringApplication [restartedMain] No active profile set, falling back to default profiles: default
2021-03-26 19:55:49,060 INFO org.springframework.boot.StartupInfoLogger [restartedMain] Started DoeMaisApplication in 1.093 seconds (JVM running for 138.489)
2021-03-26 19:55:52,604 INFO org.springframework.boot.StartupInfoLogger [restartedMain] Starting DoeMaisApplication on Jarvis with PID 7148 (C:\Users\leoka\Desktop\Doe+\Git Novo\ifsp-projeto-integrado-backend\target\classes started by leoka in C:\Users\leoka\Desktop\Doe+\Git Novo\ifsp-projeto-integrado-backend)
2021-03-26 19:55:52,605 DEBUG org.springframework.boot.StartupInfoLogger [restartedMain] Running with Spring Boot v2.3.1.RELEASE, Spring v5.2.7.RELEASE
2021-03-26 19:55:52,605 INFO org.springframework.boot.SpringApplication [restartedMain] No active profile set, falling back to default profiles: default
2021-03-26 19:55:53,618 INFO org.springframework.boot.StartupInfoLogger [restartedMain] Started DoeMaisApplication in 1.038 seconds (JVM running for 143.048)
2021-03-26 19:59:06,337 INFO org.springframework.boot.StartupInfoLogger [restartedMain] Starting DoeMaisApplication on Jarvis with PID 7148 (C:\Users\leoka\Desktop\Doe+\Git Novo\ifsp-projeto-integrado-backend\target\classes started by leoka in C:\Users\leoka\Desktop\Doe+\Git Novo\ifsp-projeto-integrado-backend)
2021-03-26 19:59:06,337 DEBUG org.springframework.boot.StartupInfoLogger [restartedMain] Running with Spring Boot v2.3.1.RELEASE, Spring v5.2.7.RELEASE
2021-03-26 19:59:06,337 INFO org.springframework.boot.SpringApplication [restartedMain] No active profile set, falling back to default profiles: default
2021-03-26 19:59:07,324 INFO org.springframework.boot.StartupInfoLogger [restartedMain] Started DoeMaisApplication in 1.007 seconds (JVM running for 336.754)
2021-03-26 19:59:12,940 INFO org.springframework.boot.StartupInfoLogger [restartedMain] Starting DoeMaisApplication on Jarvis with PID 7148 (C:\Users\leoka\Desktop\Doe+\Git Novo\ifsp-projeto-integrado-backend\target\classes started by leoka in C:\Users\leoka\Desktop\Doe+\Git Novo\ifsp-projeto-integrado-backend)
2021-03-26 19:59:12,940 DEBUG org.springframework.boot.StartupInfoLogger [restartedMain] Running with Spring Boot v2.3.1.RELEASE, Spring v5.2.7.RELEASE
2021-03-26 19:59:12,940 INFO org.springframework.boot.SpringApplication [restartedMain] No active profile set, falling back to default profiles: default
2021-03-26 19:59:13,877 INFO org.springframework.boot.StartupInfoLogger [restartedMain] Started DoeMaisApplication in 0.958 seconds (JVM running for 343.307)
2021-03-26 19:59:34,656 INFO org.springframework.boot.StartupInfoLogger [restartedMain] Starting DoeMaisApplication on Jarvis with PID 7148 (C:\Users\leoka\Desktop\Doe+\Git Novo\ifsp-projeto-integrado-backend\target\classes started by leoka in C:\Users\leoka\Desktop\Doe+\Git Novo\ifsp-projeto-integrado-backend)
2021-03-26 19:59:34,656 DEBUG org.springframework.boot.StartupInfoLogger [restartedMain] Running with Spring Boot v2.3.1.RELEASE, Spring v5.2.7.RELEASE
2021-03-26 19:59:34,656 INFO org.springframework.boot.SpringApplication [restartedMain] No active profile set, falling back to default profiles: default
2021-03-26 19:59:35,591 INFO org.springframework.boot.StartupInfoLogger [restartedMain] Started DoeMaisApplication in 0.954 seconds (JVM running for 365.021)
2021-03-26 19:59:42,296 INFO org.springframework.boot.StartupInfoLogger [restartedMain] Starting DoeMaisApplication on Jarvis with PID 7148 (C:\Users\leoka\Desktop\Doe+\Git Novo\ifsp-projeto-integrado-backend\target\classes started by leoka in C:\Users\leoka\Desktop\Doe+\Git Novo\ifsp-projeto-integrado-backend)
2021-03-26 19:59:42,296 DEBUG org.springframework.boot.StartupInfoLogger [restartedMain] Running with Spring Boot v2.3.1.RELEASE, Spring v5.2.7.RELEASE
2021-03-26 19:59:42,296 INFO org.springframework.boot.SpringApplication [restartedMain] No active profile set, falling back to default profiles: default
2021-03-26 19:59:43,217 INFO org.springframework.boot.StartupInfoLogger [restartedMain] Started DoeMaisApplication in 0.941 seconds (JVM running for 372.647)
2021-03-26 19:59:44,725 INFO org.springframework.boot.StartupInfoLogger [restartedMain] Starting DoeMaisApplication on Jarvis with PID 7148 (C:\Users\leoka\Desktop\Doe+\Git Novo\ifsp-projeto-integrado-backend\target\classes started by leoka in C:\Users\leoka\Desktop\Doe+\Git Novo\ifsp-projeto-integrado-backend)
2021-03-26 19:59:44,726 DEBUG org.springframework.boot.StartupInfoLogger [restartedMain] Running with Spring Boot v2.3.1.RELEASE, Spring v5.2.7.RELEASE
2021-03-26 19:59:44,726 INFO org.springframework.boot.SpringApplication [restartedMain] No active profile set, falling back to default profiles: default
2021-03-26 19:59:45,636 INFO org.springframework.boot.StartupInfoLogger [restartedMain] Started DoeMaisApplication in 0.929 seconds (JVM running for 375.066)
2021-03-26 20:00:38,822 INFO org.springframework.boot.StartupInfoLogger [restartedMain] Starting DoeMaisApplication on Jarvis with PID 7148 (C:\Users\leoka\Desktop\Doe+\Git Novo\ifsp-projeto-integrado-backend\target\classes started by leoka in C:\Users\leoka\Desktop\Doe+\Git Novo\ifsp-projeto-integrado-backend)
2021-03-26 20:00:38,823 DEBUG org.springframework.boot.StartupInfoLogger [restartedMain] Running with Spring Boot v2.3.1.RELEASE, Spring v5.2.7.RELEASE
2021-03-26 20:00:38,823 INFO org.springframework.boot.SpringApplication [restartedMain] No active profile set, falling back to default profiles: default
2021-03-26 20:00:39,726 INFO org.springframework.boot.StartupInfoLogger [restartedMain] Started DoeMaisApplication in 0.922 seconds (JVM running for 429.156)
2021-03-26 20:00:43,327 INFO org.springframework.boot.StartupInfoLogger [restartedMain] Starting DoeMaisApplication on Jarvis with PID 7148 (C:\Users\leoka\Desktop\Doe+\Git Novo\ifsp-projeto-integrado-backend\target\classes started by leoka in C:\Users\leoka\Desktop\Doe+\Git Novo\ifsp-projeto-integrado-backend)
2021-03-26 20:00:43,327 DEBUG org.springframework.boot.StartupInfoLogger [restartedMain] Running with Spring Boot v2.3.1.RELEASE, Spring v5.2.7.RELEASE
2021-03-26 20:00:43,327 INFO org.springframework.boot.SpringApplication [restartedMain] No active profile set, falling back to default profiles: default
2021-03-26 20:00:44,249 INFO org.springframework.boot.StartupInfoLogger [restartedMain] Started DoeMaisApplication in 0.941 seconds (JVM running for 433.679)
2021-03-26 20:01:04,165 INFO org.springframework.boot.StartupInfoLogger [restartedMain] Starting DoeMaisApplication on Jarvis with PID 7148 (C:\Users\leoka\Desktop\Doe+\Git Novo\ifsp-projeto-integrado-backend\target\classes started by leoka in C:\Users\leoka\Desktop\Doe+\Git Novo\ifsp-projeto-integrado-backend)
2021-03-26 20:01:04,165 DEBUG org.springframework.boot.StartupInfoLogger [restartedMain] Running with Spring Boot v2.3.1.RELEASE, Spring v5.2.7.RELEASE
2021-03-26 20:01:04,165 INFO org.springframework.boot.SpringApplication [restartedMain] No active profile set, falling back to default profiles: default
2021-03-26 20:01:05,078 INFO org.springframework.boot.StartupInfoLogger [restartedMain] Started DoeMaisApplication in 0.932 seconds (JVM running for 454.508)
2021-03-26 20:02:13,462 INFO org.springframework.boot.StartupInfoLogger [restartedMain] Starting DoeMaisApplication on Jarvis with PID 7148 (C:\Users\leoka\Desktop\Doe+\Git Novo\ifsp-projeto-integrado-backend\target\classes started by leoka in C:\Users\leoka\Desktop\Doe+\Git Novo\ifsp-projeto-integrado-backend)
2021-03-26 20:02:13,462 DEBUG org.springframework.boot.StartupInfoLogger [restartedMain] Running with Spring Boot v2.3.1.RELEASE, Spring v5.2.7.RELEASE
2021-03-26 20:02:13,462 INFO org.springframework.boot.SpringApplication [restartedMain] No active profile set, falling back to default profiles: default
2021-03-26 20:02:14,362 INFO org.springframework.boot.StartupInfoLogger [restartedMain] Started DoeMaisApplication in 0.919 seconds (JVM running for 523.792)
2021-03-26 20:04:04,173 INFO org.springframework.boot.StartupInfoLogger [restartedMain] Starting DoeMaisApplication on Jarvis with PID 7148 (C:\Users\leoka\Desktop\Doe+\Git Novo\ifsp-projeto-integrado-backend\target\classes started by leoka in C:\Users\leoka\Desktop\Doe+\Git Novo\ifsp-projeto-integrado-backend)
2021-03-26 20:04:04,173 DEBUG org.springframework.boot.StartupInfoLogger [restartedMain] Running with Spring Boot v2.3.1.RELEASE, Spring v5.2.7.RELEASE
2021-03-26 20:04:04,173 INFO org.springframework.boot.SpringApplication [restartedMain] No active profile set, falling back to default profiles: default
2021-03-26 20:04:05,085 INFO org.springframework.boot.StartupInfoLogger [restartedMain] Started DoeMaisApplication in 0.932 seconds (JVM running for 634.515)
2021-03-26 20:04:27,015 INFO org.springframework.boot.StartupInfoLogger [restartedMain] Starting DoeMaisApplication on Jarvis with PID 7148 (C:\Users\leoka\Desktop\Doe+\Git Novo\ifsp-projeto-integrado-backend\target\classes started by leoka in C:\Users\leoka\Desktop\Doe+\Git Novo\ifsp-projeto-integrado-backend)
2021-03-26 20:04:27,015 DEBUG org.springframework.boot.StartupInfoLogger [restartedMain] Running with Spring Boot v2.3.1.RELEASE, Spring v5.2.7.RELEASE
2021-03-26 20:04:27,015 INFO org.springframework.boot.SpringApplication [restartedMain] No active profile set, falling back to default profiles: default
2021-03-26 20:04:27,949 INFO org.springframework.boot.StartupInfoLogger [restartedMain] Started DoeMaisApplication in 0.958 seconds (JVM running for 657.379)
2021-03-26 20:06:39,369 INFO org.springframework.boot.StartupInfoLogger [restartedMain] Starting DoeMaisApplication on Jarvis with PID 7148 (C:\Users\leoka\Desktop\Doe+\Git Novo\ifsp-projeto-integrado-backend\target\classes started by leoka in C:\Users\leoka\Desktop\Doe+\Git Novo\ifsp-projeto-integrado-backend)
2021-03-26 20:06:39,369 DEBUG org.springframework.boot.StartupInfoLogger [restartedMain] Running with Spring Boot v2.3.1.RELEASE, Spring v5.2.7.RELEASE
2021-03-26 20:06:39,370 INFO org.springframework.boot.SpringApplication [restartedMain] No active profile set, falling back to default profiles: default
2021-03-26 20:06:40,275 INFO org.springframework.boot.StartupInfoLogger [restartedMain] Started DoeMaisApplication in 0.923 seconds (JVM running for 789.705)
2021-03-26 20:08:36,262 INFO org.springframework.boot.StartupInfoLogger [restartedMain] Starting DoeMaisApplication on Jarvis with PID 7148 (C:\Users\leoka\Desktop\Doe+\Git Novo\ifsp-projeto-integrado-backend\target\classes started by leoka in C:\Users\leoka\Desktop\Doe+\Git Novo\ifsp-projeto-integrado-backend)
2021-03-26 20:08:36,262 DEBUG org.springframework.boot.StartupInfoLogger [restartedMain] Running with Spring Boot v2.3.1.RELEASE, Spring v5.2.7.RELEASE
2021-03-26 20:08:36,262 INFO org.springframework.boot.SpringApplication [restartedMain] No active profile set, falling back to default profiles: default
2021-03-26 20:08:37,147 INFO org.springframework.boot.StartupInfoLogger [restartedMain] Started DoeMaisApplication in 0.904 seconds (JVM running for 906.577)
2021-03-26 20:08:47,864 INFO org.springframework.boot.StartupInfoLogger [restartedMain] Starting DoeMaisApplication on Jarvis with PID 7148 (C:\Users\leoka\Desktop\Doe+\Git Novo\ifsp-projeto-integrado-backend\target\classes started by leoka in C:\Users\leoka\Desktop\Doe+\Git Novo\ifsp-projeto-integrado-backend)
2021-03-26 20:08:47,864 DEBUG org.springframework.boot.StartupInfoLogger [restartedMain] Running with Spring Boot v2.3.1.RELEASE, Spring v5.2.7.RELEASE
2021-03-26 20:08:47,865 INFO org.springframework.boot.SpringApplication [restartedMain] No active profile set, falling back to default profiles: default
2021-03-26 20:08:48,737 INFO org.springframework.boot.StartupInfoLogger [restartedMain] Started DoeMaisApplication in 0.891 seconds (JVM running for 918.167)
2021-03-26 20:08:55,444 INFO org.springframework.boot.StartupInfoLogger [restartedMain] Starting DoeMaisApplication on Jarvis with PID 7148 (C:\Users\leoka\Desktop\Doe+\Git Novo\ifsp-projeto-integrado-backend\target\classes started by leoka in C:\Users\leoka\Desktop\Doe+\Git Novo\ifsp-projeto-integrado-backend)
2021-03-26 20:08:55,444 DEBUG org.springframework.boot.StartupInfoLogger [restartedMain] Running with Spring Boot v2.3.1.RELEASE, Spring v5.2.7.RELEASE
2021-03-26 20:08:55,444 INFO org.springframework.boot.SpringApplication [restartedMain] No active profile set, falling back to default profiles: default
2021-03-26 20:08:56,315 INFO org.springframework.boot.StartupInfoLogger [restartedMain] Started DoeMaisApplication in 0.888 seconds (JVM running for 925.745)
2021-03-26 20:09:00,987 INFO org.springframework.boot.StartupInfoLogger [restartedMain] Starting DoeMaisApplication on Jarvis with PID 7148 (C:\Users\leoka\Desktop\Doe+\Git Novo\ifsp-projeto-integrado-backend\target\classes started by leoka in C:\Users\leoka\Desktop\Doe+\Git Novo\ifsp-projeto-integrado-backend)
2021-03-26 20:09:00,987 DEBUG org.springframework.boot.StartupInfoLogger [restartedMain] Running with Spring Boot v2.3.1.RELEASE, Spring v5.2.7.RELEASE
2021-03-26 20:09:00,987 INFO org.springframework.boot.SpringApplication [restartedMain] No active profile set, falling back to default profiles: default
2021-03-26 20:09:01,910 INFO org.springframework.boot.StartupInfoLogger [restartedMain] Started DoeMaisApplication in 0.942 seconds (JVM running for 931.34)
2021-03-26 20:18:30,572 INFO org.springframework.boot.StartupInfoLogger [restartedMain] Starting DoeMaisApplication on Jarvis with PID 7148 (C:\Users\leoka\Desktop\Doe+\Git Novo\ifsp-projeto-integrado-backend\target\classes started by leoka in C:\Users\leoka\Desktop\Doe+\Git Novo\ifsp-projeto-integrado-backend)
2021-03-26 20:18:30,572 DEBUG org.springframework.boot.StartupInfoLogger [restartedMain] Running with Spring Boot v2.3.1.RELEASE, Spring v5.2.7.RELEASE
2021-03-26 20:18:30,572 INFO org.springframework.boot.SpringApplication [restartedMain] No active profile set, falling back to default profiles: default
2021-03-26 20:18:31,509 INFO org.springframework.boot.StartupInfoLogger [restartedMain] Started DoeMaisApplication in 0.958 seconds (JVM running for 1500.94)
2021-03-26 20:26:16,765 INFO org.springframework.boot.StartupInfoLogger [restartedMain] Starting DoeMaisApplication on Jarvis with PID 7148 (C:\Users\leoka\Desktop\Doe+\Git Novo\ifsp-projeto-integrado-backend\target\classes started by leoka in C:\Users\leoka\Desktop\Doe+\Git Novo\ifsp-projeto-integrado-backend)
2021-03-26 20:26:16,765 DEBUG org.springframework.boot.StartupInfoLogger [restartedMain] Running with Spring Boot v2.3.1.RELEASE, Spring v5.2.7.RELEASE
2021-03-26 20:26:16,766 INFO org.springframework.boot.SpringApplication [restartedMain] No active profile set, falling back to default profiles: default
2021-03-26 20:26:17,806 INFO org.springframework.boot.StartupInfoLogger [restartedMain] Started DoeMaisApplication in 1.061 seconds (JVM running for 1967.236)
2021-03-26 20:26:53,881 INFO org.springframework.boot.StartupInfoLogger [restartedMain] Starting DoeMaisApplication on Jarvis with PID 7148 (C:\Users\leoka\Desktop\Doe+\Git Novo\ifsp-projeto-integrado-backend\target\classes started by leoka in C:\Users\leoka\Desktop\Doe+\Git Novo\ifsp-projeto-integrado-backend)
2021-03-26 20:26:53,881 DEBUG org.springframework.boot.StartupInfoLogger [restartedMain] Running with Spring Boot v2.3.1.RELEASE, Spring v5.2.7.RELEASE
2021-03-26 20:26:53,881 INFO org.springframework.boot.SpringApplication [restartedMain] No active profile set, falling back to default profiles: default
2021-03-26 20:26:54,801 INFO org.springframework.boot.StartupInfoLogger [restartedMain] Started DoeMaisApplication in 0.939 seconds (JVM running for 2004.231)
2021-03-26 20:27:05,623 INFO org.springframework.boot.StartupInfoLogger [restartedMain] Starting DoeMaisApplication on Jarvis with PID 7148 (C:\Users\leoka\Desktop\Doe+\Git Novo\ifsp-projeto-integrado-backend\target\classes started by leoka in C:\Users\leoka\Desktop\Doe+\Git Novo\ifsp-projeto-integrado-backend)
2021-03-26 20:27:05,623 DEBUG org.springframework.boot.StartupInfoLogger [restartedMain] Running with Spring Boot v2.3.1.RELEASE, Spring v5.2.7.RELEASE
2021-03-26 20:27:05,623 INFO org.springframework.boot.SpringApplication [restartedMain] No active profile set, falling back to default profiles: default
2021-03-26 20:27:06,532 INFO org.springframework.boot.StartupInfoLogger [restartedMain] Started DoeMaisApplication in 0.926 seconds (JVM running for 2015.961)
2021-03-26 20:28:25,279 INFO org.springframework.boot.StartupInfoLogger [restartedMain] Starting DoeMaisApplication on Jarvis with PID 7148 (C:\Users\leoka\Desktop\Doe+\Git Novo\ifsp-projeto-integrado-backend\target\classes started by leoka in C:\Users\leoka\Desktop\Doe+\Git Novo\ifsp-projeto-integrado-backend)
2021-03-26 20:28:25,279 DEBUG org.springframework.boot.StartupInfoLogger [restartedMain] Running with Spring Boot v2.3.1.RELEASE, Spring v5.2.7.RELEASE
2021-03-26 20:28:25,280 INFO org.springframework.boot.SpringApplication [restartedMain] No active profile set, falling back to default profiles: default
2021-03-26 20:28:26,160 INFO org.springframework.boot.StartupInfoLogger [restartedMain] Started DoeMaisApplication in 0.899 seconds (JVM running for 2095.59)
2021-03-26 20:28:47,275 INFO org.springframework.boot.StartupInfoLogger [restartedMain] Starting DoeMaisApplication on Jarvis with PID 7148 (C:\Users\leoka\Desktop\Doe+\Git Novo\ifsp-projeto-integrado-backend\target\classes started by leoka in C:\Users\leoka\Desktop\Doe+\Git Novo\ifsp-projeto-integrado-backend)
2021-03-26 20:28:47,275 DEBUG org.springframework.boot.StartupInfoLogger [restartedMain] Running with Spring Boot v2.3.1.RELEASE, Spring v5.2.7.RELEASE
2021-03-26 20:28:47,275 INFO org.springframework.boot.SpringApplication [restartedMain] No active profile set, falling back to default profiles: default
2021-03-26 20:28:48,147 INFO org.springframework.boot.StartupInfoLogger [restartedMain] Started DoeMaisApplication in 0.893 seconds (JVM running for 2117.577)
2021-03-26 20:38:01,577 INFO org.springframework.boot.StartupInfoLogger [restartedMain] Starting DoeMaisApplication on Jarvis with PID 1132 (C:\Users\leoka\Desktop\Doe+\Git Novo\ifsp-projeto-integrado-backend\target\classes started by leoka in C:\Users\leoka\Desktop\Doe+\Git Novo\ifsp-projeto-integrado-backend)
2021-03-26 20:38:01,579 DEBUG org.springframework.boot.StartupInfoLogger [restartedMain] Running with Spring Boot v2.3.1.RELEASE, Spring v5.2.7.RELEASE
2021-03-26 20:38:01,580 INFO org.springframework.boot.SpringApplication [restartedMain] No active profile set, falling back to default profiles: default
2021-03-26 20:38:06,341 INFO org.springframework.boot.StartupInfoLogger [restartedMain] Started DoeMaisApplication in 4.996 seconds (JVM running for 5.433)
2021-03-26 20:45:04,240 INFO org.springframework.boot.StartupInfoLogger [restartedMain] Starting DoeMaisApplication on Jarvis with PID 1132 (C:\Users\leoka\Desktop\Doe+\Git Novo\ifsp-projeto-integrado-backend\target\classes started by leoka in C:\Users\leoka\Desktop\Doe+\Git Novo\ifsp-projeto-integrado-backend)
2021-03-26 20:45:04,240 DEBUG org.springframework.boot.StartupInfoLogger [restartedMain] Running with Spring Boot v2.3.1.RELEASE, Spring v5.2.7.RELEASE
2021-03-26 20:45:04,240 INFO org.springframework.boot.SpringApplication [restartedMain] No active profile set, falling back to default profiles: default
2021-03-26 20:45:05,659 INFO org.springframework.boot.StartupInfoLogger [restartedMain] Started DoeMaisApplication in 1.447 seconds (JVM running for 424.751)
2021-03-26 20:45:57,109 INFO org.springframework.boot.StartupInfoLogger [restartedMain] Starting DoeMaisApplication on Jarvis with PID 1132 (C:\Users\leoka\Desktop\Doe+\Git Novo\ifsp-projeto-integrado-backend\target\classes started by leoka in C:\Users\leoka\Desktop\Doe+\Git Novo\ifsp-projeto-integrado-backend)
2021-03-26 20:45:57,109 DEBUG org.springframework.boot.StartupInfoLogger [restartedMain] Running with Spring Boot v2.3.1.RELEASE, Spring v5.2.7.RELEASE
2021-03-26 20:45:57,110 INFO org.springframework.boot.SpringApplication [restartedMain] No active profile set, falling back to default profiles: default
2021-03-26 20:45:58,393 INFO org.springframework.boot.StartupInfoLogger [restartedMain] Started DoeMaisApplication in 1.31 seconds (JVM running for 477.484)
2021-03-26 20:50:06,839 INFO org.springframework.boot.StartupInfoLogger [restartedMain] Starting DoeMaisApplication on Jarvis with PID 1132 (C:\Users\leoka\Desktop\Doe+\Git Novo\ifsp-projeto-integrado-backend\target\classes started by leoka in C:\Users\leoka\Desktop\Doe+\Git Novo\ifsp-projeto-integrado-backend)
2021-03-26 20:50:06,839 DEBUG org.springframework.boot.StartupInfoLogger [restartedMain] Running with Spring Boot v2.3.1.RELEASE, Spring v5.2.7.RELEASE
2021-03-26 20:50:06,839 INFO org.springframework.boot.SpringApplication [restartedMain] No active profile set, falling back to default profiles: default
2021-03-26 20:50:07,960 INFO org.springframework.boot.StartupInfoLogger [restartedMain] Started DoeMaisApplication in 1.144 seconds (JVM running for 727.051)
2021-03-26 20:50:23,626 INFO org.springframework.boot.StartupInfoLogger [restartedMain] Starting DoeMaisApplication on Jarvis with PID 1132 (C:\Users\leoka\Desktop\Doe+\Git Novo\ifsp-projeto-integrado-backend\target\classes started by leoka in C:\Users\leoka\Desktop\Doe+\Git Novo\ifsp-projeto-integrado-backend)
2021-03-26 20:50:23,626 DEBUG org.springframework.boot.StartupInfoLogger [restartedMain] Running with Spring Boot v2.3.1.RELEASE, Spring v5.2.7.RELEASE
2021-03-26 20:50:23,626 INFO org.springframework.boot.SpringApplication [restartedMain] No active profile set, falling back to default profiles: default
2021-03-26 20:50:24,704 INFO org.springframework.boot.StartupInfoLogger [restartedMain] Started DoeMaisApplication in 1.104 seconds (JVM running for 743.796)
2021-03-26 20:50:42,417 INFO org.springframework.boot.StartupInfoLogger [restartedMain] Starting DoeMaisApplication on Jarvis with PID 1132 (C:\Users\leoka\Desktop\Doe+\Git Novo\ifsp-projeto-integrado-backend\target\classes started by leoka in C:\Users\leoka\Desktop\Doe+\Git Novo\ifsp-projeto-integrado-backend)
2021-03-26 20:50:42,417 DEBUG org.springframework.boot.StartupInfoLogger [restartedMain] Running with Spring Boot v2.3.1.RELEASE, Spring v5.2.7.RELEASE
2021-03-26 20:50:42,417 INFO org.springframework.boot.SpringApplication [restartedMain] No active profile set, falling back to default profiles: default
2021-03-26 20:50:43,484 INFO org.springframework.boot.StartupInfoLogger [restartedMain] Started DoeMaisApplication in 1.089 seconds (JVM running for 762.575)
2021-03-26 20:54:20,565 INFO org.springframework.boot.StartupInfoLogger [restartedMain] Starting DoeMaisApplication on Jarvis with PID 1132 (C:\Users\leoka\Desktop\Doe+\Git Novo\ifsp-projeto-integrado-backend\target\classes started by leoka in C:\Users\leoka\Desktop\Doe+\Git Novo\ifsp-projeto-integrado-backend)
2021-03-26 20:54:20,566 DEBUG org.springframework.boot.StartupInfoLogger [restartedMain] Running with Spring Boot v2.3.1.RELEASE, Spring v5.2.7.RELEASE
2021-03-26 20:54:20,566 INFO org.springframework.boot.SpringApplication [restartedMain] No active profile set, falling back to default profiles: default
2021-03-26 20:54:21,537 INFO org.springframework.boot.StartupInfoLogger [restartedMain] Started DoeMaisApplication in 0.993 seconds (JVM running for 980.628)
2021-03-26 20:54:53,467 INFO org.springframework.boot.StartupInfoLogger [restartedMain] Starting DoeMaisApplication on Jarvis with PID 1132 (C:\Users\leoka\Desktop\Doe+\Git Novo\ifsp-projeto-integrado-backend\target\classes started by leoka in C:\Users\leoka\Desktop\Doe+\Git Novo\ifsp-projeto-integrado-backend)
2021-03-26 20:54:53,468 DEBUG org.springframework.boot.StartupInfoLogger [restartedMain] Running with Spring Boot v2.3.1.RELEASE, Spring v5.2.7.RELEASE
2021-03-26 20:54:53,468 INFO org.springframework.boot.SpringApplication [restartedMain] No active profile set, falling back to default profiles: default
2021-03-26 20:54:54,456 INFO org.springframework.boot.StartupInfoLogger [restartedMain] Started DoeMaisApplication in 1.008 seconds (JVM running for 1013.547)
2021-03-26 20:54:57,158 INFO org.springframework.boot.StartupInfoLogger [restartedMain] Starting DoeMaisApplication on Jarvis with PID 1132 (C:\Users\leoka\Desktop\Doe+\Git Novo\ifsp-projeto-integrado-backend\target\classes started by leoka in C:\Users\leoka\Desktop\Doe+\Git Novo\ifsp-projeto-integrado-backend)
2021-03-26 20:54:57,159 DEBUG org.springframework.boot.StartupInfoLogger [restartedMain] Running with Spring Boot v2.3.1.RELEASE, Spring v5.2.7.RELEASE
2021-03-26 20:54:57,159 INFO org.springframework.boot.SpringApplication [restartedMain] No active profile set, falling back to default profiles: default
2021-03-26 20:54:58,120 INFO org.springframework.boot.StartupInfoLogger [restartedMain] Started DoeMaisApplication in 0.981 seconds (JVM running for 1017.211)
2021-03-26 20:55:54,360 INFO org.springframework.boot.StartupInfoLogger [restartedMain] Starting DoeMaisApplication on Jarvis with PID 1132 (C:\Users\leoka\Desktop\Doe+\Git Novo\ifsp-projeto-integrado-backend\target\classes started by leoka in C:\Users\leoka\Desktop\Doe+\Git Novo\ifsp-projeto-integrado-backend)
2021-03-26 20:55:54,361 DEBUG org.springframework.boot.StartupInfoLogger [restartedMain] Running with Spring Boot v2.3.1.RELEASE, Spring v5.2.7.RELEASE
2021-03-26 20:55:54,361 INFO org.springframework.boot.SpringApplication [restartedMain] No active profile set, falling back to default profiles: default
2021-03-26 20:55:55,392 INFO org.springframework.boot.StartupInfoLogger [restartedMain] Started DoeMaisApplication in 1.052 seconds (JVM running for 1074.484)
2021-03-26 20:59:34,520 INFO org.springframework.boot.StartupInfoLogger [restartedMain] Starting DoeMaisApplication on Jarvis with PID 1132 (C:\Users\leoka\Desktop\Doe+\Git Novo\ifsp-projeto-integrado-backend\target\classes started by leoka in C:\Users\leoka\Desktop\Doe+\Git Novo\ifsp-projeto-integrado-backend)
2021-03-26 20:59:34,521 DEBUG org.springframework.boot.StartupInfoLogger [restartedMain] Running with Spring Boot v2.3.1.RELEASE, Spring v5.2.7.RELEASE
2021-03-26 20:59:34,521 INFO org.springframework.boot.SpringApplication [restartedMain] No active profile set, falling back to default profiles: default
2021-03-26 20:59:35,418 INFO org.springframework.boot.StartupInfoLogger [restartedMain] Started DoeMaisApplication in 0.917 seconds (JVM running for 1294.509)
2021-03-26 20:59:48,111 INFO org.springframework.boot.StartupInfoLogger [restartedMain] Starting DoeMaisApplication on Jarvis with PID 1132 (C:\Users\leoka\Desktop\Doe+\Git Novo\ifsp-projeto-integrado-backend\target\classes started by leoka in C:\Users\leoka\Desktop\Doe+\Git Novo\ifsp-projeto-integrado-backend)
2021-03-26 20:59:48,111 DEBUG org.springframework.boot.StartupInfoLogger [restartedMain] Running with Spring Boot v2.3.1.RELEASE, Spring v5.2.7.RELEASE
2021-03-26 20:59:48,111 INFO org.springframework.boot.SpringApplication [restartedMain] No active profile set, falling back to default profiles: default
2021-03-26 20:59:48,987 INFO org.springframework.boot.StartupInfoLogger [restartedMain] Started DoeMaisApplication in 0.895 seconds (JVM running for 1308.079)
2021-03-26 21:00:18,293 INFO org.springframework.boot.StartupInfoLogger [restartedMain] Starting DoeMaisApplication on Jarvis with PID 1132 (C:\Users\leoka\Desktop\Doe+\Git Novo\ifsp-projeto-integrado-backend\target\classes started by leoka in C:\Users\leoka\Desktop\Doe+\Git Novo\ifsp-projeto-integrado-backend)
2021-03-26 21:00:18,294 DEBUG org.springframework.boot.StartupInfoLogger [restartedMain] Running with Spring Boot v2.3.1.RELEASE, Spring v5.2.7.RELEASE
2021-03-26 21:00:18,294 INFO org.springframework.boot.SpringApplication [restartedMain] No active profile set, falling back to default profiles: default
2021-03-26 21:00:19,204 INFO org.springframework.boot.StartupInfoLogger [restartedMain] Started DoeMaisApplication in 0.929 seconds (JVM running for 1338.296)
2021-03-26 21:02:48,547 INFO org.springframework.boot.StartupInfoLogger [restartedMain] Starting DoeMaisApplication on Jarvis with PID 1132 (C:\Users\leoka\Desktop\Doe+\Git Novo\ifsp-projeto-integrado-backend\target\classes started by leoka in C:\Users\leoka\Desktop\Doe+\Git Novo\ifsp-projeto-integrado-backend)
2021-03-26 21:02:48,547 DEBUG org.springframework.boot.StartupInfoLogger [restartedMain] Running with Spring Boot v2.3.1.RELEASE, Spring v5.2.7.RELEASE
2021-03-26 21:02:48,547 INFO org.springframework.boot.SpringApplication [restartedMain] No active profile set, falling back to default profiles: default
2021-03-26 21:02:49,437 INFO org.springframework.boot.StartupInfoLogger [restartedMain] Started DoeMaisApplication in 0.909 seconds (JVM running for 1488.528)
2021-03-26 21:04:13,155 INFO org.springframework.boot.StartupInfoLogger [restartedMain] Starting DoeMaisApplication on Jarvis with PID 1132 (C:\Users\leoka\Desktop\Doe+\Git Novo\ifsp-projeto-integrado-backend\target\classes started by leoka in C:\Users\leoka\Desktop\Doe+\Git Novo\ifsp-projeto-integrado-backend)
2021-03-26 21:04:13,155 DEBUG org.springframework.boot.StartupInfoLogger [restartedMain] Running with Spring Boot v2.3.1.RELEASE, Spring v5.2.7.RELEASE
2021-03-26 21:04:13,155 INFO org.springframework.boot.SpringApplication [restartedMain] No active profile set, falling back to default profiles: default
2021-03-26 21:04:14,079 INFO org.springframework.boot.StartupInfoLogger [restartedMain] Started DoeMaisApplication in 0.945 seconds (JVM running for 1573.17)
2021-03-26 21:04:22,901 INFO org.springframework.boot.StartupInfoLogger [restartedMain] Starting DoeMaisApplication on Jarvis with PID 1132 (C:\Users\leoka\Desktop\Doe+\Git Novo\ifsp-projeto-integrado-backend\target\classes started by leoka in C:\Users\leoka\Desktop\Doe+\Git Novo\ifsp-projeto-integrado-backend)
2021-03-26 21:04:22,901 DEBUG org.springframework.boot.StartupInfoLogger [restartedMain] Running with Spring Boot v2.3.1.RELEASE, Spring v5.2.7.RELEASE
2021-03-26 21:04:22,902 INFO org.springframework.boot.SpringApplication [restartedMain] No active profile set, falling back to default profiles: default
2021-03-26 21:04:23,867 INFO org.springframework.boot.StartupInfoLogger [restartedMain] Started DoeMaisApplication in 0.987 seconds (JVM running for 1582.958)
2021-03-26 21:04:32,942 INFO org.springframework.boot.StartupInfoLogger [restartedMain] Starting DoeMaisApplication on Jarvis with PID 1132 (C:\Users\leoka\Desktop\Doe+\Git Novo\ifsp-projeto-integrado-backend\target\classes started by leoka in C:\Users\leoka\Desktop\Doe+\Git Novo\ifsp-projeto-integrado-backend)
2021-03-26 21:04:32,942 DEBUG org.springframework.boot.StartupInfoLogger [restartedMain] Running with Spring Boot v2.3.1.RELEASE, Spring v5.2.7.RELEASE
2021-03-26 21:04:32,942 INFO org.springframework.boot.SpringApplication [restartedMain] No active profile set, falling back to default profiles: default
2021-03-26 21:04:33,871 INFO org.springframework.boot.StartupInfoLogger [restartedMain] Started DoeMaisApplication in 0.947 seconds (JVM running for 1592.962)
2021-03-26 21:07:49,984 INFO org.springframework.boot.StartupInfoLogger [restartedMain] Starting DoeMaisApplication on Jarvis with PID 1132 (C:\Users\leoka\Desktop\Doe+\Git Novo\ifsp-projeto-integrado-backend\target\classes started by leoka in C:\Users\leoka\Desktop\Doe+\Git Novo\ifsp-projeto-integrado-backend)
2021-03-26 21:07:49,984 DEBUG org.springframework.boot.StartupInfoLogger [restartedMain] Running with Spring Boot v2.3.1.RELEASE, Spring v5.2.7.RELEASE
2021-03-26 21:07:49,984 INFO org.springframework.boot.SpringApplication [restartedMain] No active profile set, falling back to default profiles: default
2021-03-26 21:07:50,890 INFO org.springframework.boot.StartupInfoLogger [restartedMain] Started DoeMaisApplication in 0.926 seconds (JVM running for 1789.982)
2021-03-26 21:07:53,607 INFO org.springframework.boot.StartupInfoLogger [restartedMain] Starting DoeMaisApplication on Jarvis with PID 1132 (C:\Users\leoka\Desktop\Doe+\Git Novo\ifsp-projeto-integrado-backend\target\classes started by leoka in C:\Users\leoka\Desktop\Doe+\Git Novo\ifsp-projeto-integrado-backend)
2021-03-26 21:07:53,607 DEBUG org.springframework.boot.StartupInfoLogger [restartedMain] Running with Spring Boot v2.3.1.RELEASE, Spring v5.2.7.RELEASE
2021-03-26 21:07:53,607 INFO org.springframework.boot.SpringApplication [restartedMain] No active profile set, falling back to default profiles: default
2021-03-26 21:07:54,516 INFO org.springframework.boot.StartupInfoLogger [restartedMain] Started DoeMaisApplication in 0.928 seconds (JVM running for 1793.607)
2021-03-26 21:08:38,701 INFO org.springframework.boot.StartupInfoLogger [restartedMain] Starting DoeMaisApplication on Jarvis with PID 1132 (C:\Users\leoka\Desktop\Doe+\Git Novo\ifsp-projeto-integrado-backend\target\classes started by leoka in C:\Users\leoka\Desktop\Doe+\Git Novo\ifsp-projeto-integrado-backend)
2021-03-26 21:08:38,702 DEBUG org.springframework.boot.StartupInfoLogger [restartedMain] Running with Spring Boot v2.3.1.RELEASE, Spring v5.2.7.RELEASE
2021-03-26 21:08:38,702 INFO org.springframework.boot.SpringApplication [restartedMain] No active profile set, falling back to default profiles: default
2021-03-26 21:08:39,641 INFO org.springframework.boot.StartupInfoLogger [restartedMain] Started DoeMaisApplication in 0.959 seconds (JVM running for 1838.732)
2021-03-26 21:11:43,639 INFO org.springframework.boot.StartupInfoLogger [restartedMain] Starting DoeMaisApplication on Jarvis with PID 1132 (C:\Users\leoka\Desktop\Doe+\Git Novo\ifsp-projeto-integrado-backend\target\classes started by leoka in C:\Users\leoka\Desktop\Doe+\Git Novo\ifsp-projeto-integrado-backend)
2021-03-26 21:11:43,640 DEBUG org.springframework.boot.StartupInfoLogger [restartedMain] Running with Spring Boot v2.3.1.RELEASE, Spring v5.2.7.RELEASE
2021-03-26 21:11:43,640 INFO org.springframework.boot.SpringApplication [restartedMain] No active profile set, falling back to default profiles: default
2021-03-26 21:11:44,547 INFO org.springframework.boot.StartupInfoLogger [restartedMain] Started DoeMaisApplication in 0.927 seconds (JVM running for 2023.638)
2021-03-26 21:12:04,542 INFO org.springframework.boot.StartupInfoLogger [restartedMain] Starting DoeMaisApplication on Jarvis with PID 1132 (C:\Users\leoka\Desktop\Doe+\Git Novo\ifsp-projeto-integrado-backend\target\classes started by leoka in C:\Users\leoka\Desktop\Doe+\Git Novo\ifsp-projeto-integrado-backend)
2021-03-26 21:12:04,542 DEBUG org.springframework.boot.StartupInfoLogger [restartedMain] Running with Spring Boot v2.3.1.RELEASE, Spring v5.2.7.RELEASE
2021-03-26 21:12:04,542 INFO org.springframework.boot.SpringApplication [restartedMain] No active profile set, falling back to default profiles: default
2021-03-26 21:12:05,429 INFO org.springframework.boot.StartupInfoLogger [restartedMain] Started DoeMaisApplication in 0.906 seconds (JVM running for 2044.52)
2021-03-26 21:14:20,715 INFO org.springframework.boot.StartupInfoLogger [restartedMain] Starting DoeMaisApplication on Jarvis with PID 1132 (C:\Users\leoka\Desktop\Doe+\Git Novo\ifsp-projeto-integrado-backend\target\classes started by leoka in C:\Users\leoka\Desktop\Doe+\Git Novo\ifsp-projeto-integrado-backend)
2021-03-26 21:14:20,715 DEBUG org.springframework.boot.StartupInfoLogger [restartedMain] Running with Spring Boot v2.3.1.RELEASE, Spring v5.2.7.RELEASE
2021-03-26 21:14:20,716 INFO org.springframework.boot.SpringApplication [restartedMain] No active profile set, falling back to default profiles: default
2021-03-26 21:14:21,615 INFO org.springframework.boot.StartupInfoLogger [restartedMain] Started DoeMaisApplication in 0.919 seconds (JVM running for 2180.706)
2021-03-26 21:15:01,813 INFO org.springframework.boot.StartupInfoLogger [restartedMain] Starting DoeMaisApplication on Jarvis with PID 1132 (C:\Users\leoka\Desktop\Doe+\Git Novo\ifsp-projeto-integrado-backend\target\classes started by leoka in C:\Users\leoka\Desktop\Doe+\Git Novo\ifsp-projeto-integrado-backend)
2021-03-26 21:15:01,813 DEBUG org.springframework.boot.StartupInfoLogger [restartedMain] Running with Spring Boot v2.3.1.RELEASE, Spring v5.2.7.RELEASE
2021-03-26 21:15:01,813 INFO org.springframework.boot.SpringApplication [restartedMain] No active profile set, falling back to default profiles: default
2021-03-26 21:15:02,711 INFO org.springframework.boot.StartupInfoLogger [restartedMain] Started DoeMaisApplication in 0.917 seconds (JVM running for 2221.802)
2021-03-26 21:16:37,685 INFO org.springframework.boot.StartupInfoLogger [restartedMain] Starting DoeMaisApplication on Jarvis with PID 1132 (C:\Users\leoka\Desktop\Doe+\Git Novo\ifsp-projeto-integrado-backend\target\classes started by leoka in C:\Users\leoka\Desktop\Doe+\Git Novo\ifsp-projeto-integrado-backend)
2021-03-26 21:16:37,685 DEBUG org.springframework.boot.StartupInfoLogger [restartedMain] Running with Spring Boot v2.3.1.RELEASE, Spring v5.2.7.RELEASE
2021-03-26 21:16:37,685 INFO org.springframework.boot.SpringApplication [restartedMain] No active profile set, falling back to default profiles: default
2021-03-26 21:16:38,567 INFO org.springframework.boot.StartupInfoLogger [restartedMain] Started DoeMaisApplication in 0.9 seconds (JVM running for 2317.659)
2021-03-26 21:16:45,456 INFO org.springframework.boot.StartupInfoLogger [restartedMain] Starting DoeMaisApplication on Jarvis with PID 1132 (C:\Users\leoka\Desktop\Doe+\Git Novo\ifsp-projeto-integrado-backend\target\classes started by leoka in C:\Users\leoka\Desktop\Doe+\Git Novo\ifsp-projeto-integrado-backend)
2021-03-26 21:16:45,457 DEBUG org.springframework.boot.StartupInfoLogger [restartedMain] Running with Spring Boot v2.3.1.RELEASE, Spring v5.2.7.RELEASE
2021-03-26 21:16:45,457 INFO org.springframework.boot.SpringApplication [restartedMain] No active profile set, falling back to default profiles: default
2021-03-26 21:16:46,347 INFO org.springframework.boot.StartupInfoLogger [restartedMain] Started DoeMaisApplication in 0.909 seconds (JVM running for 2325.437)
2021-03-26 21:16:48,102 INFO org.springframework.boot.StartupInfoLogger [restartedMain] Starting DoeMaisApplication on Jarvis with PID 1132 (C:\Users\leoka\Desktop\Doe+\Git Novo\ifsp-projeto-integrado-backend\target\classes started by leoka in C:\Users\leoka\Desktop\Doe+\Git Novo\ifsp-projeto-integrado-backend)
2021-03-26 21:16:48,103 DEBUG org.springframework.boot.StartupInfoLogger [restartedMain] Running with Spring Boot v2.3.1.RELEASE, Spring v5.2.7.RELEASE
2021-03-26 21:16:48,103 INFO org.springframework.boot.SpringApplication [restartedMain] No active profile set, falling back to default profiles: default
2021-03-26 21:16:48,991 INFO org.springframework.boot.StartupInfoLogger [restartedMain] Started DoeMaisApplication in 0.907 seconds (JVM running for 2328.082)
2021-03-26 21:18:01,717 INFO org.springframework.boot.StartupInfoLogger [restartedMain] Starting DoeMaisApplication on Jarvis with PID 1132 (C:\Users\leoka\Desktop\Doe+\Git Novo\ifsp-projeto-integrado-backend\target\classes started by leoka in C:\Users\leoka\Desktop\Doe+\Git Novo\ifsp-projeto-integrado-backend)
2021-03-26 21:18:01,717 DEBUG org.springframework.boot.StartupInfoLogger [restartedMain] Running with Spring Boot v2.3.1.RELEASE, Spring v5.2.7.RELEASE
2021-03-26 21:18:01,717 INFO org.springframework.boot.SpringApplication [restartedMain] No active profile set, falling back to default profiles: default
2021-03-26 21:18:02,590 INFO org.springframework.boot.StartupInfoLogger [restartedMain] Started DoeMaisApplication in 0.892 seconds (JVM running for 2401.681)
2021-03-26 21:18:09,618 INFO org.springframework.boot.StartupInfoLogger [restartedMain] Starting DoeMaisApplication on Jarvis with PID 1132 (C:\Users\leoka\Desktop\Doe+\Git Novo\ifsp-projeto-integrado-backend\target\classes started by leoka in C:\Users\leoka\Desktop\Doe+\Git Novo\ifsp-projeto-integrado-backend)
2021-03-26 21:18:09,618 DEBUG org.springframework.boot.StartupInfoLogger [restartedMain] Running with Spring Boot v2.3.1.RELEASE, Spring v5.2.7.RELEASE
2021-03-26 21:18:09,618 INFO org.springframework.boot.SpringApplication [restartedMain] No active profile set, falling back to default profiles: default
2021-03-26 21:18:10,469 INFO org.springframework.boot.StartupInfoLogger [restartedMain] Started DoeMaisApplication in 0.872 seconds (JVM running for 2409.56)
2021-03-26 21:34:06,839 INFO org.springframework.boot.StartupInfoLogger [restartedMain] Starting DoeMaisApplication on Jarvis with PID 1132 (C:\Users\leoka\Desktop\Doe+\Git Novo\ifsp-projeto-integrado-backend\target\classes started by leoka in C:\Users\leoka\Desktop\Doe+\Git Novo\ifsp-projeto-integrado-backend)
2021-03-26 21:34:06,840 DEBUG org.springframework.boot.StartupInfoLogger [restartedMain] Running with Spring Boot v2.3.1.RELEASE, Spring v5.2.7.RELEASE
2021-03-26 21:34:06,840 INFO org.springframework.boot.SpringApplication [restartedMain] No active profile set, falling back to default profiles: default
2021-03-26 21:34:07,715 INFO org.springframework.boot.StartupInfoLogger [restartedMain] Started DoeMaisApplication in 0.895 seconds (JVM running for 3366.807)
2021-03-26 21:40:08,219 INFO org.springframework.boot.StartupInfoLogger [restartedMain] Starting DoeMaisApplication on Jarvis with PID 1132 (C:\Users\leoka\Desktop\Doe+\Git Novo\ifsp-projeto-integrado-backend\target\classes started by leoka in C:\Users\leoka\Desktop\Doe+\Git Novo\ifsp-projeto-integrado-backend)
2021-03-26 21:40:08,219 DEBUG org.springframework.boot.StartupInfoLogger [restartedMain] Running with Spring Boot v2.3.1.RELEASE, Spring v5.2.7.RELEASE
2021-03-26 21:40:08,219 INFO org.springframework.boot.SpringApplication [restartedMain] No active profile set, falling back to default profiles: default
2021-03-26 21:40:09,145 INFO org.springframework.boot.StartupInfoLogger [restartedMain] Started DoeMaisApplication in 0.946 seconds (JVM running for 3728.236)
2021-03-26 21:41:27,828 INFO org.springframework.boot.StartupInfoLogger [restartedMain] Starting DoeMaisApplication on Jarvis with PID 1132 (C:\Users\leoka\Desktop\Doe+\Git Novo\ifsp-projeto-integrado-backend\target\classes started by leoka in C:\Users\leoka\Desktop\Doe+\Git Novo\ifsp-projeto-integrado-backend)
2021-03-26 21:41:27,828 DEBUG org.springframework.boot.StartupInfoLogger [restartedMain] Running with Spring Boot v2.3.1.RELEASE, Spring v5.2.7.RELEASE
2021-03-26 21:41:27,828 INFO org.springframework.boot.SpringApplication [restartedMain] No active profile set, falling back to default profiles: default
2021-03-26 21:41:28,714 INFO org.springframework.boot.StartupInfoLogger [restartedMain] Started DoeMaisApplication in 0.905 seconds (JVM running for 3807.805)
2021-03-26 21:45:14,398 INFO org.springframework.boot.StartupInfoLogger [restartedMain] Starting DoeMaisApplication on Jarvis with PID 1132 (C:\Users\leoka\Desktop\Doe+\Git Novo\ifsp-projeto-integrado-backend\target\classes started by leoka in C:\Users\leoka\Desktop\Doe+\Git Novo\ifsp-projeto-integrado-backend)
2021-03-26 21:45:14,398 DEBUG org.springframework.boot.StartupInfoLogger [restartedMain] Running with Spring Boot v2.3.1.RELEASE, Spring v5.2.7.RELEASE
2021-03-26 21:45:14,398 INFO org.springframework.boot.SpringApplication [restartedMain] No active profile set, falling back to default profiles: default
2021-03-26 21:45:15,248 INFO org.springframework.boot.StartupInfoLogger [restartedMain] Started DoeMaisApplication in 0.867 seconds (JVM running for 4034.339)
2021-03-26 21:45:40,346 INFO org.springframework.boot.StartupInfoLogger [restartedMain] Starting DoeMaisApplication on Jarvis with PID 1132 (C:\Users\leoka\Desktop\Doe+\Git Novo\ifsp-projeto-integrado-backend\target\classes started by leoka in C:\Users\leoka\Desktop\Doe+\Git Novo\ifsp-projeto-integrado-backend)
2021-03-26 21:45:40,346 DEBUG org.springframework.boot.StartupInfoLogger [restartedMain] Running with Spring Boot v2.3.1.RELEASE, Spring v5.2.7.RELEASE
2021-03-26 21:45:40,346 INFO org.springframework.boot.SpringApplication [restartedMain] No active profile set, falling back to default profiles: default
2021-03-26 21:45:41,189 INFO org.springframework.boot.StartupInfoLogger [restartedMain] Started DoeMaisApplication in 0.861 seconds (JVM running for 4060.28)
2021-03-26 21:45:49,071 INFO org.springframework.boot.StartupInfoLogger [restartedMain] Starting DoeMaisApplication on Jarvis with PID 1132 (C:\Users\leoka\Desktop\Doe+\Git Novo\ifsp-projeto-integrado-backend\target\classes started by leoka in C:\Users\leoka\Desktop\Doe+\Git Novo\ifsp-projeto-integrado-backend)
2021-03-26 21:45:49,072 DEBUG org.springframework.boot.StartupInfoLogger [restartedMain] Running with Spring Boot v2.3.1.RELEASE, Spring v5.2.7.RELEASE
2021-03-26 21:45:49,072 INFO org.springframework.boot.SpringApplication [restartedMain] No active profile set, falling back to default profiles: default
2021-03-26 21:45:49,899 INFO org.springframework.boot.StartupInfoLogger [restartedMain] Started DoeMaisApplication in 0.845 seconds (JVM running for 4068.99)
2021-03-26 21:47:15,994 INFO org.springframework.boot.StartupInfoLogger [restartedMain] Starting DoeMaisApplication on Jarvis with PID 1132 (C:\Users\leoka\Desktop\Doe+\Git Novo\ifsp-projeto-integrado-backend\target\classes started by leoka in C:\Users\leoka\Desktop\Doe+\Git Novo\ifsp-projeto-integrado-backend)
2021-03-26 21:47:15,994 DEBUG org.springframework.boot.StartupInfoLogger [restartedMain] Running with Spring Boot v2.3.1.RELEASE, Spring v5.2.7.RELEASE
2021-03-26 21:47:15,994 INFO org.springframework.boot.SpringApplication [restartedMain] No active profile set, falling back to default profiles: default
2021-03-26 21:47:16,850 INFO org.springframework.boot.StartupInfoLogger [restartedMain] Started DoeMaisApplication in 0.875 seconds (JVM running for 4155.941)
2021-03-26 21:53:07,199 INFO org.springframework.boot.StartupInfoLogger [restartedMain] Starting DoeMaisApplication on Jarvis with PID 1132 (C:\Users\leoka\Desktop\Doe+\Git Novo\ifsp-projeto-integrado-backend\target\classes started by leoka in C:\Users\leoka\Desktop\Doe+\Git Novo\ifsp-projeto-integrado-backend)
2021-03-26 21:53:07,199 DEBUG org.springframework.boot.StartupInfoLogger [restartedMain] Running with Spring Boot v2.3.1.RELEASE, Spring v5.2.7.RELEASE
2021-03-26 21:53:07,200 INFO org.springframework.boot.SpringApplication [restartedMain] No active profile set, falling back to default profiles: default
2021-03-26 21:53:08,170 INFO org.springframework.boot.StartupInfoLogger [restartedMain] Started DoeMaisApplication in 0.991 seconds (JVM running for 4507.261)
