2021-03-01 19:03:59,676 INFO org.springframework.boot.StartupInfoLogger [restartedMain] Starting DoeMaisApplication on SLACKJAM with PID 5749 (/home/rodrigo/Documentos/estudos/ifsp/materias/5o_semestre/pi1a5/ifsp-projeto-integrado/Backend/Doe+/target/classes started by rodrigo in /home/rodrigo/Documentos/estudos/ifsp/materias/5o_semestre/pi1a5/ifsp-projeto-integrado/Backend/Doe+)
2021-03-01 19:03:59,682 DEBUG org.springframework.boot.StartupInfoLogger [restartedMain] Running with Spring Boot v2.3.1.RELEASE, Spring v5.2.7.RELEASE
2021-03-01 19:03:59,685 INFO org.springframework.boot.SpringApplication [restartedMain] No active profile set, falling back to default profiles: default
2021-03-01 19:05:11,534 INFO org.springframework.boot.StartupInfoLogger [restartedMain] Starting DoeMaisApplication on SLACKJAM with PID 6242 (/home/rodrigo/Documentos/estudos/ifsp/materias/5o_semestre/pi1a5/ifsp-projeto-integrado/Backend/Doe+/target/classes started by rodrigo in /home/rodrigo/Documentos/estudos/ifsp/materias/5o_semestre/pi1a5/ifsp-projeto-integrado/Backend/Doe+)
2021-03-01 19:05:11,540 DEBUG org.springframework.boot.StartupInfoLogger [restartedMain] Running with Spring Boot v2.3.1.RELEASE, Spring v5.2.7.RELEASE
2021-03-01 19:05:11,541 INFO org.springframework.boot.SpringApplication [restartedMain] No active profile set, falling back to default profiles: default
2021-03-01 19:06:02,221 INFO org.springframework.boot.StartupInfoLogger [restartedMain] Starting DoeMaisApplication on SLACKJAM with PID 6680 (/home/rodrigo/Documentos/estudos/ifsp/materias/5o_semestre/pi1a5/ifsp-projeto-integrado/Backend/Doe+/target/classes started by rodrigo in /home/rodrigo/Documentos/estudos/ifsp/materias/5o_semestre/pi1a5/ifsp-projeto-integrado/Backend/Doe+)
2021-03-01 19:06:02,231 DEBUG org.springframework.boot.StartupInfoLogger [restartedMain] Running with Spring Boot v2.3.1.RELEASE, Spring v5.2.7.RELEASE
2021-03-01 19:06:02,234 INFO org.springframework.boot.SpringApplication [restartedMain] No active profile set, falling back to default profiles: default
2021-03-01 19:06:45,145 INFO org.springframework.boot.StartupInfoLogger [restartedMain] Starting DoeMaisApplication on SLACKJAM with PID 7113 (/home/rodrigo/Documentos/estudos/ifsp/materias/5o_semestre/pi1a5/ifsp-projeto-integrado/Backend/Doe+/target/classes started by rodrigo in /home/rodrigo/Documentos/estudos/ifsp/materias/5o_semestre/pi1a5/ifsp-projeto-integrado/Backend/Doe+)
2021-03-01 19:06:45,151 DEBUG org.springframework.boot.StartupInfoLogger [restartedMain] Running with Spring Boot v2.3.1.RELEASE, Spring v5.2.7.RELEASE
2021-03-01 19:06:45,152 INFO org.springframework.boot.SpringApplication [restartedMain] No active profile set, falling back to default profiles: default
2021-03-01 19:10:50,914 INFO org.springframework.boot.StartupInfoLogger [restartedMain] Starting DoeMaisApplication on SLACKJAM with PID 7565 (/home/rodrigo/Documentos/estudos/ifsp/materias/5o_semestre/pi1a5/ifsp-projeto-integrado/Backend/Doe+/target/classes started by rodrigo in /home/rodrigo/Documentos/estudos/ifsp/materias/5o_semestre/pi1a5/ifsp-projeto-integrado/Backend/Doe+)
2021-03-01 19:10:50,920 DEBUG org.springframework.boot.StartupInfoLogger [restartedMain] Running with Spring Boot v2.3.1.RELEASE, Spring v5.2.7.RELEASE
2021-03-01 19:10:50,922 INFO org.springframework.boot.SpringApplication [restartedMain] No active profile set, falling back to default profiles: default
2021-03-01 19:11:02,557 INFO org.springframework.boot.StartupInfoLogger [restartedMain] Started DoeMaisApplication in 12.609 seconds (JVM running for 14.144)
2021-03-01 19:16:51,713 INFO org.springframework.boot.StartupInfoLogger [restartedMain] Starting DoeMaisApplication on SLACKJAM with PID 8312 (/home/rodrigo/Documentos/estudos/ifsp/materias/5o_semestre/pi1a5/ifsp-projeto-integrado/Backend/Doe+/target/classes started by rodrigo in /home/rodrigo/Documentos/estudos/ifsp/materias/5o_semestre/pi1a5/ifsp-projeto-integrado/Backend/Doe+)
2021-03-01 19:16:51,718 DEBUG org.springframework.boot.StartupInfoLogger [restartedMain] Running with Spring Boot v2.3.1.RELEASE, Spring v5.2.7.RELEASE
2021-03-01 19:16:51,719 INFO org.springframework.boot.SpringApplication [restartedMain] No active profile set, falling back to default profiles: default
2021-03-01 19:17:02,930 INFO org.springframework.boot.StartupInfoLogger [restartedMain] Started DoeMaisApplication in 12.127 seconds (JVM running for 13.612)
2021-03-01 19:23:23,650 INFO org.springframework.boot.StartupInfoLogger [restartedMain] Starting DoeMaisApplication on SLACKJAM with PID 8902 (/home/rodrigo/Documentos/estudos/ifsp/materias/5o_semestre/pi1a5/ifsp-projeto-integrado/Backend/Doe+/target/classes started by rodrigo in /home/rodrigo/Documentos/estudos/ifsp/materias/5o_semestre/pi1a5/ifsp-projeto-integrado/Backend/Doe+)
2021-03-01 19:23:23,664 DEBUG org.springframework.boot.StartupInfoLogger [restartedMain] Running with Spring Boot v2.3.1.RELEASE, Spring v5.2.7.RELEASE
2021-03-01 19:23:23,665 INFO org.springframework.boot.SpringApplication [restartedMain] No active profile set, falling back to default profiles: default
2021-03-01 19:23:34,620 INFO org.springframework.boot.StartupInfoLogger [restartedMain] Started DoeMaisApplication in 11.92 seconds (JVM running for 13.42)
2021-03-01 19:33:33,536 INFO org.springframework.boot.StartupInfoLogger [restartedMain] Starting DoeMaisApplication on SLACKJAM with PID 10488 (/home/rodrigo/Documentos/estudos/ifsp/materias/5o_semestre/pi1a5/ifsp-projeto-integrado/Backend/Doe+/target/classes started by rodrigo in /home/rodrigo/Documentos/estudos/ifsp/materias/5o_semestre/pi1a5/ifsp-projeto-integrado/Backend/Doe+)
2021-03-01 19:33:33,544 DEBUG org.springframework.boot.StartupInfoLogger [restartedMain] Running with Spring Boot v2.3.1.RELEASE, Spring v5.2.7.RELEASE
2021-03-01 19:33:33,545 INFO org.springframework.boot.SpringApplication [restartedMain] No active profile set, falling back to default profiles: default
2021-03-01 19:33:55,945 INFO org.springframework.boot.StartupInfoLogger [restartedMain] Started DoeMaisApplication in 23.938 seconds (JVM running for 26.01)
2021-03-01 21:11:21,380 INFO org.springframework.boot.StartupInfoLogger [restartedMain] Starting DoeMaisApplication on SLACKJAM with PID 12335 (/home/rodrigo/Documentos/estudos/ifsp/materias/5o_semestre/pi1a5/ifsp-projeto-integrado/Backend/Doe+/target/classes started by rodrigo in /home/rodrigo/Documentos/estudos/ifsp/materias/5o_semestre/pi1a5/ifsp-projeto-integrado/Backend/Doe+)
2021-03-01 21:11:21,385 DEBUG org.springframework.boot.StartupInfoLogger [restartedMain] Running with Spring Boot v2.3.1.RELEASE, Spring v5.2.7.RELEASE
2021-03-01 21:11:21,386 INFO org.springframework.boot.SpringApplication [restartedMain] No active profile set, falling back to default profiles: default
2021-03-01 21:11:32,057 INFO org.springframework.boot.StartupInfoLogger [restartedMain] Started DoeMaisApplication in 11.628 seconds (JVM running for 13.068)
2021-03-01 21:30:22,040 INFO org.springframework.boot.StartupInfoLogger [restartedMain] Starting DoeMaisApplication on SLACKJAM with PID 13113 (/home/rodrigo/Documentos/estudos/ifsp/materias/5o_semestre/pi1a5/ifsp-projeto-integrado/Backend/Doe+/target/classes started by rodrigo in /home/rodrigo/Documentos/estudos/ifsp/materias/5o_semestre/pi1a5/ifsp-projeto-integrado/Backend/Doe+)
2021-03-01 21:30:22,046 DEBUG org.springframework.boot.StartupInfoLogger [restartedMain] Running with Spring Boot v2.3.1.RELEASE, Spring v5.2.7.RELEASE
2021-03-01 21:30:22,049 INFO org.springframework.boot.SpringApplication [restartedMain] No active profile set, falling back to default profiles: default
2021-03-01 21:30:32,771 INFO org.springframework.boot.StartupInfoLogger [restartedMain] Started DoeMaisApplication in 11.664 seconds (JVM running for 12.97)
2021-03-01 21:44:31,366 INFO org.springframework.boot.StartupInfoLogger [restartedMain] Starting DoeMaisApplication on SLACKJAM with PID 13873 (/home/rodrigo/Documentos/estudos/ifsp/materias/5o_semestre/pi1a5/ifsp-projeto-integrado/Backend/Doe+/target/classes started by rodrigo in /home/rodrigo/Documentos/estudos/ifsp/materias/5o_semestre/pi1a5/ifsp-projeto-integrado/Backend/Doe+)
2021-03-01 21:44:31,372 DEBUG org.springframework.boot.StartupInfoLogger [restartedMain] Running with Spring Boot v2.3.1.RELEASE, Spring v5.2.7.RELEASE
2021-03-01 21:44:31,374 INFO org.springframework.boot.SpringApplication [restartedMain] No active profile set, falling back to default profiles: default
2021-03-01 21:44:41,896 INFO org.springframework.boot.StartupInfoLogger [restartedMain] Started DoeMaisApplication in 11.444 seconds (JVM running for 12.935)
2021-03-01 21:48:54,711 INFO org.springframework.boot.StartupInfoLogger [restartedMain] Starting DoeMaisApplication on SLACKJAM with PID 14376 (/home/rodrigo/Documentos/estudos/ifsp/materias/5o_semestre/pi1a5/ifsp-projeto-integrado/Backend/Doe+/target/classes started by rodrigo in /home/rodrigo/Documentos/estudos/ifsp/materias/5o_semestre/pi1a5/ifsp-projeto-integrado/Backend/Doe+)
2021-03-01 21:48:54,715 DEBUG org.springframework.boot.StartupInfoLogger [restartedMain] Running with Spring Boot v2.3.1.RELEASE, Spring v5.2.7.RELEASE
2021-03-01 21:48:54,717 INFO org.springframework.boot.SpringApplication [restartedMain] No active profile set, falling back to default profiles: default
2021-03-01 21:49:06,273 INFO org.springframework.boot.StartupInfoLogger [restartedMain] Started DoeMaisApplication in 12.553 seconds (JVM running for 14.06)
2021-03-01 21:55:12,936 INFO org.springframework.boot.StartupInfoLogger [restartedMain] Starting DoeMaisApplication on SLACKJAM with PID 14923 (/home/rodrigo/Documentos/estudos/ifsp/materias/5o_semestre/pi1a5/ifsp-projeto-integrado/Backend/Doe+/target/classes started by rodrigo in /home/rodrigo/Documentos/estudos/ifsp/materias/5o_semestre/pi1a5/ifsp-projeto-integrado/Backend/Doe+)
2021-03-01 21:55:12,961 DEBUG org.springframework.boot.StartupInfoLogger [restartedMain] Running with Spring Boot v2.3.1.RELEASE, Spring v5.2.7.RELEASE
2021-03-01 21:55:12,971 INFO org.springframework.boot.SpringApplication [restartedMain] No active profile set, falling back to default profiles: default
2021-03-01 21:55:26,556 INFO org.springframework.boot.StartupInfoLogger [restartedMain] Started DoeMaisApplication in 14.591 seconds (JVM running for 15.971)
2021-03-01 21:58:33,788 INFO org.springframework.boot.StartupInfoLogger [restartedMain] Starting DoeMaisApplication on SLACKJAM with PID 15435 (/home/rodrigo/Documentos/estudos/ifsp/materias/5o_semestre/pi1a5/ifsp-projeto-integrado/Backend/Doe+/target/classes started by rodrigo in /home/rodrigo/Documentos/estudos/ifsp/materias/5o_semestre/pi1a5/ifsp-projeto-integrado/Backend/Doe+)
2021-03-01 21:58:33,796 DEBUG org.springframework.boot.StartupInfoLogger [restartedMain] Running with Spring Boot v2.3.1.RELEASE, Spring v5.2.7.RELEASE
2021-03-01 21:58:33,800 INFO org.springframework.boot.SpringApplication [restartedMain] No active profile set, falling back to default profiles: default
2021-03-01 22:04:45,259 INFO org.springframework.boot.StartupInfoLogger [restartedMain] Starting DoeMaisApplication on SLACKJAM with PID 16450 (/home/rodrigo/Documentos/estudos/ifsp/materias/5o_semestre/pi1a5/ifsp-projeto-integrado/Backend/Doe+/target/classes started by rodrigo in /home/rodrigo/Documentos/estudos/ifsp/materias/5o_semestre/pi1a5/ifsp-projeto-integrado/Backend/Doe+)
2021-03-01 22:04:45,267 DEBUG org.springframework.boot.StartupInfoLogger [restartedMain] Running with Spring Boot v2.3.1.RELEASE, Spring v5.2.7.RELEASE
2021-03-01 22:04:45,268 INFO org.springframework.boot.SpringApplication [restartedMain] No active profile set, falling back to default profiles: default
2021-03-01 22:04:55,701 INFO org.springframework.boot.StartupInfoLogger [restartedMain] Started DoeMaisApplication in 11.439 seconds (JVM running for 12.723)
2021-03-01 22:10:43,004 INFO org.springframework.boot.StartupInfoLogger [restartedMain] Starting DoeMaisApplication on SLACKJAM with PID 17354 (/home/rodrigo/Documentos/estudos/ifsp/materias/5o_semestre/pi1a5/ifsp-projeto-integrado/Backend/Doe+/target/classes started by rodrigo in /home/rodrigo/Documentos/estudos/ifsp/materias/5o_semestre/pi1a5/ifsp-projeto-integrado/Backend/Doe+)
2021-03-01 22:10:43,011 DEBUG org.springframework.boot.StartupInfoLogger [restartedMain] Running with Spring Boot v2.3.1.RELEASE, Spring v5.2.7.RELEASE
2021-03-01 22:10:43,012 INFO org.springframework.boot.SpringApplication [restartedMain] No active profile set, falling back to default profiles: default
2021-03-01 22:10:53,268 INFO org.springframework.boot.StartupInfoLogger [restartedMain] Started DoeMaisApplication in 11.176 seconds (JVM running for 12.481)
2021-03-01 22:17:40,830 INFO org.springframework.boot.StartupInfoLogger [restartedMain] Starting DoeMaisApplication on SLACKJAM with PID 17915 (/home/rodrigo/Documentos/estudos/ifsp/materias/5o_semestre/pi1a5/ifsp-projeto-integrado/Backend/Doe+/target/classes started by rodrigo in /home/rodrigo/Documentos/estudos/ifsp/materias/5o_semestre/pi1a5/ifsp-projeto-integrado/Backend/Doe+)
2021-03-01 22:17:40,835 DEBUG org.springframework.boot.StartupInfoLogger [restartedMain] Running with Spring Boot v2.3.1.RELEASE, Spring v5.2.7.RELEASE
2021-03-01 22:17:40,836 INFO org.springframework.boot.SpringApplication [restartedMain] No active profile set, falling back to default profiles: default
2021-03-01 22:17:51,592 INFO org.springframework.boot.StartupInfoLogger [restartedMain] Started DoeMaisApplication in 11.739 seconds (JVM running for 13.279)
2021-03-01 22:18:27,893 INFO org.springframework.boot.StartupInfoLogger [restartedMain] Starting DoeMaisApplication on SLACKJAM with PID 18378 (/home/rodrigo/Documentos/estudos/ifsp/materias/5o_semestre/pi1a5/ifsp-projeto-integrado/Backend/Doe+/target/classes started by rodrigo in /home/rodrigo/Documentos/estudos/ifsp/materias/5o_semestre/pi1a5/ifsp-projeto-integrado/Backend/Doe+)
2021-03-01 22:18:27,898 DEBUG org.springframework.boot.StartupInfoLogger [restartedMain] Running with Spring Boot v2.3.1.RELEASE, Spring v5.2.7.RELEASE
2021-03-01 22:18:27,900 INFO org.springframework.boot.SpringApplication [restartedMain] No active profile set, falling back to default profiles: default
2021-03-01 22:18:41,831 INFO org.springframework.boot.StartupInfoLogger [restartedMain] Started DoeMaisApplication in 14.884 seconds (JVM running for 16.259)
2021-03-01 22:19:02,514 INFO org.springframework.boot.StartupInfoLogger [restartedMain] Starting DoeMaisApplication on SLACKJAM with PID 18850 (/home/rodrigo/Documentos/estudos/ifsp/materias/5o_semestre/pi1a5/ifsp-projeto-integrado/Backend/Doe+/target/classes started by rodrigo in /home/rodrigo/Documentos/estudos/ifsp/materias/5o_semestre/pi1a5/ifsp-projeto-integrado/Backend/Doe+)
2021-03-01 22:19:02,517 DEBUG org.springframework.boot.StartupInfoLogger [restartedMain] Running with Spring Boot v2.3.1.RELEASE, Spring v5.2.7.RELEASE
2021-03-01 22:19:02,518 INFO org.springframework.boot.SpringApplication [restartedMain] No active profile set, falling back to default profiles: default
2021-03-01 22:19:15,023 INFO org.springframework.boot.StartupInfoLogger [restartedMain] Started DoeMaisApplication in 13.195 seconds (JVM running for 15.863)
2021-03-01 22:26:03,146 INFO org.springframework.boot.StartupInfoLogger [restartedMain] Starting DoeMaisApplication on SLACKJAM with PID 19386 (/home/rodrigo/Documentos/estudos/ifsp/materias/5o_semestre/pi1a5/ifsp-projeto-integrado/Backend/Doe+/target/classes started by rodrigo in /home/rodrigo/Documentos/estudos/ifsp/materias/5o_semestre/pi1a5/ifsp-projeto-integrado/Backend/Doe+)
2021-03-01 22:26:03,151 DEBUG org.springframework.boot.StartupInfoLogger [restartedMain] Running with Spring Boot v2.3.1.RELEASE, Spring v5.2.7.RELEASE
2021-03-01 22:26:03,153 INFO org.springframework.boot.SpringApplication [restartedMain] No active profile set, falling back to default profiles: default
2021-03-01 22:26:13,585 INFO org.springframework.boot.StartupInfoLogger [restartedMain] Started DoeMaisApplication in 11.488 seconds (JVM running for 12.971)
2021-03-01 22:29:48,642 INFO org.springframework.boot.StartupInfoLogger [restartedMain] Starting DoeMaisApplication on SLACKJAM with PID 19950 (/home/rodrigo/Documentos/estudos/ifsp/materias/5o_semestre/pi1a5/ifsp-projeto-integrado/Backend/Doe+/target/classes started by rodrigo in /home/rodrigo/Documentos/estudos/ifsp/materias/5o_semestre/pi1a5/ifsp-projeto-integrado/Backend/Doe+)
2021-03-01 22:29:48,649 DEBUG org.springframework.boot.StartupInfoLogger [restartedMain] Running with Spring Boot v2.3.1.RELEASE, Spring v5.2.7.RELEASE
2021-03-01 22:29:48,651 INFO org.springframework.boot.SpringApplication [restartedMain] No active profile set, falling back to default profiles: default
2021-03-01 22:30:03,763 INFO org.springframework.boot.StartupInfoLogger [restartedMain] Started DoeMaisApplication in 16.115 seconds (JVM running for 17.602)
2021-03-01 22:33:37,574 INFO org.springframework.boot.StartupInfoLogger [restartedMain] Starting DoeMaisApplication on SLACKJAM with PID 20497 (/home/rodrigo/Documentos/estudos/ifsp/materias/5o_semestre/pi1a5/ifsp-projeto-integrado/Backend/Doe+/target/classes started by rodrigo in /home/rodrigo/Documentos/estudos/ifsp/materias/5o_semestre/pi1a5/ifsp-projeto-integrado/Backend/Doe+)
2021-03-01 22:33:37,581 DEBUG org.springframework.boot.StartupInfoLogger [restartedMain] Running with Spring Boot v2.3.1.RELEASE, Spring v5.2.7.RELEASE
2021-03-01 22:33:37,582 INFO org.springframework.boot.SpringApplication [restartedMain] No active profile set, falling back to default profiles: default
2021-03-01 22:33:54,318 INFO org.springframework.boot.StartupInfoLogger [restartedMain] Started DoeMaisApplication in 17.656 seconds (JVM running for 19.072)
2021-03-01 22:34:18,877 INFO org.springframework.boot.StartupInfoLogger [restartedMain] Starting DoeMaisApplication on SLACKJAM with PID 20957 (/home/rodrigo/Documentos/estudos/ifsp/materias/5o_semestre/pi1a5/ifsp-projeto-integrado/Backend/Doe+/target/classes started by rodrigo in /home/rodrigo/Documentos/estudos/ifsp/materias/5o_semestre/pi1a5/ifsp-projeto-integrado/Backend/Doe+)
2021-03-01 22:34:18,882 DEBUG org.springframework.boot.StartupInfoLogger [restartedMain] Running with Spring Boot v2.3.1.RELEASE, Spring v5.2.7.RELEASE
2021-03-01 22:34:18,888 INFO org.springframework.boot.SpringApplication [restartedMain] No active profile set, falling back to default profiles: default
2021-03-01 22:34:29,418 INFO org.springframework.boot.StartupInfoLogger [restartedMain] Started DoeMaisApplication in 11.431 seconds (JVM running for 12.758)
2021-03-01 22:36:39,106 INFO org.springframework.boot.StartupInfoLogger [restartedMain] Starting DoeMaisApplication on SLACKJAM with PID 21538 (/home/rodrigo/Documentos/estudos/ifsp/materias/5o_semestre/pi1a5/ifsp-projeto-integrado/Backend/Doe+/target/classes started by rodrigo in /home/rodrigo/Documentos/estudos/ifsp/materias/5o_semestre/pi1a5/ifsp-projeto-integrado/Backend/Doe+)
2021-03-01 22:36:39,112 DEBUG org.springframework.boot.StartupInfoLogger [restartedMain] Running with Spring Boot v2.3.1.RELEASE, Spring v5.2.7.RELEASE
2021-03-01 22:36:39,114 INFO org.springframework.boot.SpringApplication [restartedMain] No active profile set, falling back to default profiles: default
2021-03-01 22:36:49,808 INFO org.springframework.boot.StartupInfoLogger [restartedMain] Started DoeMaisApplication in 11.663 seconds (JVM running for 13.026)
2021-03-01 22:52:13,794 INFO org.springframework.boot.StartupInfoLogger [restartedMain] Starting DoeMaisApplication on SLACKJAM with PID 22235 (/home/rodrigo/Documentos/estudos/ifsp/materias/5o_semestre/pi1a5/ifsp-projeto-integrado/Backend/Doe+/target/classes started by rodrigo in /home/rodrigo/Documentos/estudos/ifsp/materias/5o_semestre/pi1a5/ifsp-projeto-integrado/Backend/Doe+)
2021-03-01 22:52:13,801 DEBUG org.springframework.boot.StartupInfoLogger [restartedMain] Running with Spring Boot v2.3.1.RELEASE, Spring v5.2.7.RELEASE
2021-03-01 22:52:13,804 INFO org.springframework.boot.SpringApplication [restartedMain] No active profile set, falling back to default profiles: default
2021-03-01 22:53:18,896 INFO org.springframework.boot.StartupInfoLogger [restartedMain] Starting DoeMaisApplication on SLACKJAM with PID 22690 (/home/rodrigo/Documentos/estudos/ifsp/materias/5o_semestre/pi1a5/ifsp-projeto-integrado/Backend/Doe+/target/classes started by rodrigo in /home/rodrigo/Documentos/estudos/ifsp/materias/5o_semestre/pi1a5/ifsp-projeto-integrado/Backend/Doe+)
2021-03-01 22:53:18,904 DEBUG org.springframework.boot.StartupInfoLogger [restartedMain] Running with Spring Boot v2.3.1.RELEASE, Spring v5.2.7.RELEASE
2021-03-01 22:53:18,914 INFO org.springframework.boot.SpringApplication [restartedMain] No active profile set, falling back to default profiles: default
2021-03-01 22:54:50,919 INFO org.springframework.boot.StartupInfoLogger [restartedMain] Starting DoeMaisApplication on SLACKJAM with PID 23197 (/home/rodrigo/Documentos/estudos/ifsp/materias/5o_semestre/pi1a5/ifsp-projeto-integrado/Backend/Doe+/target/classes started by rodrigo in /home/rodrigo/Documentos/estudos/ifsp/materias/5o_semestre/pi1a5/ifsp-projeto-integrado/Backend/Doe+)
2021-03-01 22:54:50,927 DEBUG org.springframework.boot.StartupInfoLogger [restartedMain] Running with Spring Boot v2.3.1.RELEASE, Spring v5.2.7.RELEASE
2021-03-01 22:54:50,928 INFO org.springframework.boot.SpringApplication [restartedMain] No active profile set, falling back to default profiles: default
2021-03-01 22:55:04,904 INFO org.springframework.boot.StartupInfoLogger [restartedMain] Started DoeMaisApplication in 14.904 seconds (JVM running for 16.392)
2021-03-01 22:58:41,638 INFO org.springframework.boot.StartupInfoLogger [restartedMain] Starting DoeMaisApplication on SLACKJAM with PID 23728 (/home/rodrigo/Documentos/estudos/ifsp/materias/5o_semestre/pi1a5/ifsp-projeto-integrado/Backend/Doe+/target/classes started by rodrigo in /home/rodrigo/Documentos/estudos/ifsp/materias/5o_semestre/pi1a5/ifsp-projeto-integrado/Backend/Doe+)
2021-03-01 22:58:41,643 DEBUG org.springframework.boot.StartupInfoLogger [restartedMain] Running with Spring Boot v2.3.1.RELEASE, Spring v5.2.7.RELEASE
2021-03-01 22:58:41,644 INFO org.springframework.boot.SpringApplication [restartedMain] No active profile set, falling back to default profiles: default
2021-03-01 22:58:52,063 INFO org.springframework.boot.StartupInfoLogger [restartedMain] Started DoeMaisApplication in 11.354 seconds (JVM running for 12.694)
2021-03-01 23:06:04,842 INFO org.springframework.boot.StartupInfoLogger [restartedMain] Starting DoeMaisApplication on SLACKJAM with PID 24302 (/home/rodrigo/Documentos/estudos/ifsp/materias/5o_semestre/pi1a5/ifsp-projeto-integrado/Backend/Doe+/target/classes started by rodrigo in /home/rodrigo/Documentos/estudos/ifsp/materias/5o_semestre/pi1a5/ifsp-projeto-integrado/Backend/Doe+)
2021-03-01 23:06:04,850 DEBUG org.springframework.boot.StartupInfoLogger [restartedMain] Running with Spring Boot v2.3.1.RELEASE, Spring v5.2.7.RELEASE
2021-03-01 23:06:04,851 INFO org.springframework.boot.SpringApplication [restartedMain] No active profile set, falling back to default profiles: default
2021-03-01 23:06:15,382 INFO org.springframework.boot.StartupInfoLogger [restartedMain] Started DoeMaisApplication in 11.486 seconds (JVM running for 12.872)
2021-03-02 22:32:16,889 INFO org.springframework.boot.StartupInfoLogger [restartedMain] Starting DoeMaisApplication on Jarvis with PID 2112 (C:\Users\leoka\Desktop\Doe+\GIT3\ifsp-projeto-integrado\Backend\Doe+\target\classes started by leoka in C:\Users\leoka\Desktop\Doe+\GIT3\ifsp-projeto-integrado\Backend\Doe+)
2021-03-02 22:32:16,891 DEBUG org.springframework.boot.StartupInfoLogger [restartedMain] Running with Spring Boot v2.3.1.RELEASE, Spring v5.2.7.RELEASE
2021-03-02 22:32:16,891 INFO org.springframework.boot.SpringApplication [restartedMain] No active profile set, falling back to default profiles: default
2021-03-02 22:32:23,268 INFO org.springframework.boot.StartupInfoLogger [restartedMain] Started DoeMaisApplication in 6.617 seconds (JVM running for 7.05)
2021-03-02 22:38:03,738 INFO org.springframework.boot.StartupInfoLogger [restartedMain] Starting DoeMaisApplication on Jarvis with PID 2112 (C:\Users\leoka\Desktop\Doe+\GIT3\ifsp-projeto-integrado\Backend\Doe+\target\classes started by leoka in C:\Users\leoka\Desktop\Doe+\GIT3\ifsp-projeto-integrado\Backend\Doe+)
2021-03-02 22:38:03,738 DEBUG org.springframework.boot.StartupInfoLogger [restartedMain] Running with Spring Boot v2.3.1.RELEASE, Spring v5.2.7.RELEASE
2021-03-02 22:38:03,738 INFO org.springframework.boot.SpringApplication [restartedMain] No active profile set, falling back to default profiles: default
2021-03-02 22:38:05,003 INFO org.springframework.boot.StartupInfoLogger [restartedMain] Started DoeMaisApplication in 1.288 seconds (JVM running for 348.785)
2021-03-02 22:45:32,860 INFO org.springframework.boot.StartupInfoLogger [restartedMain] Starting DoeMaisApplication on Jarvis with PID 2112 (C:\Users\leoka\Desktop\Doe+\GIT3\ifsp-projeto-integrado\Backend\Doe+\target\classes started by leoka in C:\Users\leoka\Desktop\Doe+\GIT3\ifsp-projeto-integrado\Backend\Doe+)
2021-03-02 22:45:32,860 DEBUG org.springframework.boot.StartupInfoLogger [restartedMain] Running with Spring Boot v2.3.1.RELEASE, Spring v5.2.7.RELEASE
2021-03-02 22:45:32,861 INFO org.springframework.boot.SpringApplication [restartedMain] No active profile set, falling back to default profiles: default
2021-03-02 22:45:34,057 INFO org.springframework.boot.StartupInfoLogger [restartedMain] Started DoeMaisApplication in 1.225 seconds (JVM running for 797.84)
2021-03-02 22:46:11,849 INFO org.springframework.boot.StartupInfoLogger [restartedMain] Starting DoeMaisApplication on Jarvis with PID 2112 (C:\Users\leoka\Desktop\Doe+\GIT3\ifsp-projeto-integrado\Backend\Doe+\target\classes started by leoka in C:\Users\leoka\Desktop\Doe+\GIT3\ifsp-projeto-integrado\Backend\Doe+)
2021-03-02 22:46:11,849 DEBUG org.springframework.boot.StartupInfoLogger [restartedMain] Running with Spring Boot v2.3.1.RELEASE, Spring v5.2.7.RELEASE
2021-03-02 22:46:11,849 INFO org.springframework.boot.SpringApplication [restartedMain] No active profile set, falling back to default profiles: default
2021-03-02 22:46:12,851 INFO org.springframework.boot.StartupInfoLogger [restartedMain] Started DoeMaisApplication in 1.026 seconds (JVM running for 836.634)
2021-03-02 22:46:54,787 INFO org.springframework.boot.StartupInfoLogger [restartedMain] Starting DoeMaisApplication on Jarvis with PID 2112 (C:\Users\leoka\Desktop\Doe+\GIT3\ifsp-projeto-integrado\Backend\Doe+\target\classes started by leoka in C:\Users\leoka\Desktop\Doe+\GIT3\ifsp-projeto-integrado\Backend\Doe+)
2021-03-02 22:46:54,787 DEBUG org.springframework.boot.StartupInfoLogger [restartedMain] Running with Spring Boot v2.3.1.RELEASE, Spring v5.2.7.RELEASE
2021-03-02 22:46:54,787 INFO org.springframework.boot.SpringApplication [restartedMain] No active profile set, falling back to default profiles: default
2021-03-02 22:46:55,717 INFO org.springframework.boot.StartupInfoLogger [restartedMain] Started DoeMaisApplication in 0.952 seconds (JVM running for 879.499)
2021-03-02 22:48:24,044 INFO org.springframework.boot.StartupInfoLogger [restartedMain] Starting DoeMaisApplication on Jarvis with PID 2112 (C:\Users\leoka\Desktop\Doe+\GIT3\ifsp-projeto-integrado\Backend\Doe+\target\classes started by leoka in C:\Users\leoka\Desktop\Doe+\GIT3\ifsp-projeto-integrado\Backend\Doe+)
2021-03-02 22:48:24,044 DEBUG org.springframework.boot.StartupInfoLogger [restartedMain] Running with Spring Boot v2.3.1.RELEASE, Spring v5.2.7.RELEASE
2021-03-02 22:48:24,044 INFO org.springframework.boot.SpringApplication [restartedMain] No active profile set, falling back to default profiles: default
2021-03-02 22:48:24,973 INFO org.springframework.boot.StartupInfoLogger [restartedMain] Started DoeMaisApplication in 0.949 seconds (JVM running for 968.756)
2021-03-02 22:49:48,336 INFO org.springframework.boot.StartupInfoLogger [restartedMain] Starting DoeMaisApplication on Jarvis with PID 2112 (C:\Users\leoka\Desktop\Doe+\GIT3\ifsp-projeto-integrado\Backend\Doe+\target\classes started by leoka in C:\Users\leoka\Desktop\Doe+\GIT3\ifsp-projeto-integrado\Backend\Doe+)
2021-03-02 22:49:48,336 DEBUG org.springframework.boot.StartupInfoLogger [restartedMain] Running with Spring Boot v2.3.1.RELEASE, Spring v5.2.7.RELEASE
2021-03-02 22:49:48,336 INFO org.springframework.boot.SpringApplication [restartedMain] No active profile set, falling back to default profiles: default
2021-03-02 22:49:49,216 INFO org.springframework.boot.StartupInfoLogger [restartedMain] Started DoeMaisApplication in 0.904 seconds (JVM running for 1052.999)
2021-03-02 22:51:15,613 INFO org.springframework.boot.StartupInfoLogger [restartedMain] Starting DoeMaisApplication on Jarvis with PID 2112 (C:\Users\leoka\Desktop\Doe+\GIT3\ifsp-projeto-integrado\Backend\Doe+\target\classes started by leoka in C:\Users\leoka\Desktop\Doe+\GIT3\ifsp-projeto-integrado\Backend\Doe+)
2021-03-02 22:51:15,613 DEBUG org.springframework.boot.StartupInfoLogger [restartedMain] Running with Spring Boot v2.3.1.RELEASE, Spring v5.2.7.RELEASE
2021-03-02 22:51:15,613 INFO org.springframework.boot.SpringApplication [restartedMain] No active profile set, falling back to default profiles: default
2021-03-02 22:51:16,516 INFO org.springframework.boot.StartupInfoLogger [restartedMain] Started DoeMaisApplication in 0.925 seconds (JVM running for 1140.299)
2021-03-02 22:51:50,403 INFO org.springframework.boot.StartupInfoLogger [restartedMain] Starting DoeMaisApplication on Jarvis with PID 2112 (C:\Users\leoka\Desktop\Doe+\GIT3\ifsp-projeto-integrado\Backend\Doe+\target\classes started by leoka in C:\Users\leoka\Desktop\Doe+\GIT3\ifsp-projeto-integrado\Backend\Doe+)
2021-03-02 22:51:50,403 DEBUG org.springframework.boot.StartupInfoLogger [restartedMain] Running with Spring Boot v2.3.1.RELEASE, Spring v5.2.7.RELEASE
2021-03-02 22:51:50,403 INFO org.springframework.boot.SpringApplication [restartedMain] No active profile set, falling back to default profiles: default
2021-03-02 22:51:51,215 INFO org.springframework.boot.StartupInfoLogger [restartedMain] Started DoeMaisApplication in 0.832 seconds (JVM running for 1174.998)
2021-03-02 22:52:04,914 INFO org.springframework.boot.StartupInfoLogger [restartedMain] Starting DoeMaisApplication on Jarvis with PID 2112 (C:\Users\leoka\Desktop\Doe+\GIT3\ifsp-projeto-integrado\Backend\Doe+\target\classes started by leoka in C:\Users\leoka\Desktop\Doe+\GIT3\ifsp-projeto-integrado\Backend\Doe+)
2021-03-02 22:52:04,914 DEBUG org.springframework.boot.StartupInfoLogger [restartedMain] Running with Spring Boot v2.3.1.RELEASE, Spring v5.2.7.RELEASE
2021-03-02 22:52:04,914 INFO org.springframework.boot.SpringApplication [restartedMain] No active profile set, falling back to default profiles: default
2021-03-02 22:52:05,729 INFO org.springframework.boot.StartupInfoLogger [restartedMain] Started DoeMaisApplication in 0.835 seconds (JVM running for 1189.512)
2021-03-02 22:53:01,788 INFO org.springframework.boot.StartupInfoLogger [restartedMain] Starting DoeMaisApplication on Jarvis with PID 2112 (C:\Users\leoka\Desktop\Doe+\GIT3\ifsp-projeto-integrado\Backend\Doe+\target\classes started by leoka in C:\Users\leoka\Desktop\Doe+\GIT3\ifsp-projeto-integrado\Backend\Doe+)
2021-03-02 22:53:01,789 DEBUG org.springframework.boot.StartupInfoLogger [restartedMain] Running with Spring Boot v2.3.1.RELEASE, Spring v5.2.7.RELEASE
2021-03-02 22:53:01,789 INFO org.springframework.boot.SpringApplication [restartedMain] No active profile set, falling back to default profiles: default
2021-03-02 22:53:02,616 INFO org.springframework.boot.StartupInfoLogger [restartedMain] Started DoeMaisApplication in 0.848 seconds (JVM running for 1246.399)
2021-03-02 22:55:46,793 INFO org.springframework.boot.StartupInfoLogger [restartedMain] Starting DoeMaisApplication on Jarvis with PID 2112 (C:\Users\leoka\Desktop\Doe+\GIT3\ifsp-projeto-integrado\Backend\Doe+\target\classes started by leoka in C:\Users\leoka\Desktop\Doe+\GIT3\ifsp-projeto-integrado\Backend\Doe+)
2021-03-02 22:55:46,793 DEBUG org.springframework.boot.StartupInfoLogger [restartedMain] Running with Spring Boot v2.3.1.RELEASE, Spring v5.2.7.RELEASE
2021-03-02 22:55:46,793 INFO org.springframework.boot.SpringApplication [restartedMain] No active profile set, falling back to default profiles: default
2021-03-02 22:55:47,615 INFO org.springframework.boot.StartupInfoLogger [restartedMain] Started DoeMaisApplication in 0.841 seconds (JVM running for 1411.397)
2021-03-02 22:56:26,598 INFO org.springframework.boot.StartupInfoLogger [restartedMain] Starting DoeMaisApplication on Jarvis with PID 2112 (C:\Users\leoka\Desktop\Doe+\GIT3\ifsp-projeto-integrado\Backend\Doe+\target\classes started by leoka in C:\Users\leoka\Desktop\Doe+\GIT3\ifsp-projeto-integrado\Backend\Doe+)
2021-03-02 22:56:26,598 DEBUG org.springframework.boot.StartupInfoLogger [restartedMain] Running with Spring Boot v2.3.1.RELEASE, Spring v5.2.7.RELEASE
2021-03-02 22:56:26,598 INFO org.springframework.boot.SpringApplication [restartedMain] No active profile set, falling back to default profiles: default
2021-03-02 22:56:27,438 INFO org.springframework.boot.StartupInfoLogger [restartedMain] Started DoeMaisApplication in 0.86 seconds (JVM running for 1451.22)
2021-03-02 22:58:37,250 INFO org.springframework.boot.StartupInfoLogger [restartedMain] Starting DoeMaisApplication on Jarvis with PID 2112 (C:\Users\leoka\Desktop\Doe+\GIT3\ifsp-projeto-integrado\Backend\Doe+\target\classes started by leoka in C:\Users\leoka\Desktop\Doe+\GIT3\ifsp-projeto-integrado\Backend\Doe+)
2021-03-02 22:58:37,250 DEBUG org.springframework.boot.StartupInfoLogger [restartedMain] Running with Spring Boot v2.3.1.RELEASE, Spring v5.2.7.RELEASE
2021-03-02 22:58:37,250 INFO org.springframework.boot.SpringApplication [restartedMain] No active profile set, falling back to default profiles: default
2021-03-02 22:58:38,118 INFO org.springframework.boot.StartupInfoLogger [restartedMain] Started DoeMaisApplication in 0.888 seconds (JVM running for 1581.901)
2021-03-02 23:09:22,919 INFO org.springframework.boot.StartupInfoLogger [restartedMain] Starting DoeMaisApplication on Jarvis with PID 2112 (C:\Users\leoka\Desktop\Doe+\GIT3\ifsp-projeto-integrado\Backend\Doe+\target\classes started by leoka in C:\Users\leoka\Desktop\Doe+\GIT3\ifsp-projeto-integrado\Backend\Doe+)
2021-03-02 23:09:22,919 DEBUG org.springframework.boot.StartupInfoLogger [restartedMain] Running with Spring Boot v2.3.1.RELEASE, Spring v5.2.7.RELEASE
2021-03-02 23:09:22,919 INFO org.springframework.boot.SpringApplication [restartedMain] No active profile set, falling back to default profiles: default
2021-03-02 23:09:23,965 INFO org.springframework.boot.StartupInfoLogger [restartedMain] Started DoeMaisApplication in 1.066 seconds (JVM running for 2227.748)
2021-03-02 23:11:28,862 INFO org.springframework.boot.StartupInfoLogger [restartedMain] Starting DoeMaisApplication on Jarvis with PID 2112 (C:\Users\leoka\Desktop\Doe+\GIT3\ifsp-projeto-integrado\Backend\Doe+\target\classes started by leoka in C:\Users\leoka\Desktop\Doe+\GIT3\ifsp-projeto-integrado\Backend\Doe+)
2021-03-02 23:11:28,863 DEBUG org.springframework.boot.StartupInfoLogger [restartedMain] Running with Spring Boot v2.3.1.RELEASE, Spring v5.2.7.RELEASE
2021-03-02 23:11:28,863 INFO org.springframework.boot.SpringApplication [restartedMain] No active profile set, falling back to default profiles: default
2021-03-02 23:11:29,739 INFO org.springframework.boot.StartupInfoLogger [restartedMain] Started DoeMaisApplication in 0.897 seconds (JVM running for 2353.522)
2021-03-02 23:14:16,135 INFO org.springframework.boot.StartupInfoLogger [restartedMain] Starting DoeMaisApplication on Jarvis with PID 2112 (C:\Users\leoka\Desktop\Doe+\GIT3\ifsp-projeto-integrado\Backend\Doe+\target\classes started by leoka in C:\Users\leoka\Desktop\Doe+\GIT3\ifsp-projeto-integrado\Backend\Doe+)
2021-03-02 23:14:16,136 DEBUG org.springframework.boot.StartupInfoLogger [restartedMain] Running with Spring Boot v2.3.1.RELEASE, Spring v5.2.7.RELEASE
2021-03-02 23:14:16,136 INFO org.springframework.boot.SpringApplication [restartedMain] No active profile set, falling back to default profiles: default
2021-03-02 23:14:16,940 INFO org.springframework.boot.StartupInfoLogger [restartedMain] Started DoeMaisApplication in 0.822 seconds (JVM running for 2520.722)
2021-03-02 23:17:42,501 INFO org.springframework.boot.StartupInfoLogger [restartedMain] Starting DoeMaisApplication on Jarvis with PID 2112 (C:\Users\leoka\Desktop\Doe+\GIT3\ifsp-projeto-integrado\Backend\Doe+\target\classes started by leoka in C:\Users\leoka\Desktop\Doe+\GIT3\ifsp-projeto-integrado\Backend\Doe+)
2021-03-02 23:17:42,502 DEBUG org.springframework.boot.StartupInfoLogger [restartedMain] Running with Spring Boot v2.3.1.RELEASE, Spring v5.2.7.RELEASE
2021-03-02 23:17:42,502 INFO org.springframework.boot.SpringApplication [restartedMain] No active profile set, falling back to default profiles: default
2021-03-02 23:17:43,352 INFO org.springframework.boot.StartupInfoLogger [restartedMain] Started DoeMaisApplication in 0.87 seconds (JVM running for 2727.135)
2021-03-02 23:18:47,619 INFO org.springframework.boot.StartupInfoLogger [restartedMain] Starting DoeMaisApplication on Jarvis with PID 2112 (C:\Users\leoka\Desktop\Doe+\GIT3\ifsp-projeto-integrado\Backend\Doe+\target\classes started by leoka in C:\Users\leoka\Desktop\Doe+\GIT3\ifsp-projeto-integrado\Backend\Doe+)
2021-03-02 23:18:47,619 DEBUG org.springframework.boot.StartupInfoLogger [restartedMain] Running with Spring Boot v2.3.1.RELEASE, Spring v5.2.7.RELEASE
2021-03-02 23:18:47,619 INFO org.springframework.boot.SpringApplication [restartedMain] No active profile set, falling back to default profiles: default
2021-03-02 23:18:48,462 INFO org.springframework.boot.StartupInfoLogger [restartedMain] Started DoeMaisApplication in 0.862 seconds (JVM running for 2792.245)
2021-03-02 23:23:34,845 INFO org.springframework.boot.StartupInfoLogger [restartedMain] Starting DoeMaisApplication on Jarvis with PID 2112 (C:\Users\leoka\Desktop\Doe+\GIT3\ifsp-projeto-integrado\Backend\Doe+\target\classes started by leoka in C:\Users\leoka\Desktop\Doe+\GIT3\ifsp-projeto-integrado\Backend\Doe+)
2021-03-02 23:23:34,845 DEBUG org.springframework.boot.StartupInfoLogger [restartedMain] Running with Spring Boot v2.3.1.RELEASE, Spring v5.2.7.RELEASE
2021-03-02 23:23:34,845 INFO org.springframework.boot.SpringApplication [restartedMain] No active profile set, falling back to default profiles: default
2021-03-02 23:23:35,686 INFO org.springframework.boot.StartupInfoLogger [restartedMain] Started DoeMaisApplication in 0.858 seconds (JVM running for 3079.468)
2021-03-02 23:24:53,194 INFO org.springframework.boot.StartupInfoLogger [restartedMain] Starting DoeMaisApplication on Jarvis with PID 2112 (C:\Users\leoka\Desktop\Doe+\GIT3\ifsp-projeto-integrado\Backend\Doe+\target\classes started by leoka in C:\Users\leoka\Desktop\Doe+\GIT3\ifsp-projeto-integrado\Backend\Doe+)
2021-03-02 23:24:53,195 DEBUG org.springframework.boot.StartupInfoLogger [restartedMain] Running with Spring Boot v2.3.1.RELEASE, Spring v5.2.7.RELEASE
2021-03-02 23:24:53,195 INFO org.springframework.boot.SpringApplication [restartedMain] No active profile set, falling back to default profiles: default
2021-03-02 23:24:54,073 INFO org.springframework.boot.StartupInfoLogger [restartedMain] Started DoeMaisApplication in 0.9 seconds (JVM running for 3157.855)
2021-03-02 23:26:24,604 INFO org.springframework.boot.StartupInfoLogger [restartedMain] Starting DoeMaisApplication on Jarvis with PID 2112 (C:\Users\leoka\Desktop\Doe+\GIT3\ifsp-projeto-integrado\Backend\Doe+\target\classes started by leoka in C:\Users\leoka\Desktop\Doe+\GIT3\ifsp-projeto-integrado\Backend\Doe+)
2021-03-02 23:26:24,604 DEBUG org.springframework.boot.StartupInfoLogger [restartedMain] Running with Spring Boot v2.3.1.RELEASE, Spring v5.2.7.RELEASE
2021-03-02 23:26:24,605 INFO org.springframework.boot.SpringApplication [restartedMain] No active profile set, falling back to default profiles: default
2021-03-02 23:26:25,457 INFO org.springframework.boot.StartupInfoLogger [restartedMain] Started DoeMaisApplication in 0.87 seconds (JVM running for 3249.239)
2021-03-02 23:27:03,526 INFO org.springframework.boot.StartupInfoLogger [restartedMain] Starting DoeMaisApplication on Jarvis with PID 2112 (C:\Users\leoka\Desktop\Doe+\GIT3\ifsp-projeto-integrado\Backend\Doe+\target\classes started by leoka in C:\Users\leoka\Desktop\Doe+\GIT3\ifsp-projeto-integrado\Backend\Doe+)
2021-03-02 23:27:03,526 DEBUG org.springframework.boot.StartupInfoLogger [restartedMain] Running with Spring Boot v2.3.1.RELEASE, Spring v5.2.7.RELEASE
2021-03-02 23:27:03,526 INFO org.springframework.boot.SpringApplication [restartedMain] No active profile set, falling back to default profiles: default
2021-03-02 23:27:04,334 INFO org.springframework.boot.StartupInfoLogger [restartedMain] Started DoeMaisApplication in 0.829 seconds (JVM running for 3288.117)
2021-03-02 23:34:36,671 INFO org.springframework.boot.StartupInfoLogger [restartedMain] Starting DoeMaisApplication on Jarvis with PID 2112 (C:\Users\leoka\Desktop\Doe+\GIT3\ifsp-projeto-integrado\Backend\Doe+\target\classes started by leoka in C:\Users\leoka\Desktop\Doe+\GIT3\ifsp-projeto-integrado\Backend\Doe+)
2021-03-02 23:34:36,671 DEBUG org.springframework.boot.StartupInfoLogger [restartedMain] Running with Spring Boot v2.3.1.RELEASE, Spring v5.2.7.RELEASE
2021-03-02 23:34:36,671 INFO org.springframework.boot.SpringApplication [restartedMain] No active profile set, falling back to default profiles: default
2021-03-02 23:34:37,486 INFO org.springframework.boot.StartupInfoLogger [restartedMain] Started DoeMaisApplication in 0.832 seconds (JVM running for 3741.268)
2021-03-02 23:35:17,538 INFO org.springframework.boot.StartupInfoLogger [restartedMain] Starting DoeMaisApplication on Jarvis with PID 2112 (C:\Users\leoka\Desktop\Doe+\GIT3\ifsp-projeto-integrado\Backend\Doe+\target\classes started by leoka in C:\Users\leoka\Desktop\Doe+\GIT3\ifsp-projeto-integrado\Backend\Doe+)
2021-03-02 23:35:17,538 DEBUG org.springframework.boot.StartupInfoLogger [restartedMain] Running with Spring Boot v2.3.1.RELEASE, Spring v5.2.7.RELEASE
2021-03-02 23:35:17,538 INFO org.springframework.boot.SpringApplication [restartedMain] No active profile set, falling back to default profiles: default
2021-03-02 23:35:18,371 INFO org.springframework.boot.StartupInfoLogger [restartedMain] Started DoeMaisApplication in 0.85 seconds (JVM running for 3782.154)
2021-03-02 23:35:31,190 INFO org.springframework.boot.StartupInfoLogger [restartedMain] Starting DoeMaisApplication on Jarvis with PID 2112 (C:\Users\leoka\Desktop\Doe+\GIT3\ifsp-projeto-integrado\Backend\Doe+\target\classes started by leoka in C:\Users\leoka\Desktop\Doe+\GIT3\ifsp-projeto-integrado\Backend\Doe+)
2021-03-02 23:35:31,191 DEBUG org.springframework.boot.StartupInfoLogger [restartedMain] Running with Spring Boot v2.3.1.RELEASE, Spring v5.2.7.RELEASE
2021-03-02 23:35:31,191 INFO org.springframework.boot.SpringApplication [restartedMain] No active profile set, falling back to default profiles: default
2021-03-02 23:35:31,999 INFO org.springframework.boot.StartupInfoLogger [restartedMain] Started DoeMaisApplication in 0.827 seconds (JVM running for 3795.782)
2021-03-02 23:37:15,701 INFO org.springframework.boot.StartupInfoLogger [restartedMain] Starting DoeMaisApplication on Jarvis with PID 2112 (C:\Users\leoka\Desktop\Doe+\GIT3\ifsp-projeto-integrado\Backend\Doe+\target\classes started by leoka in C:\Users\leoka\Desktop\Doe+\GIT3\ifsp-projeto-integrado\Backend\Doe+)
2021-03-02 23:37:15,701 DEBUG org.springframework.boot.StartupInfoLogger [restartedMain] Running with Spring Boot v2.3.1.RELEASE, Spring v5.2.7.RELEASE
2021-03-02 23:37:15,701 INFO org.springframework.boot.SpringApplication [restartedMain] No active profile set, falling back to default profiles: default
2021-03-02 23:37:16,500 INFO org.springframework.boot.StartupInfoLogger [restartedMain] Started DoeMaisApplication in 0.818 seconds (JVM running for 3900.283)
2021-03-02 23:38:16,850 INFO org.springframework.boot.StartupInfoLogger [restartedMain] Starting DoeMaisApplication on Jarvis with PID 2112 (C:\Users\leoka\Desktop\Doe+\GIT3\ifsp-projeto-integrado\Backend\Doe+\target\classes started by leoka in C:\Users\leoka\Desktop\Doe+\GIT3\ifsp-projeto-integrado\Backend\Doe+)
2021-03-02 23:38:16,851 DEBUG org.springframework.boot.StartupInfoLogger [restartedMain] Running with Spring Boot v2.3.1.RELEASE, Spring v5.2.7.RELEASE
2021-03-02 23:38:16,851 INFO org.springframework.boot.SpringApplication [restartedMain] No active profile set, falling back to default profiles: default
2021-03-02 23:38:17,646 INFO org.springframework.boot.StartupInfoLogger [restartedMain] Started DoeMaisApplication in 0.815 seconds (JVM running for 3961.429)
2021-03-02 23:39:27,069 INFO org.springframework.boot.StartupInfoLogger [restartedMain] Starting DoeMaisApplication on Jarvis with PID 2112 (C:\Users\leoka\Desktop\Doe+\GIT3\ifsp-projeto-integrado\Backend\Doe+\target\classes started by leoka in C:\Users\leoka\Desktop\Doe+\GIT3\ifsp-projeto-integrado\Backend\Doe+)
2021-03-02 23:39:27,069 DEBUG org.springframework.boot.StartupInfoLogger [restartedMain] Running with Spring Boot v2.3.1.RELEASE, Spring v5.2.7.RELEASE
2021-03-02 23:39:27,069 INFO org.springframework.boot.SpringApplication [restartedMain] No active profile set, falling back to default profiles: default
2021-03-02 23:39:27,856 INFO org.springframework.boot.StartupInfoLogger [restartedMain] Started DoeMaisApplication in 0.806 seconds (JVM running for 4031.638)
2021-03-02 23:45:55,742 INFO org.springframework.boot.StartupInfoLogger [restartedMain] Starting DoeMaisApplication on Jarvis with PID 2112 (C:\Users\leoka\Desktop\Doe+\GIT3\ifsp-projeto-integrado\Backend\Doe+\target\classes started by leoka in C:\Users\leoka\Desktop\Doe+\GIT3\ifsp-projeto-integrado\Backend\Doe+)
2021-03-02 23:45:55,743 DEBUG org.springframework.boot.StartupInfoLogger [restartedMain] Running with Spring Boot v2.3.1.RELEASE, Spring v5.2.7.RELEASE
2021-03-02 23:45:55,743 INFO org.springframework.boot.SpringApplication [restartedMain] No active profile set, falling back to default profiles: default
2021-03-02 23:45:56,575 INFO org.springframework.boot.StartupInfoLogger [restartedMain] Started DoeMaisApplication in 0.85 seconds (JVM running for 4420.357)
2021-03-02 23:46:14,598 INFO org.springframework.boot.StartupInfoLogger [restartedMain] Starting DoeMaisApplication on Jarvis with PID 2112 (C:\Users\leoka\Desktop\Doe+\GIT3\ifsp-projeto-integrado\Backend\Doe+\target\classes started by leoka in C:\Users\leoka\Desktop\Doe+\GIT3\ifsp-projeto-integrado\Backend\Doe+)
2021-03-02 23:46:14,598 DEBUG org.springframework.boot.StartupInfoLogger [restartedMain] Running with Spring Boot v2.3.1.RELEASE, Spring v5.2.7.RELEASE
2021-03-02 23:46:14,598 INFO org.springframework.boot.SpringApplication [restartedMain] No active profile set, falling back to default profiles: default
2021-03-02 23:46:15,421 INFO org.springframework.boot.StartupInfoLogger [restartedMain] Started DoeMaisApplication in 0.841 seconds (JVM running for 4439.204)
2021-03-02 23:47:14,667 INFO org.springframework.boot.StartupInfoLogger [restartedMain] Starting DoeMaisApplication on Jarvis with PID 2112 (C:\Users\leoka\Desktop\Doe+\GIT3\ifsp-projeto-integrado\Backend\Doe+\target\classes started by leoka in C:\Users\leoka\Desktop\Doe+\GIT3\ifsp-projeto-integrado\Backend\Doe+)
2021-03-02 23:47:14,667 DEBUG org.springframework.boot.StartupInfoLogger [restartedMain] Running with Spring Boot v2.3.1.RELEASE, Spring v5.2.7.RELEASE
2021-03-02 23:47:14,668 INFO org.springframework.boot.SpringApplication [restartedMain] No active profile set, falling back to default profiles: default
2021-03-02 23:48:33,573 INFO org.springframework.boot.StartupInfoLogger [restartedMain] Starting DoeMaisApplication on Jarvis with PID 2112 (C:\Users\leoka\Desktop\Doe+\GIT3\ifsp-projeto-integrado\Backend\Doe+\target\classes started by leoka in C:\Users\leoka\Desktop\Doe+\GIT3\ifsp-projeto-integrado\Backend\Doe+)
2021-03-02 23:48:33,573 DEBUG org.springframework.boot.StartupInfoLogger [restartedMain] Running with Spring Boot v2.3.1.RELEASE, Spring v5.2.7.RELEASE
2021-03-02 23:48:33,574 INFO org.springframework.boot.SpringApplication [restartedMain] No active profile set, falling back to default profiles: default
2021-03-02 23:55:18,949 INFO org.springframework.boot.StartupInfoLogger [restartedMain] Starting DoeMaisApplication on Jarvis with PID 2112 (C:\Users\leoka\Desktop\Doe+\GIT3\ifsp-projeto-integrado\Backend\Doe+\target\classes started by leoka in C:\Users\leoka\Desktop\Doe+\GIT3\ifsp-projeto-integrado\Backend\Doe+)
2021-03-02 23:55:18,949 DEBUG org.springframework.boot.StartupInfoLogger [restartedMain] Running with Spring Boot v2.3.1.RELEASE, Spring v5.2.7.RELEASE
2021-03-02 23:55:18,949 INFO org.springframework.boot.SpringApplication [restartedMain] No active profile set, falling back to default profiles: default
2021-03-02 23:55:19,951 INFO org.springframework.boot.StartupInfoLogger [restartedMain] Started DoeMaisApplication in 1.019 seconds (JVM running for 4983.733)
2021-03-02 23:57:46,281 INFO org.springframework.boot.StartupInfoLogger [restartedMain] Starting DoeMaisApplication on Jarvis with PID 2112 (C:\Users\leoka\Desktop\Doe+\GIT3\ifsp-projeto-integrado\Backend\Doe+\target\classes started by leoka in C:\Users\leoka\Desktop\Doe+\GIT3\ifsp-projeto-integrado\Backend\Doe+)
2021-03-02 23:57:46,282 DEBUG org.springframework.boot.StartupInfoLogger [restartedMain] Running with Spring Boot v2.3.1.RELEASE, Spring v5.2.7.RELEASE
2021-03-02 23:57:46,282 INFO org.springframework.boot.SpringApplication [restartedMain] No active profile set, falling back to default profiles: default
2021-03-02 23:57:47,424 INFO org.springframework.boot.StartupInfoLogger [restartedMain] Started DoeMaisApplication in 1.167 seconds (JVM running for 5131.206)
