2021-02-13 03:25:20,805 INFO org.springframework.boot.StartupInfoLogger [restartedMain] Starting DoeMaisApplication on DESKTOP-5LSHH6H with PID 13272 (C:\Users\Pichau\Documents\workspace-spring-tool-suite-4-4.9.0.RELEASE\Backend\Doe+\target\classes started by Pichau in C:\Users\Pichau\Documents\workspace-spring-tool-suite-4-4.9.0.RELEASE\Backend\Doe+)
2021-02-13 03:25:20,812 DEBUG org.springframework.boot.StartupInfoLogger [restartedMain] Running with Spring Boot v2.3.1.RELEASE, Spring v5.2.7.RELEASE
2021-02-13 03:25:20,815 INFO org.springframework.boot.SpringApplication [restartedMain] No active profile set, falling back to default profiles: default
2021-02-13 03:27:09,735 INFO org.springframework.boot.StartupInfoLogger [restartedMain] Starting DoeMaisApplication on DESKTOP-5LSHH6H with PID 15840 (C:\Users\Pichau\Documents\workspace-spring-tool-suite-4-4.9.0.RELEASE\Backend\Doe+\target\classes started by Pichau in C:\Users\Pichau\Documents\workspace-spring-tool-suite-4-4.9.0.RELEASE\Backend\Doe+)
2021-02-13 03:27:09,744 DEBUG org.springframework.boot.StartupInfoLogger [restartedMain] Running with Spring Boot v2.3.1.RELEASE, Spring v5.2.7.RELEASE
2021-02-13 03:27:09,744 INFO org.springframework.boot.SpringApplication [restartedMain] No active profile set, falling back to default profiles: default
2021-02-13 03:35:21,634 INFO org.springframework.boot.StartupInfoLogger [restartedMain] Starting DoeMaisApplication on DESKTOP-5LSHH6H with PID 15728 (C:\Users\Pichau\Documents\workspace-spring-tool-suite-4-4.9.0.RELEASE\Backend\Doe+\target\classes started by Pichau in C:\Users\Pichau\Documents\workspace-spring-tool-suite-4-4.9.0.RELEASE\Backend\Doe+)
2021-02-13 03:35:21,640 DEBUG org.springframework.boot.StartupInfoLogger [restartedMain] Running with Spring Boot v2.3.1.RELEASE, Spring v5.2.7.RELEASE
2021-02-13 03:35:21,640 INFO org.springframework.boot.SpringApplication [restartedMain] No active profile set, falling back to default profiles: default
2021-02-13 03:36:35,113 INFO org.springframework.boot.StartupInfoLogger [restartedMain] Starting DoeMaisApplication on DESKTOP-5LSHH6H with PID 14304 (C:\Users\Pichau\Documents\workspace-spring-tool-suite-4-4.9.0.RELEASE\Backend\Doe+\target\classes started by Pichau in C:\Users\Pichau\Documents\workspace-spring-tool-suite-4-4.9.0.RELEASE\Backend\Doe+)
2021-02-13 03:36:35,124 DEBUG org.springframework.boot.StartupInfoLogger [restartedMain] Running with Spring Boot v2.3.1.RELEASE, Spring v5.2.7.RELEASE
2021-02-13 03:36:35,124 INFO org.springframework.boot.SpringApplication [restartedMain] No active profile set, falling back to default profiles: default
2021-02-13 03:40:44,961 INFO org.springframework.boot.StartupInfoLogger [restartedMain] Starting DoeMaisApplication on DESKTOP-5LSHH6H with PID 14364 (C:\Users\Pichau\Documents\workspace-spring-tool-suite-4-4.9.0.RELEASE\Backend\Doe+\target\classes started by Pichau in C:\Users\Pichau\Documents\workspace-spring-tool-suite-4-4.9.0.RELEASE\Backend\Doe+)
2021-02-13 03:40:44,979 DEBUG org.springframework.boot.StartupInfoLogger [restartedMain] Running with Spring Boot v2.3.1.RELEASE, Spring v5.2.7.RELEASE
2021-02-13 03:40:44,984 INFO org.springframework.boot.SpringApplication [restartedMain] No active profile set, falling back to default profiles: default
2021-02-13 03:42:20,432 INFO org.springframework.boot.StartupInfoLogger [restartedMain] Starting DoeMaisApplication on DESKTOP-5LSHH6H with PID 11716 (C:\Users\Pichau\Documents\workspace-spring-tool-suite-4-4.9.0.RELEASE\Backend\Doe+\target\classes started by Pichau in C:\Users\Pichau\Documents\workspace-spring-tool-suite-4-4.9.0.RELEASE\Backend\Doe+)
2021-02-13 03:42:20,437 DEBUG org.springframework.boot.StartupInfoLogger [restartedMain] Running with Spring Boot v2.3.1.RELEASE, Spring v5.2.7.RELEASE
2021-02-13 03:42:20,438 INFO org.springframework.boot.SpringApplication [restartedMain] No active profile set, falling back to default profiles: default
2021-02-13 03:47:27,452 INFO org.springframework.boot.StartupInfoLogger [restartedMain] Starting DoeMaisApplication on DESKTOP-5LSHH6H with PID 11016 (C:\Users\Pichau\Documents\workspace-spring-tool-suite-4-4.9.0.RELEASE\Backend\Doe+\target\classes started by Pichau in C:\Users\Pichau\Documents\workspace-spring-tool-suite-4-4.9.0.RELEASE\Backend\Doe+)
2021-02-13 03:47:27,460 DEBUG org.springframework.boot.StartupInfoLogger [restartedMain] Running with Spring Boot v2.3.1.RELEASE, Spring v5.2.7.RELEASE
2021-02-13 03:47:27,462 INFO org.springframework.boot.SpringApplication [restartedMain] No active profile set, falling back to default profiles: default
2021-02-13 03:51:28,585 INFO org.springframework.boot.StartupInfoLogger [restartedMain] Starting DoeMaisApplication on DESKTOP-5LSHH6H with PID 13616 (C:\Users\Pichau\Documents\workspace-spring-tool-suite-4-4.9.0.RELEASE\Backend\Doe+\target\classes started by Pichau in C:\Users\Pichau\Documents\workspace-spring-tool-suite-4-4.9.0.RELEASE\Backend\Doe+)
2021-02-13 03:51:28,590 DEBUG org.springframework.boot.StartupInfoLogger [restartedMain] Running with Spring Boot v2.3.1.RELEASE, Spring v5.2.7.RELEASE
2021-02-13 03:51:28,592 INFO org.springframework.boot.SpringApplication [restartedMain] No active profile set, falling back to default profiles: default
2021-02-13 03:55:01,506 INFO org.springframework.boot.StartupInfoLogger [restartedMain] Starting DoeMaisApplication on DESKTOP-5LSHH6H with PID 10872 (C:\Users\Pichau\Documents\workspace-spring-tool-suite-4-4.9.0.RELEASE\Backend\Doe+\target\classes started by Pichau in C:\Users\Pichau\Documents\workspace-spring-tool-suite-4-4.9.0.RELEASE\Backend\Doe+)
2021-02-13 03:55:01,511 DEBUG org.springframework.boot.StartupInfoLogger [restartedMain] Running with Spring Boot v2.3.1.RELEASE, Spring v5.2.7.RELEASE
2021-02-13 03:55:01,514 INFO org.springframework.boot.SpringApplication [restartedMain] No active profile set, falling back to default profiles: default
2021-02-13 03:56:01,166 INFO org.springframework.boot.StartupInfoLogger [restartedMain] Started DoeMaisApplication in 60.941 seconds (JVM running for 62.941)
2021-02-13 03:57:25,595 INFO org.springframework.boot.StartupInfoLogger [restartedMain] Starting DoeMaisApplication on DESKTOP-5LSHH6H with PID 10872 (C:\Users\Pichau\Documents\workspace-spring-tool-suite-4-4.9.0.RELEASE\Backend\Doe+\target\classes started by Pichau in C:\Users\Pichau\Documents\workspace-spring-tool-suite-4-4.9.0.RELEASE\Backend\Doe+)
2021-02-13 03:57:25,596 DEBUG org.springframework.boot.StartupInfoLogger [restartedMain] Running with Spring Boot v2.3.1.RELEASE, Spring v5.2.7.RELEASE
2021-02-13 03:57:25,596 INFO org.springframework.boot.SpringApplication [restartedMain] No active profile set, falling back to default profiles: default
2021-02-13 03:57:37,179 INFO org.springframework.boot.StartupInfoLogger [restartedMain] Starting DoeMaisApplication on DESKTOP-5LSHH6H with PID 2864 (C:\Users\Pichau\Documents\workspace-spring-tool-suite-4-4.9.0.RELEASE\Backend\Doe+\target\classes started by Pichau in C:\Users\Pichau\Documents\workspace-spring-tool-suite-4-4.9.0.RELEASE\Backend\Doe+)
2021-02-13 03:57:37,229 DEBUG org.springframework.boot.StartupInfoLogger [restartedMain] Running with Spring Boot v2.3.1.RELEASE, Spring v5.2.7.RELEASE
2021-02-13 03:57:37,232 INFO org.springframework.boot.SpringApplication [restartedMain] No active profile set, falling back to default profiles: default
2021-02-13 03:57:56,540 INFO org.springframework.boot.StartupInfoLogger [restartedMain] Started DoeMaisApplication in 31.181 seconds (JVM running for 178.316)
2021-02-13 03:58:27,927 INFO org.springframework.boot.StartupInfoLogger [restartedMain] Starting DoeMaisApplication on DESKTOP-5LSHH6H with PID 10872 (C:\Users\Pichau\Documents\workspace-spring-tool-suite-4-4.9.0.RELEASE\Backend\Doe+\target\classes started by Pichau in C:\Users\Pichau\Documents\workspace-spring-tool-suite-4-4.9.0.RELEASE\Backend\Doe+)
2021-02-13 03:58:27,928 DEBUG org.springframework.boot.StartupInfoLogger [restartedMain] Running with Spring Boot v2.3.1.RELEASE, Spring v5.2.7.RELEASE
2021-02-13 03:58:27,928 INFO org.springframework.boot.SpringApplication [restartedMain] No active profile set, falling back to default profiles: default
2021-02-13 03:58:51,442 INFO org.springframework.boot.StartupInfoLogger [restartedMain] Starting DoeMaisApplication on DESKTOP-5LSHH6H with PID 13848 (C:\Users\Pichau\Documents\workspace-spring-tool-suite-4-4.9.0.RELEASE\Backend\Doe+\target\classes started by Pichau in C:\Users\Pichau\Documents\workspace-spring-tool-suite-4-4.9.0.RELEASE\Backend\Doe+)
2021-02-13 03:58:51,447 DEBUG org.springframework.boot.StartupInfoLogger [restartedMain] Running with Spring Boot v2.3.1.RELEASE, Spring v5.2.7.RELEASE
2021-02-13 03:58:51,460 INFO org.springframework.boot.SpringApplication [restartedMain] No active profile set, falling back to default profiles: default
2021-02-13 03:59:11,190 INFO org.springframework.boot.StartupInfoLogger [restartedMain] Started DoeMaisApplication in 43.312 seconds (JVM running for 252.966)
2021-02-13 04:00:00,541 INFO org.springframework.boot.StartupInfoLogger [restartedMain] Starting DoeMaisApplication on DESKTOP-5LSHH6H with PID 2124 (C:\Users\Pichau\Documents\workspace-spring-tool-suite-4-4.9.0.RELEASE\Backend\Doe+\target\classes started by Pichau in C:\Users\Pichau\Documents\workspace-spring-tool-suite-4-4.9.0.RELEASE\Backend\Doe+)
2021-02-13 04:00:00,545 DEBUG org.springframework.boot.StartupInfoLogger [restartedMain] Running with Spring Boot v2.3.1.RELEASE, Spring v5.2.7.RELEASE
2021-02-13 04:00:00,546 INFO org.springframework.boot.SpringApplication [restartedMain] No active profile set, falling back to default profiles: default
2021-02-13 04:01:45,006 INFO org.springframework.boot.StartupInfoLogger [restartedMain] Starting DoeMaisApplication on DESKTOP-5LSHH6H with PID 15088 (C:\Users\Pichau\Documents\workspace-spring-tool-suite-4-4.9.0.RELEASE\Backend\Doe+\target\classes started by Pichau in C:\Users\Pichau\Documents\workspace-spring-tool-suite-4-4.9.0.RELEASE\Backend\Doe+)
2021-02-13 04:01:45,011 DEBUG org.springframework.boot.StartupInfoLogger [restartedMain] Running with Spring Boot v2.3.1.RELEASE, Spring v5.2.7.RELEASE
2021-02-13 04:01:45,013 INFO org.springframework.boot.SpringApplication [restartedMain] No active profile set, falling back to default profiles: default
2021-02-13 04:02:49,733 INFO org.springframework.boot.StartupInfoLogger [restartedMain] Started DoeMaisApplication in 65.327 seconds (JVM running for 67.53)
2021-02-13 04:06:28,814 INFO org.springframework.boot.StartupInfoLogger [restartedMain] Starting DoeMaisApplication on DESKTOP-5LSHH6H with PID 15088 (C:\Users\Pichau\Documents\workspace-spring-tool-suite-4-4.9.0.RELEASE\Backend\Doe+\target\classes started by Pichau in C:\Users\Pichau\Documents\workspace-spring-tool-suite-4-4.9.0.RELEASE\Backend\Doe+)
2021-02-13 04:06:28,814 DEBUG org.springframework.boot.StartupInfoLogger [restartedMain] Running with Spring Boot v2.3.1.RELEASE, Spring v5.2.7.RELEASE
2021-02-13 04:06:28,814 INFO org.springframework.boot.SpringApplication [restartedMain] No active profile set, falling back to default profiles: default
2021-02-13 04:06:31,029 INFO org.springframework.boot.StartupInfoLogger [restartedMain] Started DoeMaisApplication in 2.288 seconds (JVM running for 288.826)
2021-02-13 04:08:21,126 INFO org.springframework.boot.StartupInfoLogger [restartedMain] Starting DoeMaisApplication on DESKTOP-5LSHH6H with PID 15088 (C:\Users\Pichau\Documents\workspace-spring-tool-suite-4-4.9.0.RELEASE\Backend\Doe+\target\classes started by Pichau in C:\Users\Pichau\Documents\workspace-spring-tool-suite-4-4.9.0.RELEASE\Backend\Doe+)
2021-02-13 04:08:21,126 DEBUG org.springframework.boot.StartupInfoLogger [restartedMain] Running with Spring Boot v2.3.1.RELEASE, Spring v5.2.7.RELEASE
2021-02-13 04:08:21,126 INFO org.springframework.boot.SpringApplication [restartedMain] No active profile set, falling back to default profiles: default
2021-02-13 04:08:23,251 INFO org.springframework.boot.StartupInfoLogger [restartedMain] Started DoeMaisApplication in 2.167 seconds (JVM running for 401.047)
2021-02-13 19:29:21,988 INFO org.springframework.boot.StartupInfoLogger [restartedMain] Starting DoeMaisApplication on DESKTOP-5LSHH6H with PID 12996 (C:\Users\Pichau\Documents\workspace-spring-tool-suite-4-4.9.0.RELEASE\Backend\Doe+\target\classes started by Pichau in C:\Users\Pichau\Documents\workspace-spring-tool-suite-4-4.9.0.RELEASE\Backend\Doe+)
2021-02-13 19:29:22,031 DEBUG org.springframework.boot.StartupInfoLogger [restartedMain] Running with Spring Boot v2.3.1.RELEASE, Spring v5.2.7.RELEASE
2021-02-13 19:29:22,032 INFO org.springframework.boot.SpringApplication [restartedMain] No active profile set, falling back to default profiles: default
2021-02-13 19:31:25,786 INFO org.springframework.boot.StartupInfoLogger [restartedMain] Started DoeMaisApplication in 124.954 seconds (JVM running for 127.338)
2021-02-13 19:40:04,849 INFO org.springframework.boot.StartupInfoLogger [restartedMain] Starting DoeMaisApplication on DESKTOP-5LSHH6H with PID 12996 (C:\Users\Pichau\Documents\workspace-spring-tool-suite-4-4.9.0.RELEASE\Backend\Doe+\target\classes started by Pichau in C:\Users\Pichau\Documents\workspace-spring-tool-suite-4-4.9.0.RELEASE\Backend\Doe+)
2021-02-13 19:40:04,849 DEBUG org.springframework.boot.StartupInfoLogger [restartedMain] Running with Spring Boot v2.3.1.RELEASE, Spring v5.2.7.RELEASE
2021-02-13 19:40:04,850 INFO org.springframework.boot.SpringApplication [restartedMain] No active profile set, falling back to default profiles: default
2021-02-13 19:40:09,018 INFO org.springframework.boot.StartupInfoLogger [restartedMain] Started DoeMaisApplication in 4.269 seconds (JVM running for 650.57)
2021-02-13 20:01:11,684 INFO org.springframework.boot.StartupInfoLogger [main] Starting UsuarioAuditoriaTest on DESKTOP-5LSHH6H with PID 11584 (started by Pichau in C:\Users\Pichau\Documents\workspace-spring-tool-suite-4-4.9.0.RELEASE\Backend\Doe+)
2021-02-13 20:01:11,686 DEBUG org.springframework.boot.StartupInfoLogger [main] Running with Spring Boot v2.3.1.RELEASE, Spring v5.2.7.RELEASE
2021-02-13 20:01:11,686 INFO org.springframework.boot.SpringApplication [main] No active profile set, falling back to default profiles: default
2021-02-13 20:01:37,422 INFO org.springframework.boot.StartupInfoLogger [main] Started UsuarioAuditoriaTest in 26.653 seconds (JVM running for 32.667)
2021-02-13 20:10:43,358 INFO org.springframework.boot.StartupInfoLogger [main] Starting UsuarioAuditoriaTest on DESKTOP-5LSHH6H with PID 10160 (started by Pichau in C:\Users\Pichau\Documents\workspace-spring-tool-suite-4-4.9.0.RELEASE\Backend\Doe+)
2021-02-13 20:10:43,360 DEBUG org.springframework.boot.StartupInfoLogger [main] Running with Spring Boot v2.3.1.RELEASE, Spring v5.2.7.RELEASE
2021-02-13 20:10:43,362 INFO org.springframework.boot.SpringApplication [main] No active profile set, falling back to default profiles: default
2021-02-13 20:11:09,176 INFO org.springframework.boot.StartupInfoLogger [main] Started UsuarioAuditoriaTest in 26.568 seconds (JVM running for 30.19)
2021-02-19 23:00:47,827 INFO org.springframework.boot.StartupInfoLogger [restartedMain] Starting DoeMaisApplication on Jarvis with PID 3444 (C:\Users\leoka\Desktop\Doe+\GIT2\ifsp-projeto-integrado\Backend\Doe+\target\classes started by leoka in C:\Users\leoka\Desktop\Doe+\GIT2\ifsp-projeto-integrado\Backend\Doe+)
2021-02-19 23:00:47,829 DEBUG org.springframework.boot.StartupInfoLogger [restartedMain] Running with Spring Boot v2.3.1.RELEASE, Spring v5.2.7.RELEASE
2021-02-19 23:00:47,829 INFO org.springframework.boot.SpringApplication [restartedMain] No active profile set, falling back to default profiles: default
2021-02-19 23:00:53,839 INFO org.springframework.boot.StartupInfoLogger [restartedMain] Started DoeMaisApplication in 6.233 seconds (JVM running for 6.657)
2021-02-19 23:09:15,356 INFO org.springframework.boot.StartupInfoLogger [restartedMain] Starting DoeMaisApplication on Jarvis with PID 3444 (C:\Users\leoka\Desktop\Doe+\GIT2\ifsp-projeto-integrado\Backend\Doe+\target\classes started by leoka in C:\Users\leoka\Desktop\Doe+\GIT2\ifsp-projeto-integrado\Backend\Doe+)
2021-02-19 23:09:15,356 DEBUG org.springframework.boot.StartupInfoLogger [restartedMain] Running with Spring Boot v2.3.1.RELEASE, Spring v5.2.7.RELEASE
2021-02-19 23:09:15,356 INFO org.springframework.boot.SpringApplication [restartedMain] No active profile set, falling back to default profiles: default
2021-02-19 23:09:18,803 INFO org.springframework.boot.StartupInfoLogger [restartedMain] Started DoeMaisApplication in 3.475 seconds (JVM running for 511.622)
2021-02-19 23:12:48,122 INFO org.springframework.boot.StartupInfoLogger [restartedMain] Starting DoeMaisApplication on Jarvis with PID 3444 (C:\Users\leoka\Desktop\Doe+\GIT2\ifsp-projeto-integrado\Backend\Doe+\target\classes started by leoka in C:\Users\leoka\Desktop\Doe+\GIT2\ifsp-projeto-integrado\Backend\Doe+)
2021-02-19 23:12:48,122 DEBUG org.springframework.boot.StartupInfoLogger [restartedMain] Running with Spring Boot v2.3.1.RELEASE, Spring v5.2.7.RELEASE
2021-02-19 23:12:48,123 INFO org.springframework.boot.SpringApplication [restartedMain] No active profile set, falling back to default profiles: default
2021-02-19 23:12:51,249 INFO org.springframework.boot.StartupInfoLogger [restartedMain] Started DoeMaisApplication in 3.149 seconds (JVM running for 724.067)
2021-02-19 23:13:09,908 INFO org.springframework.boot.StartupInfoLogger [restartedMain] Starting DoeMaisApplication on Jarvis with PID 3444 (C:\Users\leoka\Desktop\Doe+\GIT2\ifsp-projeto-integrado\Backend\Doe+\target\classes started by leoka in C:\Users\leoka\Desktop\Doe+\GIT2\ifsp-projeto-integrado\Backend\Doe+)
2021-02-19 23:13:09,908 DEBUG org.springframework.boot.StartupInfoLogger [restartedMain] Running with Spring Boot v2.3.1.RELEASE, Spring v5.2.7.RELEASE
2021-02-19 23:13:09,908 INFO org.springframework.boot.SpringApplication [restartedMain] No active profile set, falling back to default profiles: default
2021-02-19 23:13:12,813 INFO org.springframework.boot.StartupInfoLogger [restartedMain] Started DoeMaisApplication in 2.927 seconds (JVM running for 745.631)
2021-02-19 23:14:32,097 INFO org.springframework.boot.StartupInfoLogger [restartedMain] Starting DoeMaisApplication on Jarvis with PID 3444 (C:\Users\leoka\Desktop\Doe+\GIT2\ifsp-projeto-integrado\Backend\Doe+\target\classes started by leoka in C:\Users\leoka\Desktop\Doe+\GIT2\ifsp-projeto-integrado\Backend\Doe+)
2021-02-19 23:14:32,097 DEBUG org.springframework.boot.StartupInfoLogger [restartedMain] Running with Spring Boot v2.3.1.RELEASE, Spring v5.2.7.RELEASE
2021-02-19 23:14:32,097 INFO org.springframework.boot.SpringApplication [restartedMain] No active profile set, falling back to default profiles: default
2021-02-19 23:14:35,014 INFO org.springframework.boot.StartupInfoLogger [restartedMain] Started DoeMaisApplication in 2.942 seconds (JVM running for 827.833)
2021-02-19 23:17:45,184 INFO org.springframework.boot.StartupInfoLogger [restartedMain] Starting DoeMaisApplication on Jarvis with PID 3444 (C:\Users\leoka\Desktop\Doe+\GIT2\ifsp-projeto-integrado\Backend\Doe+\target\classes started by leoka in C:\Users\leoka\Desktop\Doe+\GIT2\ifsp-projeto-integrado\Backend\Doe+)
2021-02-19 23:17:45,184 DEBUG org.springframework.boot.StartupInfoLogger [restartedMain] Running with Spring Boot v2.3.1.RELEASE, Spring v5.2.7.RELEASE
2021-02-19 23:17:45,184 INFO org.springframework.boot.SpringApplication [restartedMain] No active profile set, falling back to default profiles: default
2021-02-19 23:17:48,259 INFO org.springframework.boot.StartupInfoLogger [restartedMain] Started DoeMaisApplication in 3.096 seconds (JVM running for 1021.077)
2021-02-19 23:18:06,995 INFO org.springframework.boot.StartupInfoLogger [restartedMain] Starting DoeMaisApplication on Jarvis with PID 3444 (C:\Users\leoka\Desktop\Doe+\GIT2\ifsp-projeto-integrado\Backend\Doe+\target\classes started by leoka in C:\Users\leoka\Desktop\Doe+\GIT2\ifsp-projeto-integrado\Backend\Doe+)
2021-02-19 23:18:06,995 DEBUG org.springframework.boot.StartupInfoLogger [restartedMain] Running with Spring Boot v2.3.1.RELEASE, Spring v5.2.7.RELEASE
2021-02-19 23:18:06,995 INFO org.springframework.boot.SpringApplication [restartedMain] No active profile set, falling back to default profiles: default
2021-02-19 23:18:14,780 INFO org.springframework.boot.StartupInfoLogger [restartedMain] Started DoeMaisApplication in 7.805 seconds (JVM running for 1047.597)
2021-02-19 23:18:33,500 INFO org.springframework.boot.StartupInfoLogger [restartedMain] Starting DoeMaisApplication on Jarvis with PID 3444 (C:\Users\leoka\Desktop\Doe+\GIT2\ifsp-projeto-integrado\Backend\Doe+\target\classes started by leoka in C:\Users\leoka\Desktop\Doe+\GIT2\ifsp-projeto-integrado\Backend\Doe+)
2021-02-19 23:18:33,500 DEBUG org.springframework.boot.StartupInfoLogger [restartedMain] Running with Spring Boot v2.3.1.RELEASE, Spring v5.2.7.RELEASE
2021-02-19 23:18:33,500 INFO org.springframework.boot.SpringApplication [restartedMain] No active profile set, falling back to default profiles: default
2021-02-19 23:18:36,310 INFO org.springframework.boot.StartupInfoLogger [restartedMain] Started DoeMaisApplication in 2.829 seconds (JVM running for 1069.128)
2021-02-19 23:18:44,980 INFO org.springframework.boot.StartupInfoLogger [restartedMain] Starting DoeMaisApplication on Jarvis with PID 3444 (C:\Users\leoka\Desktop\Doe+\GIT2\ifsp-projeto-integrado\Backend\Doe+\target\classes started by leoka in C:\Users\leoka\Desktop\Doe+\GIT2\ifsp-projeto-integrado\Backend\Doe+)
2021-02-19 23:18:44,981 DEBUG org.springframework.boot.StartupInfoLogger [restartedMain] Running with Spring Boot v2.3.1.RELEASE, Spring v5.2.7.RELEASE
2021-02-19 23:18:44,981 INFO org.springframework.boot.SpringApplication [restartedMain] No active profile set, falling back to default profiles: default
2021-02-19 23:18:47,910 INFO org.springframework.boot.StartupInfoLogger [restartedMain] Started DoeMaisApplication in 2.948 seconds (JVM running for 1080.728)
2021-02-19 23:19:06,618 INFO org.springframework.boot.StartupInfoLogger [restartedMain] Starting DoeMaisApplication on Jarvis with PID 3444 (C:\Users\leoka\Desktop\Doe+\GIT2\ifsp-projeto-integrado\Backend\Doe+\target\classes started by leoka in C:\Users\leoka\Desktop\Doe+\GIT2\ifsp-projeto-integrado\Backend\Doe+)
2021-02-19 23:19:06,619 DEBUG org.springframework.boot.StartupInfoLogger [restartedMain] Running with Spring Boot v2.3.1.RELEASE, Spring v5.2.7.RELEASE
2021-02-19 23:19:06,619 INFO org.springframework.boot.SpringApplication [restartedMain] No active profile set, falling back to default profiles: default
2021-02-19 23:19:07,474 INFO org.springframework.boot.StartupInfoLogger [restartedMain] Started DoeMaisApplication in 0.874 seconds (JVM running for 1100.292)
2021-02-19 23:22:23,807 INFO org.springframework.boot.StartupInfoLogger [restartedMain] Starting DoeMaisApplication on Jarvis with PID 3444 (C:\Users\leoka\Desktop\Doe+\GIT2\ifsp-projeto-integrado\Backend\Doe+\target\classes started by leoka in C:\Users\leoka\Desktop\Doe+\GIT2\ifsp-projeto-integrado\Backend\Doe+)
2021-02-19 23:22:23,807 DEBUG org.springframework.boot.StartupInfoLogger [restartedMain] Running with Spring Boot v2.3.1.RELEASE, Spring v5.2.7.RELEASE
2021-02-19 23:22:23,807 INFO org.springframework.boot.SpringApplication [restartedMain] No active profile set, falling back to default profiles: default
2021-02-19 23:22:24,609 INFO org.springframework.boot.StartupInfoLogger [restartedMain] Started DoeMaisApplication in 0.82 seconds (JVM running for 1297.427)
2021-02-19 23:23:01,484 INFO org.springframework.boot.StartupInfoLogger [restartedMain] Starting DoeMaisApplication on Jarvis with PID 3444 (C:\Users\leoka\Desktop\Doe+\GIT2\ifsp-projeto-integrado\Backend\Doe+\target\classes started by leoka in C:\Users\leoka\Desktop\Doe+\GIT2\ifsp-projeto-integrado\Backend\Doe+)
2021-02-19 23:23:01,484 DEBUG org.springframework.boot.StartupInfoLogger [restartedMain] Running with Spring Boot v2.3.1.RELEASE, Spring v5.2.7.RELEASE
2021-02-19 23:23:01,484 INFO org.springframework.boot.SpringApplication [restartedMain] No active profile set, falling back to default profiles: default
2021-02-19 23:23:02,276 INFO org.springframework.boot.StartupInfoLogger [restartedMain] Started DoeMaisApplication in 0.811 seconds (JVM running for 1335.094)
2021-02-19 23:39:29,589 INFO org.springframework.boot.StartupInfoLogger [restartedMain] Starting DoeMaisApplication on Jarvis with PID 3444 (C:\Users\leoka\Desktop\Doe+\GIT2\ifsp-projeto-integrado\Backend\Doe+\target\classes started by leoka in C:\Users\leoka\Desktop\Doe+\GIT2\ifsp-projeto-integrado\Backend\Doe+)
2021-02-19 23:39:29,589 DEBUG org.springframework.boot.StartupInfoLogger [restartedMain] Running with Spring Boot v2.3.1.RELEASE, Spring v5.2.7.RELEASE
2021-02-19 23:39:29,590 INFO org.springframework.boot.SpringApplication [restartedMain] No active profile set, falling back to default profiles: default
2021-02-19 23:39:30,394 INFO org.springframework.boot.StartupInfoLogger [restartedMain] Started DoeMaisApplication in 0.824 seconds (JVM running for 2323.212)
2021-02-19 23:39:44,093 INFO org.springframework.boot.StartupInfoLogger [restartedMain] Starting DoeMaisApplication on Jarvis with PID 3444 (C:\Users\leoka\Desktop\Doe+\GIT2\ifsp-projeto-integrado\Backend\Doe+\target\classes started by leoka in C:\Users\leoka\Desktop\Doe+\GIT2\ifsp-projeto-integrado\Backend\Doe+)
2021-02-19 23:39:44,093 DEBUG org.springframework.boot.StartupInfoLogger [restartedMain] Running with Spring Boot v2.3.1.RELEASE, Spring v5.2.7.RELEASE
2021-02-19 23:39:44,093 INFO org.springframework.boot.SpringApplication [restartedMain] No active profile set, falling back to default profiles: default
